D:\MAHESH MAHAJAN\ASSIGNMENTS\C++\SIZEOFOBJECT\DEBUG\SIZEOFOBJECT.EXE
D:\MAHESH MAHAJAN\ASSIGNMENTS\C++\SIZEOFOBJECT\DEBUG\SIZEOFOBJECT.ILK
D:\MAHESH MAHAJAN\ASSIGNMENTS\C++\SIZEOFOBJECT\DEBUG\SIZEOFOBJECT.PDB
D:\Mahesh Mahajan\Assignments\C++\SizeOfObject\SizeOfObject\Debug\cl.command.1.tlog
D:\Mahesh Mahajan\Assignments\C++\SizeOfObject\SizeOfObject\Debug\CL.read.1.tlog
D:\Mahesh Mahajan\Assignments\C++\SizeOfObject\SizeOfObject\Debug\CL.write.1.tlog
D:\Mahesh Mahajan\Assignments\C++\SizeOfObject\SizeOfObject\Debug\link.5024.read.1.tlog
D:\Mahesh Mahajan\Assignments\C++\SizeOfObject\SizeOfObject\Debug\link.5024.write.1.tlog
D:\Mahesh Mahajan\Assignments\C++\SizeOfObject\SizeOfObject\Debug\link.5024-cvtres.read.1.tlog
D:\Mahesh Mahajan\Assignments\C++\SizeOfObject\SizeOfObject\Debug\link.5024-cvtres.write.1.tlog
D:\Mahesh Mahajan\Assignments\C++\SizeOfObject\SizeOfObject\Debug\link.command.1.tlog
D:\Mahesh Mahajan\Assignments\C++\SizeOfObject\SizeOfObject\Debug\link.read.1.tlog
D:\Mahesh Mahajan\Assignments\C++\SizeOfObject\SizeOfObject\Debug\link.write.1.tlog
D:\Mahesh Mahajan\Assignments\C++\SizeOfObject\SizeOfObject\Debug\link-cvtres.read.1.tlog
D:\Mahesh Mahajan\Assignments\C++\SizeOfObject\SizeOfObject\Debug\link-cvtres.write.1.tlog
D:\Mahesh Mahajan\Assignments\C++\SizeOfObject\SizeOfObject\Debug\mt.command.1.tlog
D:\Mahesh Mahajan\Assignments\C++\SizeOfObject\SizeOfObject\Debug\mt.read.1.tlog
D:\Mahesh Mahajan\Assignments\C++\SizeOfObject\SizeOfObject\Debug\mt.write.1.tlog
D:\Mahesh Mahajan\Assignments\C++\SizeOfObject\SizeOfObject\Debug\rc.command.1.tlog
D:\Mahesh Mahajan\Assignments\C++\SizeOfObject\SizeOfObject\Debug\rc.read.1.tlog
D:\Mahesh Mahajan\Assignments\C++\SizeOfObject\SizeOfObject\Debug\rc.write.1.tlog
D:\MAHESH MAHAJAN\ASSIGNMENTS\C++\SIZEOFOBJECT\SIZEOFOBJECT\DEBUG\SIZEOFOBJECT.EXE.EMBED.MANIFEST
D:\MAHESH MAHAJAN\ASSIGNMENTS\C++\SIZEOFOBJECT\SIZEOFOBJECT\DEBUG\SIZEOFOBJECT.EXE.EMBED.MANIFEST.RES
D:\MAHESH MAHAJAN\ASSIGNMENTS\C++\SIZEOFOBJECT\SIZEOFOBJECT\DEBUG\SIZEOFOBJECT.EXE.INTERMEDIATE.MANIFEST
D:\MAHESH MAHAJAN\ASSIGNMENTS\C++\SIZEOFOBJECT\SIZEOFOBJECT\DEBUG\SIZEOFOBJECT.OBJ
D:\MAHESH MAHAJAN\ASSIGNMENTS\C++\SIZEOFOBJECT\SIZEOFOBJECT\DEBUG\SIZEOFOBJECT.PCH
D:\Mahesh Mahajan\Assignments\C++\SizeOfObject\SizeOfObject\Debug\SizeOfObject_manifest.rc
D:\MAHESH MAHAJAN\ASSIGNMENTS\C++\SIZEOFOBJECT\SIZEOFOBJECT\DEBUG\STDAFX.OBJ
D:\Mahesh Mahajan\Assignments\C++\SizeOfObject\SizeOfObject\Debug\vc100.idb
D:\MAHESH MAHAJAN\ASSIGNMENTS\C++\SIZEOFOBJECT\SIZEOFOBJECT\DEBUG\VC100.PDB
