Build started 01/28/2015 12:51:52.
     1>Project "D:\Mahesh Mahajan\Assignments\C++\SizeOfObject\SizeOfObject\SizeOfObject.vcxproj" on node 2 (build target(s)).
     1>InitializeBuildStatus:
         Creating "Debug\SizeOfObject.unsuccessfulbuild" because "AlwaysCreate" was specified.
       ClCompile:
         c:\Program Files (x86)\Microsoft Visual Studio 10.0\VC\bin\CL.exe /c /ZI /nologo /W3 /WX- /Od /Oy- /D WIN32 /D _DEBUG /D _CONSOLE /D _UNICODE /D UNICODE /Gm /EHsc /RTC1 /MDd /GS /fp:precise /Zc:wchar_t /Zc:forScope /Yc"StdAfx.h" /Fp"Debug\SizeOfObject.pch" /Fo"Debug\\" /Fd"Debug\vc100.pdb" /Gd /TP /analyze- /errorReport:prompt stdafx.cpp
         stdafx.cpp
         c:\Program Files (x86)\Microsoft Visual Studio 10.0\VC\bin\CL.exe /c /ZI /nologo /W3 /WX- /Od /Oy- /D WIN32 /D _DEBUG /D _CONSOLE /D _UNICODE /D UNICODE /Gm /EHsc /RTC1 /MDd /GS /fp:precise /Zc:wchar_t /Zc:forScope /Yu"StdAfx.h" /Fp"Debug\SizeOfObject.pch" /Fo"Debug\\" /Fd"Debug\vc100.pdb" /Gd /TP /analyze- /errorReport:prompt SizeOfObject.cpp
         SizeOfObject.cpp
     1>d:\mahesh mahajan\assignments\c++\sizeofobject\sizeofobject\sizeofobject.cpp(25): warning C4101: 's1' : unreferenced local variable
       ManifestResourceCompile:
         C:\Program Files (x86)\Microsoft SDKs\Windows\v7.0A\bin\rc.exe /nologo /fo"Debug\SizeOfObject.exe.embed.manifest.res" Debug\SizeOfObject_manifest.rc 
       Link:
         c:\Program Files (x86)\Microsoft Visual Studio 10.0\VC\bin\link.exe /ERRORREPORT:PROMPT /OUT:"D:\Mahesh Mahajan\Assignments\C++\SizeOfObject\Debug\SizeOfObject.exe" /INCREMENTAL /NOLOGO kernel32.lib user32.lib gdi32.lib winspool.lib comdlg32.lib advapi32.lib shell32.lib ole32.lib oleaut32.lib uuid.lib odbc32.lib odbccp32.lib /MANIFEST /ManifestFile:"Debug\SizeOfObject.exe.intermediate.manifest" /MANIFESTUAC:"level='asInvoker' uiAccess='false'" /DEBUG /PDB:"D:\Mahesh Mahajan\Assignments\C++\SizeOfObject\Debug\SizeOfObject.pdb" /SUBSYSTEM:CONSOLE /TLBID:1 /DYNAMICBASE /NXCOMPAT /IMPLIB:"D:\Mahesh Mahajan\Assignments\C++\SizeOfObject\Debug\SizeOfObject.lib" /MACHINE:X86 Debug\SizeOfObject.exe.embed.manifest.res
         Debug\SizeOfObject.obj
         Debug\stdafx.obj
       Manifest:
         C:\Program Files (x86)\Microsoft SDKs\Windows\v7.0A\bin\mt.exe /nologo /verbose /out:"Debug\SizeOfObject.exe.embed.manifest" /manifest Debug\SizeOfObject.exe.intermediate.manifest
         C:\Program Files (x86)\Microsoft SDKs\Windows\v7.0A\bin\rc.exe /nologo /fo"Debug\SizeOfObject.exe.embed.manifest.res" Debug\SizeOfObject_manifest.rc 
       LinkEmbedManifest:
         c:\Program Files (x86)\Microsoft Visual Studio 10.0\VC\bin\link.exe /ERRORREPORT:PROMPT /OUT:"D:\Mahesh Mahajan\Assignments\C++\SizeOfObject\Debug\SizeOfObject.exe" /INCREMENTAL /NOLOGO kernel32.lib user32.lib gdi32.lib winspool.lib comdlg32.lib advapi32.lib shell32.lib ole32.lib oleaut32.lib uuid.lib odbc32.lib odbccp32.lib /MANIFEST /ManifestFile:"Debug\SizeOfObject.exe.intermediate.manifest" /MANIFESTUAC:"level='asInvoker' uiAccess='false'" /DEBUG /PDB:"D:\Mahesh Mahajan\Assignments\C++\SizeOfObject\Debug\SizeOfObject.pdb" /SUBSYSTEM:CONSOLE /TLBID:1 /DYNAMICBASE /NXCOMPAT /IMPLIB:"D:\Mahesh Mahajan\Assignments\C++\SizeOfObject\Debug\SizeOfObject.lib" /MACHINE:X86 Debug\SizeOfObject.exe.embed.manifest.res
         Debug\SizeOfObject.obj
         Debug\stdafx.obj
         SizeOfObject.vcxproj -> D:\Mahesh Mahajan\Assignments\C++\SizeOfObject\Debug\SizeOfObject.exe
       FinalizeBuildStatus:
         Deleting file "Debug\SizeOfObject.unsuccessfulbuild".
         Touching "Debug\SizeOfObject.lastbuildstate".
     1>Done Building Project "D:\Mahesh Mahajan\Assignments\C++\SizeOfObject\SizeOfObject\SizeOfObject.vcxproj" (build target(s)).

Build succeeded.

Time Elapsed 00:00:01.23
