Build started 04/24/2015 15:54:59.
     1>Project "D:\Mahesh Mahajan\Assignments\C++\ServiceStartupType\ServiceStartupType\ServiceStartupType.vcxproj" on node 2 (Build target(s)).
     1>ClCompile:
         c:\Program Files (x86)\Microsoft Visual Studio 10.0\VC\bin\CL.exe /c /ZI /nologo /W3 /WX- /Od /Oy- /D WIN32 /D _DEBUG /D _WINDOWS /D _MBCS /Gm /EHsc /RTC1 /MDd /GS /fp:precise /Zc:wchar_t /Zc:forScope /Yc"StdAfx.h" /Fp"Debug\ServiceStartupType.pch" /Fo"Debug\\" /Fd"Debug\vc100.pdb" /Gd /TP /analyze- /errorReport:prompt stdafx.cpp
         stdafx.cpp
         c:\Program Files (x86)\Microsoft Visual Studio 10.0\VC\bin\CL.exe /c /ZI /nologo /W3 /WX- /Od /Oy- /D WIN32 /D _DEBUG /D _WINDOWS /D _MBCS /Gm /EHsc /RTC1 /MDd /GS /fp:precise /Zc:wchar_t /Zc:forScope /Yu"StdAfx.h" /Fp"Debug\ServiceStartupType.pch" /Fo"Debug\\" /Fd"Debug\vc100.pdb" /Gd /TP /analyze- /errorReport:prompt ServiceStartupType.cpp
         ServiceStartupType.cpp
       ResourceCompile:
         C:\Program Files (x86)\Microsoft SDKs\Windows\v7.0A\bin\rc.exe /l"0x0409" /nologo /fo"Debug\ServiceStartupType.res" ServiceStartupType.rc 
       ManifestResourceCompile:
         C:\Program Files (x86)\Microsoft SDKs\Windows\v7.0A\bin\rc.exe /nologo /fo"Debug\ServiceStartupType.exe.embed.manifest.res" Debug\ServiceStartupType_manifest.rc 
       Link:
         c:\Program Files (x86)\Microsoft Visual Studio 10.0\VC\bin\link.exe /ERRORREPORT:PROMPT /OUT:"D:\Mahesh Mahajan\Assignments\C++\ServiceStartupType\Debug\ServiceStartupType.exe" /INCREMENTAL /NOLOGO kernel32.lib user32.lib gdi32.lib winspool.lib comdlg32.lib advapi32.lib shell32.lib ole32.lib oleaut32.lib uuid.lib odbc32.lib odbccp32.lib /MANIFEST /ManifestFile:"Debug\ServiceStartupType.exe.intermediate.manifest" /MANIFESTUAC:"level='asInvoker' uiAccess='false'" /DEBUG /PDB:"D:\Mahesh Mahajan\Assignments\C++\ServiceStartupType\Debug\ServiceStartupType.pdb" /SUBSYSTEM:WINDOWS /TLBID:1 /DYNAMICBASE /NXCOMPAT /IMPLIB:"D:\Mahesh Mahajan\Assignments\C++\ServiceStartupType\Debug\ServiceStartupType.lib" /MACHINE:X86 Debug\ServiceStartupType.res
         Debug\ServiceStartupType.exe.embed.manifest.res
         Debug\ServiceStartupType.obj
         Debug\stdafx.obj
       Manifest:
         C:\Program Files (x86)\Microsoft SDKs\Windows\v7.0A\bin\mt.exe /nologo /verbose /out:"Debug\ServiceStartupType.exe.embed.manifest" /manifest Debug\ServiceStartupType.exe.intermediate.manifest
         C:\Program Files (x86)\Microsoft SDKs\Windows\v7.0A\bin\rc.exe /nologo /fo"Debug\ServiceStartupType.exe.embed.manifest.res" Debug\ServiceStartupType_manifest.rc 
       LinkEmbedManifest:
         c:\Program Files (x86)\Microsoft Visual Studio 10.0\VC\bin\link.exe /ERRORREPORT:PROMPT /OUT:"D:\Mahesh Mahajan\Assignments\C++\ServiceStartupType\Debug\ServiceStartupType.exe" /INCREMENTAL /NOLOGO kernel32.lib user32.lib gdi32.lib winspool.lib comdlg32.lib advapi32.lib shell32.lib ole32.lib oleaut32.lib uuid.lib odbc32.lib odbccp32.lib /MANIFEST /ManifestFile:"Debug\ServiceStartupType.exe.intermediate.manifest" /MANIFESTUAC:"level='asInvoker' uiAccess='false'" /DEBUG /PDB:"D:\Mahesh Mahajan\Assignments\C++\ServiceStartupType\Debug\ServiceStartupType.pdb" /SUBSYSTEM:WINDOWS /TLBID:1 /DYNAMICBASE /NXCOMPAT /IMPLIB:"D:\Mahesh Mahajan\Assignments\C++\ServiceStartupType\Debug\ServiceStartupType.lib" /MACHINE:X86 Debug\ServiceStartupType.res
         Debug\ServiceStartupType.exe.embed.manifest.res
         Debug\ServiceStartupType.obj
         Debug\stdafx.obj
         ServiceStartupType.vcxproj -> D:\Mahesh Mahajan\Assignments\C++\ServiceStartupType\Debug\ServiceStartupType.exe
     1>Done Building Project "D:\Mahesh Mahajan\Assignments\C++\ServiceStartupType\ServiceStartupType\ServiceStartupType.vcxproj" (Build target(s)).

Build succeeded.

Time Elapsed 00:00:07.63
