D:\MAHESH MAHAJAN\ASSIGNMENTS\C++\STRINGCLASS1\STRINGCLASS1\DEBUG\STDAFX.OBJ
D:\MAHESH MAHAJAN\ASSIGNMENTS\C++\STRINGCLASS1\STRINGCLASS1\DEBUG\STRINGCLASS1.OBJ
D:\MAHESH MAHAJAN\ASSIGNMENTS\C++\STRINGCLASS1\STRINGCLASS1\DEBUG\VC100.PDB
D:\MAHESH MAHAJAN\ASSIGNMENTS\C++\STRINGCLASS1\DEBUG\STRINGCLASS1.ILK
D:\MAHESH MAHAJAN\ASSIGNMENTS\C++\STRINGCLASS1\DEBUG\STRINGCLASS1.EXE
D:\MAHESH MAHAJAN\ASSIGNMENTS\C++\STRINGCLASS1\STRINGCLASS1\DEBUG\STRINGCLASS1.EXE.INTERMEDIATE.MANIFEST
D:\MAHESH MAHAJAN\ASSIGNMENTS\C++\STRINGCLASS1\DEBUG\STRINGCLASS1.PDB
D:\MAHESH MAHAJAN\ASSIGNMENTS\C++\STRINGCLASS1\STRINGCLASS1\DEBUG\STRINGCLASS1.EXE.EMBED.MANIFEST
D:\MAHESH MAHAJAN\ASSIGNMENTS\C++\STRINGCLASS1\STRINGCLASS1\DEBUG\STRINGCLASS1.EXE.EMBED.MANIFEST.RES
D:\Mahesh Mahajan\Assignments\C++\StringClass1\StringClass1\Debug\stdafx.obj
D:\Mahesh Mahajan\Assignments\C++\StringClass1\StringClass1\Debug\StringClass1.obj
D:\Mahesh Mahajan\Assignments\C++\StringClass1\StringClass1\Debug\cl.command.1.tlog
D:\Mahesh Mahajan\Assignments\C++\StringClass1\StringClass1\Debug\CL.read.1.tlog
D:\Mahesh Mahajan\Assignments\C++\StringClass1\StringClass1\Debug\CL.write.1.tlog
D:\Mahesh Mahajan\Assignments\C++\StringClass1\StringClass1\Debug\link-cvtres.read.1.tlog
D:\Mahesh Mahajan\Assignments\C++\StringClass1\StringClass1\Debug\link-cvtres.write.1.tlog
D:\Mahesh Mahajan\Assignments\C++\StringClass1\StringClass1\Debug\link.4948-cvtres.read.1.tlog
D:\Mahesh Mahajan\Assignments\C++\StringClass1\StringClass1\Debug\link.4948-cvtres.write.1.tlog
D:\Mahesh Mahajan\Assignments\C++\StringClass1\StringClass1\Debug\link.4948.read.1.tlog
D:\Mahesh Mahajan\Assignments\C++\StringClass1\StringClass1\Debug\link.4948.write.1.tlog
D:\Mahesh Mahajan\Assignments\C++\StringClass1\StringClass1\Debug\link.command.1.tlog
D:\Mahesh Mahajan\Assignments\C++\StringClass1\StringClass1\Debug\link.read.1.tlog
D:\Mahesh Mahajan\Assignments\C++\StringClass1\StringClass1\Debug\link.write.1.tlog
D:\Mahesh Mahajan\Assignments\C++\StringClass1\StringClass1\Debug\mt.command.1.tlog
D:\Mahesh Mahajan\Assignments\C++\StringClass1\StringClass1\Debug\mt.read.1.tlog
D:\Mahesh Mahajan\Assignments\C++\StringClass1\StringClass1\Debug\mt.write.1.tlog
D:\Mahesh Mahajan\Assignments\C++\StringClass1\StringClass1\Debug\rc.command.1.tlog
D:\Mahesh Mahajan\Assignments\C++\StringClass1\StringClass1\Debug\rc.read.1.tlog
D:\Mahesh Mahajan\Assignments\C++\StringClass1\StringClass1\Debug\rc.write.1.tlog
D:\Mahesh Mahajan\Assignments\C++\StringClass1\StringClass1\Debug\StringClass1.exe.embed.manifest
D:\Mahesh Mahajan\Assignments\C++\StringClass1\StringClass1\Debug\StringClass1.exe.intermediate.manifest
D:\Mahesh Mahajan\Assignments\C++\StringClass1\StringClass1\Debug\StringClass1.exe.embed.manifest.res
D:\Mahesh Mahajan\Assignments\C++\StringClass1\StringClass1\Debug\vc100.idb
D:\Mahesh Mahajan\Assignments\C++\StringClass1\StringClass1\Debug\vc100.pdb
D:\Mahesh Mahajan\Assignments\C++\StringClass1\StringClass1\Debug\StringClass1_manifest.rc
D:\Mahesh Mahajan\Assignments\C++\StringClass1\Debug\StringClass1.pdb
D:\Mahesh Mahajan\Assignments\C++\StringClass1\Debug\StringClass1.exe
D:\Mahesh Mahajan\Assignments\C++\StringClass1\Debug\StringClass1.ilk
