D:\MAHESH MAHAJAN\ASSIGNMENTS\C++\WRITEINTOFILE\DEBUG\WRITEINTOFILE.EXE
D:\MAHESH MAHAJAN\ASSIGNMENTS\C++\WRITEINTOFILE\DEBUG\WRITEINTOFILE.ILK
D:\MAHESH MAHAJAN\ASSIGNMENTS\C++\WRITEINTOFILE\DEBUG\WRITEINTOFILE.PDB
D:\Mahesh Mahajan\Assignments\C++\WriteIntoFile\WriteIntoFile\Debug\cl.command.1.tlog
D:\Mahesh Mahajan\Assignments\C++\WriteIntoFile\WriteIntoFile\Debug\CL.read.1.tlog
D:\Mahesh Mahajan\Assignments\C++\WriteIntoFile\WriteIntoFile\Debug\CL.write.1.tlog
D:\Mahesh Mahajan\Assignments\C++\WriteIntoFile\WriteIntoFile\Debug\link.5724.read.1.tlog
D:\Mahesh Mahajan\Assignments\C++\WriteIntoFile\WriteIntoFile\Debug\link.5724.write.1.tlog
D:\Mahesh Mahajan\Assignments\C++\WriteIntoFile\WriteIntoFile\Debug\link.5724-cvtres.read.1.tlog
D:\Mahesh Mahajan\Assignments\C++\WriteIntoFile\WriteIntoFile\Debug\link.5724-cvtres.write.1.tlog
D:\Mahesh Mahajan\Assignments\C++\WriteIntoFile\WriteIntoFile\Debug\link.command.1.tlog
D:\Mahesh Mahajan\Assignments\C++\WriteIntoFile\WriteIntoFile\Debug\link.read.1.tlog
D:\Mahesh Mahajan\Assignments\C++\WriteIntoFile\WriteIntoFile\Debug\link.write.1.tlog
D:\Mahesh Mahajan\Assignments\C++\WriteIntoFile\WriteIntoFile\Debug\link-cvtres.read.1.tlog
D:\Mahesh Mahajan\Assignments\C++\WriteIntoFile\WriteIntoFile\Debug\link-cvtres.write.1.tlog
D:\Mahesh Mahajan\Assignments\C++\WriteIntoFile\WriteIntoFile\Debug\mt.command.1.tlog
D:\Mahesh Mahajan\Assignments\C++\WriteIntoFile\WriteIntoFile\Debug\mt.read.1.tlog
D:\Mahesh Mahajan\Assignments\C++\WriteIntoFile\WriteIntoFile\Debug\mt.write.1.tlog
D:\Mahesh Mahajan\Assignments\C++\WriteIntoFile\WriteIntoFile\Debug\rc.command.1.tlog
D:\Mahesh Mahajan\Assignments\C++\WriteIntoFile\WriteIntoFile\Debug\rc.read.1.tlog
D:\Mahesh Mahajan\Assignments\C++\WriteIntoFile\WriteIntoFile\Debug\rc.write.1.tlog
D:\MAHESH MAHAJAN\ASSIGNMENTS\C++\WRITEINTOFILE\WRITEINTOFILE\DEBUG\STDAFX.OBJ
D:\Mahesh Mahajan\Assignments\C++\WriteIntoFile\WriteIntoFile\Debug\vc100.idb
D:\MAHESH MAHAJAN\ASSIGNMENTS\C++\WRITEINTOFILE\WRITEINTOFILE\DEBUG\VC100.PDB
D:\MAHESH MAHAJAN\ASSIGNMENTS\C++\WRITEINTOFILE\WRITEINTOFILE\DEBUG\WRITEINTOFILE.EXE.EMBED.MANIFEST
D:\MAHESH MAHAJAN\ASSIGNMENTS\C++\WRITEINTOFILE\WRITEINTOFILE\DEBUG\WRITEINTOFILE.EXE.EMBED.MANIFEST.RES
D:\MAHESH MAHAJAN\ASSIGNMENTS\C++\WRITEINTOFILE\WRITEINTOFILE\DEBUG\WRITEINTOFILE.EXE.INTERMEDIATE.MANIFEST
D:\MAHESH MAHAJAN\ASSIGNMENTS\C++\WRITEINTOFILE\WRITEINTOFILE\DEBUG\WRITEINTOFILE.OBJ
D:\MAHESH MAHAJAN\ASSIGNMENTS\C++\WRITEINTOFILE\WRITEINTOFILE\DEBUG\WRITEINTOFILE.PCH
D:\Mahesh Mahajan\Assignments\C++\WriteIntoFile\WriteIntoFile\Debug\WriteIntoFile_manifest.rc
