D:\MAHESH MAHAJAN\ASSIGNMENTS\C++\WIN32GETOSINFO\WIN32GETOSINFO\RELEASE\WIN32GETOSINFO.PCH
D:\MAHESH MAHAJAN\ASSIGNMENTS\C++\WIN32GETOSINFO\WIN32GETOSINFO\RELEASE\STDAFX.OBJ
D:\MAHESH MAHAJAN\ASSIGNMENTS\C++\WIN32GETOSINFO\WIN32GETOSINFO\RELEASE\VC100.PDB
D:\MAHESH MAHAJAN\ASSIGNMENTS\C++\WIN32GETOSINFO\WIN32GETOSINFO\RELEASE\WIN32GETOSINFO.OBJ
D:\MAHESH MAHAJAN\ASSIGNMENTS\C++\WIN32GETOSINFO\RELEASE\WIN32GETOSINFO.EXE
D:\MAHESH MAHAJAN\ASSIGNMENTS\C++\WIN32GETOSINFO\WIN32GETOSINFO\RELEASE\WIN32GETOSINFO.EXE.INTERMEDIATE.MANIFEST
D:\MAHESH MAHAJAN\ASSIGNMENTS\C++\WIN32GETOSINFO\RELEASE\WIN32GETOSINFO.PDB
D:\MAHESH MAHAJAN\ASSIGNMENTS\C++\WIN32GETOSINFO\WIN32GETOSINFO\RELEASE\WIN32GETOSINFO.RES
D:\Mahesh Mahajan\Assignments\C++\Win32GetOSInfo\Win32GetOSInfo\Release\stdafx.obj
D:\Mahesh Mahajan\Assignments\C++\Win32GetOSInfo\Win32GetOSInfo\Release\Win32GetOSInfo.obj
D:\Mahesh Mahajan\Assignments\C++\Win32GetOSInfo\Win32GetOSInfo\Release\cl.command.1.tlog
D:\Mahesh Mahajan\Assignments\C++\Win32GetOSInfo\Win32GetOSInfo\Release\CL.read.1.tlog
D:\Mahesh Mahajan\Assignments\C++\Win32GetOSInfo\Win32GetOSInfo\Release\CL.write.1.tlog
D:\Mahesh Mahajan\Assignments\C++\Win32GetOSInfo\Win32GetOSInfo\Release\link-cvtres.read.1.tlog
D:\Mahesh Mahajan\Assignments\C++\Win32GetOSInfo\Win32GetOSInfo\Release\link-cvtres.write.1.tlog
D:\Mahesh Mahajan\Assignments\C++\Win32GetOSInfo\Win32GetOSInfo\Release\link.command.1.tlog
D:\Mahesh Mahajan\Assignments\C++\Win32GetOSInfo\Win32GetOSInfo\Release\link.read.1.tlog
D:\Mahesh Mahajan\Assignments\C++\Win32GetOSInfo\Win32GetOSInfo\Release\link.write.1.tlog
D:\Mahesh Mahajan\Assignments\C++\Win32GetOSInfo\Win32GetOSInfo\Release\mt.command.1.tlog
D:\Mahesh Mahajan\Assignments\C++\Win32GetOSInfo\Win32GetOSInfo\Release\mt.read.1.tlog
D:\Mahesh Mahajan\Assignments\C++\Win32GetOSInfo\Win32GetOSInfo\Release\mt.write.1.tlog
D:\Mahesh Mahajan\Assignments\C++\Win32GetOSInfo\Win32GetOSInfo\Release\rc.command.1.tlog
D:\Mahesh Mahajan\Assignments\C++\Win32GetOSInfo\Win32GetOSInfo\Release\rc.read.1.tlog
D:\Mahesh Mahajan\Assignments\C++\Win32GetOSInfo\Win32GetOSInfo\Release\rc.write.1.tlog
D:\Mahesh Mahajan\Assignments\C++\Win32GetOSInfo\Win32GetOSInfo\Release\Win32GetOSInfo.exe.intermediate.manifest
D:\Mahesh Mahajan\Assignments\C++\Win32GetOSInfo\Win32GetOSInfo\Release\Win32GetOSInfo.res
D:\Mahesh Mahajan\Assignments\C++\Win32GetOSInfo\Win32GetOSInfo\Release\Win32GetOSInfo.pch
D:\Mahesh Mahajan\Assignments\C++\Win32GetOSInfo\Win32GetOSInfo\Release\vc100.pdb
D:\Mahesh Mahajan\Assignments\C++\Win32GetOSInfo\Release\Win32GetOSInfo.pdb
D:\Mahesh Mahajan\Assignments\C++\Win32GetOSInfo\Release\Win32GetOSInfo.exe
