Build started 01/18/2015 20:25:26.
     1>Project "D:\Mahesh Mahajan\Assignments\C++\file_exist\file_exist\file_exist.vcxproj" on node 2 (build target(s)).
     1>InitializeBuildStatus:
         Creating "Debug\file_exist.unsuccessfulbuild" because "AlwaysCreate" was specified.
       ClCompile:
         c:\Program Files (x86)\Microsoft Visual Studio 10.0\VC\bin\CL.exe /c /ZI /nologo /W3 /WX- /Od /Oy- /D WIN32 /D _DEBUG /D _CONSOLE /D _MBCS /Gm /EHsc /RTC1 /MDd /GS /fp:precise /Zc:wchar_t /Zc:forScope /Yc"StdAfx.h" /Fp"Debug\file_exist.pch" /Fo"Debug\\" /Fd"Debug\vc100.pdb" /Gd /TP /analyze- /errorReport:prompt stdafx.cpp
         stdafx.cpp
         c:\Program Files (x86)\Microsoft Visual Studio 10.0\VC\bin\CL.exe /c /ZI /nologo /W3 /WX- /Od /Oy- /D WIN32 /D _DEBUG /D _CONSOLE /D _MBCS /Gm /EHsc /RTC1 /MDd /GS /fp:precise /Zc:wchar_t /Zc:forScope /Yu"StdAfx.h" /Fp"Debug\file_exist.pch" /Fo"Debug\\" /Fd"Debug\vc100.pdb" /Gd /TP /analyze- /errorReport:prompt file_exist.cpp
         file_exist.cpp
       ManifestResourceCompile:
         C:\Program Files (x86)\Microsoft SDKs\Windows\v7.0A\bin\rc.exe /nologo /fo"Debug\file_exist.exe.embed.manifest.res" Debug\file_exist_manifest.rc 
       Link:
         c:\Program Files (x86)\Microsoft Visual Studio 10.0\VC\bin\link.exe /ERRORREPORT:PROMPT /OUT:"D:\Mahesh Mahajan\Assignments\C++\file_exist\Debug\file_exist.exe" /INCREMENTAL /NOLOGO kernel32.lib user32.lib gdi32.lib winspool.lib comdlg32.lib advapi32.lib shell32.lib ole32.lib oleaut32.lib uuid.lib odbc32.lib odbccp32.lib /MANIFEST /ManifestFile:"Debug\file_exist.exe.intermediate.manifest" /MANIFESTUAC:"level='asInvoker' uiAccess='false'" /DEBUG /PDB:"D:\Mahesh Mahajan\Assignments\C++\file_exist\Debug\file_exist.pdb" /SUBSYSTEM:CONSOLE /TLBID:1 /DYNAMICBASE /NXCOMPAT /IMPLIB:"D:\Mahesh Mahajan\Assignments\C++\file_exist\Debug\file_exist.lib" /MACHINE:X86 Debug\file_exist.exe.embed.manifest.res
         Debug\file_exist.obj
         Debug\stdafx.obj
       Manifest:
         C:\Program Files (x86)\Microsoft SDKs\Windows\v7.0A\bin\mt.exe /nologo /verbose /out:"Debug\file_exist.exe.embed.manifest" /manifest Debug\file_exist.exe.intermediate.manifest
         C:\Program Files (x86)\Microsoft SDKs\Windows\v7.0A\bin\rc.exe /nologo /fo"Debug\file_exist.exe.embed.manifest.res" Debug\file_exist_manifest.rc 
       LinkEmbedManifest:
         c:\Program Files (x86)\Microsoft Visual Studio 10.0\VC\bin\link.exe /ERRORREPORT:PROMPT /OUT:"D:\Mahesh Mahajan\Assignments\C++\file_exist\Debug\file_exist.exe" /INCREMENTAL /NOLOGO kernel32.lib user32.lib gdi32.lib winspool.lib comdlg32.lib advapi32.lib shell32.lib ole32.lib oleaut32.lib uuid.lib odbc32.lib odbccp32.lib /MANIFEST /ManifestFile:"Debug\file_exist.exe.intermediate.manifest" /MANIFESTUAC:"level='asInvoker' uiAccess='false'" /DEBUG /PDB:"D:\Mahesh Mahajan\Assignments\C++\file_exist\Debug\file_exist.pdb" /SUBSYSTEM:CONSOLE /TLBID:1 /DYNAMICBASE /NXCOMPAT /IMPLIB:"D:\Mahesh Mahajan\Assignments\C++\file_exist\Debug\file_exist.lib" /MACHINE:X86 Debug\file_exist.exe.embed.manifest.res
         Debug\file_exist.obj
         Debug\stdafx.obj
         file_exist.vcxproj -> D:\Mahesh Mahajan\Assignments\C++\file_exist\Debug\file_exist.exe
       FinalizeBuildStatus:
         Deleting file "Debug\file_exist.unsuccessfulbuild".
         Touching "Debug\file_exist.lastbuildstate".
     1>Done Building Project "D:\Mahesh Mahajan\Assignments\C++\file_exist\file_exist\file_exist.vcxproj" (build target(s)).

Build succeeded.

Time Elapsed 00:00:02.27
