D:\MAHESH MAHAJAN\ASSIGNMENTS\C++\FILE_EXIST\DEBUG\FILE_EXIST.EXE
D:\MAHESH MAHAJAN\ASSIGNMENTS\C++\FILE_EXIST\DEBUG\FILE_EXIST.ILK
D:\MAHESH MAHAJAN\ASSIGNMENTS\C++\FILE_EXIST\DEBUG\FILE_EXIST.PDB
D:\Mahesh Mahajan\Assignments\C++\file_exist\file_exist\Debug\cl.command.1.tlog
D:\Mahesh Mahajan\Assignments\C++\file_exist\file_exist\Debug\CL.read.1.tlog
D:\Mahesh Mahajan\Assignments\C++\file_exist\file_exist\Debug\CL.write.1.tlog
D:\MAHESH MAHAJAN\ASSIGNMENTS\C++\FILE_EXIST\FILE_EXIST\DEBUG\FILE_EXIST.EXE.EMBED.MANIFEST
D:\MAHESH MAHAJAN\ASSIGNMENTS\C++\FILE_EXIST\FILE_EXIST\DEBUG\FILE_EXIST.EXE.EMBED.MANIFEST.RES
D:\MAHESH MAHAJAN\ASSIGNMENTS\C++\FILE_EXIST\FILE_EXIST\DEBUG\FILE_EXIST.EXE.INTERMEDIATE.MANIFEST
D:\MAHESH MAHAJAN\ASSIGNMENTS\C++\FILE_EXIST\FILE_EXIST\DEBUG\FILE_EXIST.OBJ
D:\MAHESH MAHAJAN\ASSIGNMENTS\C++\FILE_EXIST\FILE_EXIST\DEBUG\FILE_EXIST.PCH
D:\Mahesh Mahajan\Assignments\C++\file_exist\file_exist\Debug\file_exist_manifest.rc
D:\Mahesh Mahajan\Assignments\C++\file_exist\file_exist\Debug\link.6048.read.1.tlog
D:\Mahesh Mahajan\Assignments\C++\file_exist\file_exist\Debug\link.6048.write.1.tlog
D:\Mahesh Mahajan\Assignments\C++\file_exist\file_exist\Debug\link.6048-cvtres.read.1.tlog
D:\Mahesh Mahajan\Assignments\C++\file_exist\file_exist\Debug\link.6048-cvtres.write.1.tlog
D:\Mahesh Mahajan\Assignments\C++\file_exist\file_exist\Debug\link.command.1.tlog
D:\Mahesh Mahajan\Assignments\C++\file_exist\file_exist\Debug\link.read.1.tlog
D:\Mahesh Mahajan\Assignments\C++\file_exist\file_exist\Debug\link.write.1.tlog
D:\Mahesh Mahajan\Assignments\C++\file_exist\file_exist\Debug\link-cvtres.read.1.tlog
D:\Mahesh Mahajan\Assignments\C++\file_exist\file_exist\Debug\link-cvtres.write.1.tlog
D:\Mahesh Mahajan\Assignments\C++\file_exist\file_exist\Debug\mt.command.1.tlog
D:\Mahesh Mahajan\Assignments\C++\file_exist\file_exist\Debug\mt.read.1.tlog
D:\Mahesh Mahajan\Assignments\C++\file_exist\file_exist\Debug\mt.write.1.tlog
D:\Mahesh Mahajan\Assignments\C++\file_exist\file_exist\Debug\rc.command.1.tlog
D:\Mahesh Mahajan\Assignments\C++\file_exist\file_exist\Debug\rc.read.1.tlog
D:\Mahesh Mahajan\Assignments\C++\file_exist\file_exist\Debug\rc.write.1.tlog
D:\MAHESH MAHAJAN\ASSIGNMENTS\C++\FILE_EXIST\FILE_EXIST\DEBUG\STDAFX.OBJ
D:\Mahesh Mahajan\Assignments\C++\file_exist\file_exist\Debug\vc100.idb
D:\MAHESH MAHAJAN\ASSIGNMENTS\C++\FILE_EXIST\FILE_EXIST\DEBUG\VC100.PDB
