D:\MAHESH MAHAJAN\ASSIGNMENTS\C++\WIN32ISSERVER\WIN32ISSERVER\RELEASE\WIN32ISSERVER.PCH
D:\MAHESH MAHAJAN\ASSIGNMENTS\C++\WIN32ISSERVER\WIN32ISSERVER\RELEASE\STDAFX.OBJ
D:\MAHESH MAHAJAN\ASSIGNMENTS\C++\WIN32ISSERVER\WIN32ISSERVER\RELEASE\VC100.PDB
D:\MAHESH MAHAJAN\ASSIGNMENTS\C++\WIN32ISSERVER\WIN32ISSERVER\RELEASE\WIN32ISSERVER.OBJ
D:\MAHESH MAHAJAN\ASSIGNMENTS\C++\WIN32ISSERVER\RELEASE\WIN32ISSERVER.EXE
D:\MAHESH MAHAJAN\ASSIGNMENTS\C++\WIN32ISSERVER\WIN32ISSERVER\RELEASE\WIN32ISSERVER.EXE.INTERMEDIATE.MANIFEST
D:\MAHESH MAHAJAN\ASSIGNMENTS\C++\WIN32ISSERVER\RELEASE\WIN32ISSERVER.PDB
D:\MAHESH MAHAJAN\ASSIGNMENTS\C++\WIN32ISSERVER\WIN32ISSERVER\RELEASE\WIN32ISSERVER.RES
D:\Mahesh Mahajan\Assignments\C++\Win32IsServer\Win32IsServer\Release\stdafx.obj
D:\Mahesh Mahajan\Assignments\C++\Win32IsServer\Win32IsServer\Release\Win32IsServer.obj
D:\Mahesh Mahajan\Assignments\C++\Win32IsServer\Win32IsServer\Release\cl.command.1.tlog
D:\Mahesh Mahajan\Assignments\C++\Win32IsServer\Win32IsServer\Release\CL.read.1.tlog
D:\Mahesh Mahajan\Assignments\C++\Win32IsServer\Win32IsServer\Release\CL.write.1.tlog
D:\Mahesh Mahajan\Assignments\C++\Win32IsServer\Win32IsServer\Release\link-cvtres.read.1.tlog
D:\Mahesh Mahajan\Assignments\C++\Win32IsServer\Win32IsServer\Release\link-cvtres.write.1.tlog
D:\Mahesh Mahajan\Assignments\C++\Win32IsServer\Win32IsServer\Release\link.command.1.tlog
D:\Mahesh Mahajan\Assignments\C++\Win32IsServer\Win32IsServer\Release\link.read.1.tlog
D:\Mahesh Mahajan\Assignments\C++\Win32IsServer\Win32IsServer\Release\link.write.1.tlog
D:\Mahesh Mahajan\Assignments\C++\Win32IsServer\Win32IsServer\Release\mt.command.1.tlog
D:\Mahesh Mahajan\Assignments\C++\Win32IsServer\Win32IsServer\Release\mt.read.1.tlog
D:\Mahesh Mahajan\Assignments\C++\Win32IsServer\Win32IsServer\Release\mt.write.1.tlog
D:\Mahesh Mahajan\Assignments\C++\Win32IsServer\Win32IsServer\Release\rc.command.1.tlog
D:\Mahesh Mahajan\Assignments\C++\Win32IsServer\Win32IsServer\Release\rc.read.1.tlog
D:\Mahesh Mahajan\Assignments\C++\Win32IsServer\Win32IsServer\Release\rc.write.1.tlog
D:\Mahesh Mahajan\Assignments\C++\Win32IsServer\Win32IsServer\Release\Win32IsServer.exe.intermediate.manifest
D:\Mahesh Mahajan\Assignments\C++\Win32IsServer\Win32IsServer\Release\Win32IsServer.res
D:\Mahesh Mahajan\Assignments\C++\Win32IsServer\Win32IsServer\Release\Win32IsServer.pch
D:\Mahesh Mahajan\Assignments\C++\Win32IsServer\Win32IsServer\Release\vc100.pdb
D:\Mahesh Mahajan\Assignments\C++\Win32IsServer\Release\Win32IsServer.pdb
D:\Mahesh Mahajan\Assignments\C++\Win32IsServer\Release\Win32IsServer.exe
