Build started 01/05/2015 23:08:26.
     1>Project "D:\Mahesh Mahajan\Assignments\C++\random\random\random.vcxproj" on node 2 (build target(s)).
     1>InitializeBuildStatus:
         Creating "Debug\random.unsuccessfulbuild" because "AlwaysCreate" was specified.
       ClCompile:
         All outputs are up-to-date.
         c:\Program Files (x86)\Microsoft Visual Studio 10.0\VC\bin\CL.exe /c /ZI /nologo /W3 /WX- /Od /Oy- /D WIN32 /D _DEBUG /D _CONSOLE /D _UNICODE /D UNICODE /Gm /EHsc /RTC1 /MDd /GS /fp:precise /Zc:wchar_t /Zc:forScope /Yu"StdAfx.h" /Fp"Debug\random.pch" /Fo"Debug\\" /Fd"Debug\vc100.pdb" /Gd /TP /analyze- /errorReport:prompt random.cpp
         random.cpp
     1>d:\mahesh mahajan\assignments\c++\random\random\random.cpp(18): warning C4244: 'argument' : conversion from 'time_t' to 'unsigned int', possible loss of data
     1>d:\mahesh mahajan\assignments\c++\random\random\random.cpp(30): warning C4996: 'getch': The POSIX name for this item is deprecated. Instead, use the ISO C++ conformant name: _getch. See online help for details.
                 c:\program files (x86)\microsoft visual studio 10.0\vc\include\conio.h(128) : see declaration of 'getch'
       ManifestResourceCompile:
         All outputs are up-to-date.
       Link:
         c:\Program Files (x86)\Microsoft Visual Studio 10.0\VC\bin\link.exe /ERRORREPORT:PROMPT /OUT:"D:\Mahesh Mahajan\Assignments\C++\random\Debug\random.exe" /INCREMENTAL /NOLOGO kernel32.lib user32.lib gdi32.lib winspool.lib comdlg32.lib advapi32.lib shell32.lib ole32.lib oleaut32.lib uuid.lib odbc32.lib odbccp32.lib /MANIFEST /ManifestFile:"Debug\random.exe.intermediate.manifest" /MANIFESTUAC:"level='asInvoker' uiAccess='false'" /DEBUG /PDB:"D:\Mahesh Mahajan\Assignments\C++\random\Debug\random.pdb" /SUBSYSTEM:CONSOLE /TLBID:1 /DYNAMICBASE /NXCOMPAT /IMPLIB:"D:\Mahesh Mahajan\Assignments\C++\random\Debug\random.lib" /MACHINE:X86 Debug\random.exe.embed.manifest.res
         Debug\random.obj
         Debug\stdafx.obj
       Manifest:
         C:\Program Files (x86)\Microsoft SDKs\Windows\v7.0A\bin\mt.exe /nologo /verbose /out:"Debug\random.exe.embed.manifest" /manifest Debug\random.exe.intermediate.manifest
         All outputs are up-to-date.
       LinkEmbedManifest:
         All outputs are up-to-date.
         random.vcxproj -> D:\Mahesh Mahajan\Assignments\C++\random\Debug\random.exe
       FinalizeBuildStatus:
         Deleting file "Debug\random.unsuccessfulbuild".
         Touching "Debug\random.lastbuildstate".
     1>Done Building Project "D:\Mahesh Mahajan\Assignments\C++\random\random\random.vcxproj" (build target(s)).

Build succeeded.

Time Elapsed 00:00:01.01
