D:\MAHESH MAHAJAN\ASSIGNMENTS\C++\RANDOM\DEBUG\RANDOM.EXE
D:\MAHESH MAHAJAN\ASSIGNMENTS\C++\RANDOM\DEBUG\RANDOM.ILK
D:\MAHESH MAHAJAN\ASSIGNMENTS\C++\RANDOM\DEBUG\RANDOM.PDB
D:\Mahesh Mahajan\Assignments\C++\random\random\Debug\cl.command.1.tlog
D:\Mahesh Mahajan\Assignments\C++\random\random\Debug\CL.read.1.tlog
D:\Mahesh Mahajan\Assignments\C++\random\random\Debug\CL.write.1.tlog
D:\Mahesh Mahajan\Assignments\C++\random\random\Debug\link.4832.read.1.tlog
D:\Mahesh Mahajan\Assignments\C++\random\random\Debug\link.4832.write.1.tlog
D:\Mahesh Mahajan\Assignments\C++\random\random\Debug\link.4832-cvtres.read.1.tlog
D:\Mahesh Mahajan\Assignments\C++\random\random\Debug\link.4832-cvtres.write.1.tlog
D:\Mahesh Mahajan\Assignments\C++\random\random\Debug\link.command.1.tlog
D:\Mahesh Mahajan\Assignments\C++\random\random\Debug\link.read.1.tlog
D:\Mahesh Mahajan\Assignments\C++\random\random\Debug\link.write.1.tlog
D:\Mahesh Mahajan\Assignments\C++\random\random\Debug\link-cvtres.read.1.tlog
D:\Mahesh Mahajan\Assignments\C++\random\random\Debug\link-cvtres.write.1.tlog
D:\Mahesh Mahajan\Assignments\C++\random\random\Debug\mt.command.1.tlog
D:\Mahesh Mahajan\Assignments\C++\random\random\Debug\mt.read.1.tlog
D:\Mahesh Mahajan\Assignments\C++\random\random\Debug\mt.write.1.tlog
D:\MAHESH MAHAJAN\ASSIGNMENTS\C++\RANDOM\RANDOM\DEBUG\RANDOM.EXE.EMBED.MANIFEST
D:\MAHESH MAHAJAN\ASSIGNMENTS\C++\RANDOM\RANDOM\DEBUG\RANDOM.EXE.EMBED.MANIFEST.RES
D:\MAHESH MAHAJAN\ASSIGNMENTS\C++\RANDOM\RANDOM\DEBUG\RANDOM.EXE.INTERMEDIATE.MANIFEST
D:\MAHESH MAHAJAN\ASSIGNMENTS\C++\RANDOM\RANDOM\DEBUG\RANDOM.OBJ
D:\MAHESH MAHAJAN\ASSIGNMENTS\C++\RANDOM\RANDOM\DEBUG\RANDOM.PCH
D:\Mahesh Mahajan\Assignments\C++\random\random\Debug\random_manifest.rc
D:\Mahesh Mahajan\Assignments\C++\random\random\Debug\rc.command.1.tlog
D:\Mahesh Mahajan\Assignments\C++\random\random\Debug\rc.read.1.tlog
D:\Mahesh Mahajan\Assignments\C++\random\random\Debug\rc.write.1.tlog
D:\MAHESH MAHAJAN\ASSIGNMENTS\C++\RANDOM\RANDOM\DEBUG\STDAFX.OBJ
D:\Mahesh Mahajan\Assignments\C++\random\random\Debug\vc100.idb
D:\MAHESH MAHAJAN\ASSIGNMENTS\C++\RANDOM\RANDOM\DEBUG\VC100.PDB
