D:\MAHESH MAHAJAN\ASSIGNMENTS\C++\WINDOW_VERSION\WINDOW_VERSION\RELEASE\WINDOW_VERSION.OBJ
D:\MAHESH MAHAJAN\ASSIGNMENTS\C++\WINDOW_VERSION\WINDOW_VERSION\RELEASE\STDAFX.OBJ
D:\MAHESH MAHAJAN\ASSIGNMENTS\C++\WINDOW_VERSION\WINDOW_VERSION\RELEASE\VC100.PDB
D:\MAHESH MAHAJAN\ASSIGNMENTS\C++\WINDOW_VERSION\RELEASE\WINDOW_VERSION.EXE
D:\MAHESH MAHAJAN\ASSIGNMENTS\C++\WINDOW_VERSION\WINDOW_VERSION\RELEASE\WINDOW_VERSION.EXE.INTERMEDIATE.MANIFEST
D:\MAHESH MAHAJAN\ASSIGNMENTS\C++\WINDOW_VERSION\RELEASE\WINDOW_VERSION.PDB
D:\Mahesh Mahajan\Assignments\C++\Window_version\Window_version\Release\stdafx.obj
D:\Mahesh Mahajan\Assignments\C++\Window_version\Window_version\Release\Window_version.obj
D:\Mahesh Mahajan\Assignments\C++\Window_version\Window_version\Release\cl.command.1.tlog
D:\Mahesh Mahajan\Assignments\C++\Window_version\Window_version\Release\CL.read.1.tlog
D:\Mahesh Mahajan\Assignments\C++\Window_version\Window_version\Release\CL.write.1.tlog
D:\Mahesh Mahajan\Assignments\C++\Window_version\Window_version\Release\link.command.1.tlog
D:\Mahesh Mahajan\Assignments\C++\Window_version\Window_version\Release\link.read.1.tlog
D:\Mahesh Mahajan\Assignments\C++\Window_version\Window_version\Release\link.write.1.tlog
D:\Mahesh Mahajan\Assignments\C++\Window_version\Window_version\Release\mt.command.1.tlog
D:\Mahesh Mahajan\Assignments\C++\Window_version\Window_version\Release\mt.read.1.tlog
D:\Mahesh Mahajan\Assignments\C++\Window_version\Window_version\Release\mt.write.1.tlog
D:\Mahesh Mahajan\Assignments\C++\Window_version\Window_version\Release\Window_version.exe.intermediate.manifest
D:\Mahesh Mahajan\Assignments\C++\Window_version\Window_version\Release\vc100.pdb
D:\Mahesh Mahajan\Assignments\C++\Window_version\Release\Window_version.pdb
D:\Mahesh Mahajan\Assignments\C++\Window_version\Release\Window_version.exe
