Build started 06/09/2015 15:25:07.
     1>Project "D:\Mahesh Mahajan\Assignments\C++\ClearINIEntry\ClearINIEntry\ClearINIEntry.vcxproj" on node 2 (Build target(s)).
     1>ClCompile:
         c:\Program Files (x86)\Microsoft Visual Studio 10.0\VC\bin\CL.exe /c /ZI /nologo /W3 /WX- /Od /Oy- /D WIN32 /D _DEBUG /D _CONSOLE /D _MBCS /Gm /EHsc /RTC1 /MDd /GS /fp:precise /Zc:wchar_t /Zc:forScope /Fo"Debug\\" /Fd"Debug\vc100.pdb" /Gd /TP /analyze- /errorReport:prompt ClearINIEntry.cpp stdafx.cpp
         stdafx.cpp
         ClearINIEntry.cpp
         Generating Code...
       ManifestResourceCompile:
         C:\Program Files (x86)\Microsoft SDKs\Windows\v7.0A\bin\rc.exe /nologo /fo"Debug\ClearINIEntry.exe.embed.manifest.res" Debug\ClearINIEntry_manifest.rc 
       Link:
         c:\Program Files (x86)\Microsoft Visual Studio 10.0\VC\bin\link.exe /ERRORREPORT:PROMPT /OUT:"D:\Mahesh Mahajan\Assignments\C++\ClearINIEntry\Debug\ClearINIEntry.exe" /INCREMENTAL /NOLOGO kernel32.lib user32.lib gdi32.lib winspool.lib comdlg32.lib advapi32.lib shell32.lib ole32.lib oleaut32.lib uuid.lib odbc32.lib odbccp32.lib /MANIFEST /ManifestFile:"Debug\ClearINIEntry.exe.intermediate.manifest" /MANIFESTUAC:"level='asInvoker' uiAccess='false'" /DEBUG /PDB:"D:\Mahesh Mahajan\Assignments\C++\ClearINIEntry\Debug\ClearINIEntry.pdb" /SUBSYSTEM:CONSOLE /TLBID:1 /DYNAMICBASE /NXCOMPAT /IMPLIB:"D:\Mahesh Mahajan\Assignments\C++\ClearINIEntry\Debug\ClearINIEntry.lib" /MACHINE:X86 Debug\ClearINIEntry.exe.embed.manifest.res
         Debug\ClearINIEntry.obj
         Debug\stdafx.obj
       Manifest:
         C:\Program Files (x86)\Microsoft SDKs\Windows\v7.0A\bin\mt.exe /nologo /verbose /out:"Debug\ClearINIEntry.exe.embed.manifest" /manifest Debug\ClearINIEntry.exe.intermediate.manifest
         C:\Program Files (x86)\Microsoft SDKs\Windows\v7.0A\bin\rc.exe /nologo /fo"Debug\ClearINIEntry.exe.embed.manifest.res" Debug\ClearINIEntry_manifest.rc 
       LinkEmbedManifest:
         c:\Program Files (x86)\Microsoft Visual Studio 10.0\VC\bin\link.exe /ERRORREPORT:PROMPT /OUT:"D:\Mahesh Mahajan\Assignments\C++\ClearINIEntry\Debug\ClearINIEntry.exe" /INCREMENTAL /NOLOGO kernel32.lib user32.lib gdi32.lib winspool.lib comdlg32.lib advapi32.lib shell32.lib ole32.lib oleaut32.lib uuid.lib odbc32.lib odbccp32.lib /MANIFEST /ManifestFile:"Debug\ClearINIEntry.exe.intermediate.manifest" /MANIFESTUAC:"level='asInvoker' uiAccess='false'" /DEBUG /PDB:"D:\Mahesh Mahajan\Assignments\C++\ClearINIEntry\Debug\ClearINIEntry.pdb" /SUBSYSTEM:CONSOLE /TLBID:1 /DYNAMICBASE /NXCOMPAT /IMPLIB:"D:\Mahesh Mahajan\Assignments\C++\ClearINIEntry\Debug\ClearINIEntry.lib" /MACHINE:X86 Debug\ClearINIEntry.exe.embed.manifest.res
         Debug\ClearINIEntry.obj
         Debug\stdafx.obj
         ClearINIEntry.vcxproj -> D:\Mahesh Mahajan\Assignments\C++\ClearINIEntry\Debug\ClearINIEntry.exe
     1>Done Building Project "D:\Mahesh Mahajan\Assignments\C++\ClearINIEntry\ClearINIEntry\ClearINIEntry.vcxproj" (Build target(s)).

Build succeeded.

Time Elapsed 00:00:03.04
