D:\MAHESH MAHAJAN\ASSIGNMENTS\C++\CLEARINIENTRY\CLEARINIENTRY\DEBUG\CLEARINIENTRY.OBJ
D:\MAHESH MAHAJAN\ASSIGNMENTS\C++\CLEARINIENTRY\CLEARINIENTRY\DEBUG\STDAFX.OBJ
D:\MAHESH MAHAJAN\ASSIGNMENTS\C++\CLEARINIENTRY\CLEARINIENTRY\DEBUG\VC100.PDB
D:\MAHESH MAHAJAN\ASSIGNMENTS\C++\CLEARINIENTRY\DEBUG\CLEARINIENTRY.ILK
D:\MAHESH MAHAJAN\ASSIGNMENTS\C++\CLEARINIENTRY\DEBUG\CLEARINIENTRY.EXE
D:\MAHESH MAHAJAN\ASSIGNMENTS\C++\CLEARINIENTRY\CLEARINIENTRY\DEBUG\CLEARINIENTRY.EXE.INTERMEDIATE.MANIFEST
D:\MAHESH MAHAJAN\ASSIGNMENTS\C++\CLEARINIENTRY\DEBUG\CLEARINIENTRY.PDB
D:\MAHESH MAHAJAN\ASSIGNMENTS\C++\CLEARINIENTRY\CLEARINIENTRY\DEBUG\CLEARINIENTRY.EXE.EMBED.MANIFEST
D:\MAHESH MAHAJAN\ASSIGNMENTS\C++\CLEARINIENTRY\CLEARINIENTRY\DEBUG\CLEARINIENTRY.EXE.EMBED.MANIFEST.RES
D:\Mahesh Mahajan\Assignments\C++\ClearINIEntry\ClearINIEntry\Debug\ClearINIEntry.obj
D:\Mahesh Mahajan\Assignments\C++\ClearINIEntry\ClearINIEntry\Debug\stdafx.obj
D:\Mahesh Mahajan\Assignments\C++\ClearINIEntry\ClearINIEntry\Debug\cl.command.1.tlog
D:\Mahesh Mahajan\Assignments\C++\ClearINIEntry\ClearINIEntry\Debug\CL.read.1.tlog
D:\Mahesh Mahajan\Assignments\C++\ClearINIEntry\ClearINIEntry\Debug\CL.write.1.tlog
D:\Mahesh Mahajan\Assignments\C++\ClearINIEntry\ClearINIEntry\Debug\link-cvtres.read.1.tlog
D:\Mahesh Mahajan\Assignments\C++\ClearINIEntry\ClearINIEntry\Debug\link-cvtres.write.1.tlog
D:\Mahesh Mahajan\Assignments\C++\ClearINIEntry\ClearINIEntry\Debug\link.2472-cvtres.read.1.tlog
D:\Mahesh Mahajan\Assignments\C++\ClearINIEntry\ClearINIEntry\Debug\link.2472-cvtres.write.1.tlog
D:\Mahesh Mahajan\Assignments\C++\ClearINIEntry\ClearINIEntry\Debug\link.2472.read.1.tlog
D:\Mahesh Mahajan\Assignments\C++\ClearINIEntry\ClearINIEntry\Debug\link.2472.write.1.tlog
D:\Mahesh Mahajan\Assignments\C++\ClearINIEntry\ClearINIEntry\Debug\link.command.1.tlog
D:\Mahesh Mahajan\Assignments\C++\ClearINIEntry\ClearINIEntry\Debug\link.read.1.tlog
D:\Mahesh Mahajan\Assignments\C++\ClearINIEntry\ClearINIEntry\Debug\link.write.1.tlog
D:\Mahesh Mahajan\Assignments\C++\ClearINIEntry\ClearINIEntry\Debug\mt.command.1.tlog
D:\Mahesh Mahajan\Assignments\C++\ClearINIEntry\ClearINIEntry\Debug\mt.read.1.tlog
D:\Mahesh Mahajan\Assignments\C++\ClearINIEntry\ClearINIEntry\Debug\mt.write.1.tlog
D:\Mahesh Mahajan\Assignments\C++\ClearINIEntry\ClearINIEntry\Debug\rc.command.1.tlog
D:\Mahesh Mahajan\Assignments\C++\ClearINIEntry\ClearINIEntry\Debug\rc.read.1.tlog
D:\Mahesh Mahajan\Assignments\C++\ClearINIEntry\ClearINIEntry\Debug\rc.write.1.tlog
D:\Mahesh Mahajan\Assignments\C++\ClearINIEntry\ClearINIEntry\Debug\ClearINIEntry.exe.embed.manifest
D:\Mahesh Mahajan\Assignments\C++\ClearINIEntry\ClearINIEntry\Debug\ClearINIEntry.exe.intermediate.manifest
D:\Mahesh Mahajan\Assignments\C++\ClearINIEntry\ClearINIEntry\Debug\ClearINIEntry.exe.embed.manifest.res
D:\Mahesh Mahajan\Assignments\C++\ClearINIEntry\ClearINIEntry\Debug\vc100.idb
D:\Mahesh Mahajan\Assignments\C++\ClearINIEntry\ClearINIEntry\Debug\vc100.pdb
D:\Mahesh Mahajan\Assignments\C++\ClearINIEntry\ClearINIEntry\Debug\ClearINIEntry_manifest.rc
D:\Mahesh Mahajan\Assignments\C++\ClearINIEntry\Debug\ClearINIEntry.pdb
D:\Mahesh Mahajan\Assignments\C++\ClearINIEntry\Debug\ClearINIEntry.exe
D:\Mahesh Mahajan\Assignments\C++\ClearINIEntry\Debug\ClearINIEntry.ilk
