D:\Mahesh Mahajan\Assignments\C++\NamedPipeRedirection\redir_demo\project\Debug\cl.command.1.tlog
D:\Mahesh Mahajan\Assignments\C++\NamedPipeRedirection\redir_demo\project\Debug\CL.read.1.tlog
D:\Mahesh Mahajan\Assignments\C++\NamedPipeRedirection\redir_demo\project\Debug\CL.write.1.tlog
D:\MAHESH MAHAJAN\ASSIGNMENTS\C++\NAMEDPIPEREDIRECTION\REDIR_DEMO\PROJECT\DEBUG\DEMOREDIR.OBJ
D:\Mahesh Mahajan\Assignments\C++\NamedPipeRedirection\redir_demo\project\Debug\link.command.1.tlog
D:\Mahesh Mahajan\Assignments\C++\NamedPipeRedirection\redir_demo\project\Debug\link.read.1.tlog
D:\Mahesh Mahajan\Assignments\C++\NamedPipeRedirection\redir_demo\project\Debug\link.write.1.tlog
D:\Mahesh Mahajan\Assignments\C++\NamedPipeRedirection\redir_demo\project\Debug\link-cvtres.read.1.tlog
D:\Mahesh Mahajan\Assignments\C++\NamedPipeRedirection\redir_demo\project\Debug\link-cvtres.write.1.tlog
D:\Mahesh Mahajan\Assignments\C++\NamedPipeRedirection\redir_demo\project\Debug\mt.command.1.tlog
D:\Mahesh Mahajan\Assignments\C++\NamedPipeRedirection\redir_demo\project\Debug\mt.read.1.tlog
D:\Mahesh Mahajan\Assignments\C++\NamedPipeRedirection\redir_demo\project\Debug\mt.write.1.tlog
D:\Mahesh Mahajan\Assignments\C++\NamedPipeRedirection\redir_demo\project\Debug\rc.command.1.tlog
D:\Mahesh Mahajan\Assignments\C++\NamedPipeRedirection\redir_demo\project\Debug\rc.read.1.tlog
D:\Mahesh Mahajan\Assignments\C++\NamedPipeRedirection\redir_demo\project\Debug\rc.write.1.tlog
D:\MAHESH MAHAJAN\ASSIGNMENTS\C++\NAMEDPIPEREDIRECTION\REDIR_DEMO\PROJECT\DEBUG\REDIR.OBJ
D:\MAHESH MAHAJAN\ASSIGNMENTS\C++\NAMEDPIPEREDIRECTION\REDIR_DEMO\PROJECT\DEBUG\REDIRDEMO.EXE
D:\MAHESH MAHAJAN\ASSIGNMENTS\C++\NAMEDPIPEREDIRECTION\REDIR_DEMO\PROJECT\DEBUG\REDIRDEMO.EXE.EMBED.MANIFEST
D:\MAHESH MAHAJAN\ASSIGNMENTS\C++\NAMEDPIPEREDIRECTION\REDIR_DEMO\PROJECT\DEBUG\REDIRDEMO.EXE.EMBED.MANIFEST.RES
D:\MAHESH MAHAJAN\ASSIGNMENTS\C++\NAMEDPIPEREDIRECTION\REDIR_DEMO\PROJECT\DEBUG\REDIRDEMO.EXE.INTERMEDIATE.MANIFEST
D:\MAHESH MAHAJAN\ASSIGNMENTS\C++\NAMEDPIPEREDIRECTION\REDIR_DEMO\PROJECT\DEBUG\REDIRDEMO.ILK
D:\MAHESH MAHAJAN\ASSIGNMENTS\C++\NAMEDPIPEREDIRECTION\REDIR_DEMO\PROJECT\DEBUG\REDIRDEMO.OBJ
D:\MAHESH MAHAJAN\ASSIGNMENTS\C++\NAMEDPIPEREDIRECTION\REDIR_DEMO\PROJECT\DEBUG\REDIRDEMO.PCH
D:\MAHESH MAHAJAN\ASSIGNMENTS\C++\NAMEDPIPEREDIRECTION\REDIR_DEMO\PROJECT\DEBUG\REDIRDEMO.PDB
D:\MAHESH MAHAJAN\ASSIGNMENTS\C++\NAMEDPIPEREDIRECTION\REDIR_DEMO\PROJECT\DEBUG\REDIRDEMO.RES
D:\Mahesh Mahajan\Assignments\C++\NamedPipeRedirection\redir_demo\project\Debug\RedirDemo.vcxprojResolveAssemblyReference.cache
D:\Mahesh Mahajan\Assignments\C++\NamedPipeRedirection\redir_demo\project\Debug\RedirDemo.write.1.tlog
D:\Mahesh Mahajan\Assignments\C++\NamedPipeRedirection\redir_demo\project\Debug\RedirDemo_manifest.rc
D:\MAHESH MAHAJAN\ASSIGNMENTS\C++\NAMEDPIPEREDIRECTION\REDIR_DEMO\PROJECT\DEBUG\REDIRDEMODLG.OBJ
D:\MAHESH MAHAJAN\ASSIGNMENTS\C++\NAMEDPIPEREDIRECTION\REDIR_DEMO\PROJECT\DEBUG\STDAFX.OBJ
D:\Mahesh Mahajan\Assignments\C++\NamedPipeRedirection\redir_demo\project\Debug\vc100.idb
D:\MAHESH MAHAJAN\ASSIGNMENTS\C++\NAMEDPIPEREDIRECTION\REDIR_DEMO\PROJECT\DEBUG\VC100.PDB
Debug\RedirDemo.ilk
Debug\RedirDemo.pdb
