D:\MAHESH MAHAJAN\ASSIGNMENTS\C++\PRINTSERVICENAME_STARTTYPE\PRINTSERVICENAME_STARTTYPE\DEBUG\PRINTSERVICENAME_STARTTYPE.PCH
D:\MAHESH MAHAJAN\ASSIGNMENTS\C++\PRINTSERVICENAME_STARTTYPE\PRINTSERVICENAME_STARTTYPE\DEBUG\STDAFX.OBJ
D:\MAHESH MAHAJAN\ASSIGNMENTS\C++\PRINTSERVICENAME_STARTTYPE\PRINTSERVICENAME_STARTTYPE\DEBUG\VC100.PDB
D:\MAHESH MAHAJAN\ASSIGNMENTS\C++\PRINTSERVICENAME_STARTTYPE\PRINTSERVICENAME_STARTTYPE\DEBUG\PRINTSERVICENAME_STARTTYPE.OBJ
D:\MAHESH MAHAJAN\ASSIGNMENTS\C++\PRINTSERVICENAME_STARTTYPE\DEBUG\PRINTSERVICENAME_STARTTYPE.ILK
D:\MAHESH MAHAJAN\ASSIGNMENTS\C++\PRINTSERVICENAME_STARTTYPE\DEBUG\PRINTSERVICENAME_STARTTYPE.EXE
D:\MAHESH MAHAJAN\ASSIGNMENTS\C++\PRINTSERVICENAME_STARTTYPE\PRINTSERVICENAME_STARTTYPE\DEBUG\PRINTSERVICENAME_STARTTYPE.EXE.INTERMEDIATE.MANIFEST
D:\MAHESH MAHAJAN\ASSIGNMENTS\C++\PRINTSERVICENAME_STARTTYPE\DEBUG\PRINTSERVICENAME_STARTTYPE.PDB
D:\MAHESH MAHAJAN\ASSIGNMENTS\C++\PRINTSERVICENAME_STARTTYPE\PRINTSERVICENAME_STARTTYPE\DEBUG\PRINTSERVICENAME_STARTTYPE.EXE.EMBED.MANIFEST
D:\MAHESH MAHAJAN\ASSIGNMENTS\C++\PRINTSERVICENAME_STARTTYPE\PRINTSERVICENAME_STARTTYPE\DEBUG\PRINTSERVICENAME_STARTTYPE.EXE.EMBED.MANIFEST.RES
D:\Mahesh Mahajan\Assignments\C++\printServiceName_StartType\printServiceName_StartType\Debug\printServiceName_StartType.obj
D:\Mahesh Mahajan\Assignments\C++\printServiceName_StartType\printServiceName_StartType\Debug\stdafx.obj
D:\Mahesh Mahajan\Assignments\C++\printServiceName_StartType\printServiceName_StartType\Debug\cl.command.1.tlog
D:\Mahesh Mahajan\Assignments\C++\printServiceName_StartType\printServiceName_StartType\Debug\CL.read.1.tlog
D:\Mahesh Mahajan\Assignments\C++\printServiceName_StartType\printServiceName_StartType\Debug\CL.write.1.tlog
D:\Mahesh Mahajan\Assignments\C++\printServiceName_StartType\printServiceName_StartType\Debug\link-cvtres.read.1.tlog
D:\Mahesh Mahajan\Assignments\C++\printServiceName_StartType\printServiceName_StartType\Debug\link-cvtres.write.1.tlog
D:\Mahesh Mahajan\Assignments\C++\printServiceName_StartType\printServiceName_StartType\Debug\link.7736-cvtres.read.1.tlog
D:\Mahesh Mahajan\Assignments\C++\printServiceName_StartType\printServiceName_StartType\Debug\link.7736-cvtres.write.1.tlog
D:\Mahesh Mahajan\Assignments\C++\printServiceName_StartType\printServiceName_StartType\Debug\link.7736.read.1.tlog
D:\Mahesh Mahajan\Assignments\C++\printServiceName_StartType\printServiceName_StartType\Debug\link.7736.write.1.tlog
D:\Mahesh Mahajan\Assignments\C++\printServiceName_StartType\printServiceName_StartType\Debug\link.command.1.tlog
D:\Mahesh Mahajan\Assignments\C++\printServiceName_StartType\printServiceName_StartType\Debug\link.read.1.tlog
D:\Mahesh Mahajan\Assignments\C++\printServiceName_StartType\printServiceName_StartType\Debug\link.write.1.tlog
D:\Mahesh Mahajan\Assignments\C++\printServiceName_StartType\printServiceName_StartType\Debug\mt.command.1.tlog
D:\Mahesh Mahajan\Assignments\C++\printServiceName_StartType\printServiceName_StartType\Debug\mt.read.1.tlog
D:\Mahesh Mahajan\Assignments\C++\printServiceName_StartType\printServiceName_StartType\Debug\mt.write.1.tlog
D:\Mahesh Mahajan\Assignments\C++\printServiceName_StartType\printServiceName_StartType\Debug\rc.command.1.tlog
D:\Mahesh Mahajan\Assignments\C++\printServiceName_StartType\printServiceName_StartType\Debug\rc.read.1.tlog
D:\Mahesh Mahajan\Assignments\C++\printServiceName_StartType\printServiceName_StartType\Debug\rc.write.1.tlog
D:\Mahesh Mahajan\Assignments\C++\printServiceName_StartType\printServiceName_StartType\Debug\printServiceName_StartType.exe.embed.manifest
D:\Mahesh Mahajan\Assignments\C++\printServiceName_StartType\printServiceName_StartType\Debug\printServiceName_StartType.exe.intermediate.manifest
D:\Mahesh Mahajan\Assignments\C++\printServiceName_StartType\printServiceName_StartType\Debug\printServiceName_StartType.exe.embed.manifest.res
D:\Mahesh Mahajan\Assignments\C++\printServiceName_StartType\printServiceName_StartType\Debug\printServiceName_StartType.pch
D:\Mahesh Mahajan\Assignments\C++\printServiceName_StartType\printServiceName_StartType\Debug\vc100.idb
D:\Mahesh Mahajan\Assignments\C++\printServiceName_StartType\printServiceName_StartType\Debug\vc100.pdb
D:\Mahesh Mahajan\Assignments\C++\printServiceName_StartType\printServiceName_StartType\Debug\printServiceName_StartType_manifest.rc
D:\Mahesh Mahajan\Assignments\C++\printServiceName_StartType\Debug\printServiceName_StartType.pdb
D:\Mahesh Mahajan\Assignments\C++\printServiceName_StartType\Debug\printServiceName_StartType.exe
D:\Mahesh Mahajan\Assignments\C++\printServiceName_StartType\Debug\printServiceName_StartType.ilk
