D:\MAHESH MAHAJAN\ASSIGNMENTS\C++\GETZONEMAPPINGS\DEBUG\GETZONEMAPPINGS.EXE
D:\MAHESH MAHAJAN\ASSIGNMENTS\C++\GETZONEMAPPINGS\DEBUG\GETZONEMAPPINGS.ILK
D:\MAHESH MAHAJAN\ASSIGNMENTS\C++\GETZONEMAPPINGS\DEBUG\GETZONEMAPPINGS.PDB
D:\Mahesh Mahajan\Assignments\C++\getZoneMappings\getZoneMappings\Debug\cl.command.1.tlog
D:\Mahesh Mahajan\Assignments\C++\getZoneMappings\getZoneMappings\Debug\CL.read.1.tlog
D:\Mahesh Mahajan\Assignments\C++\getZoneMappings\getZoneMappings\Debug\CL.write.1.tlog
D:\MAHESH MAHAJAN\ASSIGNMENTS\C++\GETZONEMAPPINGS\GETZONEMAPPINGS\DEBUG\GETZONEMAPPINGS.EXE.EMBED.MANIFEST
D:\MAHESH MAHAJAN\ASSIGNMENTS\C++\GETZONEMAPPINGS\GETZONEMAPPINGS\DEBUG\GETZONEMAPPINGS.EXE.EMBED.MANIFEST.RES
D:\MAHESH MAHAJAN\ASSIGNMENTS\C++\GETZONEMAPPINGS\GETZONEMAPPINGS\DEBUG\GETZONEMAPPINGS.EXE.INTERMEDIATE.MANIFEST
D:\MAHESH MAHAJAN\ASSIGNMENTS\C++\GETZONEMAPPINGS\GETZONEMAPPINGS\DEBUG\GETZONEMAPPINGS.OBJ
D:\MAHESH MAHAJAN\ASSIGNMENTS\C++\GETZONEMAPPINGS\GETZONEMAPPINGS\DEBUG\GETZONEMAPPINGS.PCH
D:\Mahesh Mahajan\Assignments\C++\getZoneMappings\getZoneMappings\Debug\getZoneMappings_manifest.rc
D:\Mahesh Mahajan\Assignments\C++\getZoneMappings\getZoneMappings\Debug\link.4800.read.1.tlog
D:\Mahesh Mahajan\Assignments\C++\getZoneMappings\getZoneMappings\Debug\link.4800.write.1.tlog
D:\Mahesh Mahajan\Assignments\C++\getZoneMappings\getZoneMappings\Debug\link.4800-cvtres.read.1.tlog
D:\Mahesh Mahajan\Assignments\C++\getZoneMappings\getZoneMappings\Debug\link.4800-cvtres.write.1.tlog
D:\Mahesh Mahajan\Assignments\C++\getZoneMappings\getZoneMappings\Debug\link.command.1.tlog
D:\Mahesh Mahajan\Assignments\C++\getZoneMappings\getZoneMappings\Debug\link.read.1.tlog
D:\Mahesh Mahajan\Assignments\C++\getZoneMappings\getZoneMappings\Debug\link.write.1.tlog
D:\Mahesh Mahajan\Assignments\C++\getZoneMappings\getZoneMappings\Debug\link-cvtres.read.1.tlog
D:\Mahesh Mahajan\Assignments\C++\getZoneMappings\getZoneMappings\Debug\link-cvtres.write.1.tlog
D:\Mahesh Mahajan\Assignments\C++\getZoneMappings\getZoneMappings\Debug\mt.command.1.tlog
D:\Mahesh Mahajan\Assignments\C++\getZoneMappings\getZoneMappings\Debug\mt.read.1.tlog
D:\Mahesh Mahajan\Assignments\C++\getZoneMappings\getZoneMappings\Debug\mt.write.1.tlog
D:\Mahesh Mahajan\Assignments\C++\getZoneMappings\getZoneMappings\Debug\rc.command.1.tlog
D:\Mahesh Mahajan\Assignments\C++\getZoneMappings\getZoneMappings\Debug\rc.read.1.tlog
D:\Mahesh Mahajan\Assignments\C++\getZoneMappings\getZoneMappings\Debug\rc.write.1.tlog
D:\MAHESH MAHAJAN\ASSIGNMENTS\C++\GETZONEMAPPINGS\GETZONEMAPPINGS\DEBUG\STDAFX.OBJ
D:\Mahesh Mahajan\Assignments\C++\getZoneMappings\getZoneMappings\Debug\vc100.idb
D:\MAHESH MAHAJAN\ASSIGNMENTS\C++\GETZONEMAPPINGS\GETZONEMAPPINGS\DEBUG\VC100.PDB
