C:\USERS\MAHESH.MAHAJAN\DOCUMENTS\VISUAL STUDIO 2010\PROJECTS\SHADOWPRO_GETVOLUMEINFORMATION\DEBUG\SHADOWPRO_GETVOLUMEINFORMATION.EXE
C:\USERS\MAHESH.MAHAJAN\DOCUMENTS\VISUAL STUDIO 2010\PROJECTS\SHADOWPRO_GETVOLUMEINFORMATION\DEBUG\SHADOWPRO_GETVOLUMEINFORMATION.ILK
C:\USERS\MAHESH.MAHAJAN\DOCUMENTS\VISUAL STUDIO 2010\PROJECTS\SHADOWPRO_GETVOLUMEINFORMATION\DEBUG\SHADOWPRO_GETVOLUMEINFORMATION.PDB
c:\Users\mahesh.mahajan\documents\visual studio 2010\Projects\ShadowPro_GetVolumeInformation\ShadowPro_GetVolumeInformation\Debug\cl.command.1.tlog
c:\Users\mahesh.mahajan\documents\visual studio 2010\Projects\ShadowPro_GetVolumeInformation\ShadowPro_GetVolumeInformation\Debug\CL.read.1.tlog
c:\Users\mahesh.mahajan\documents\visual studio 2010\Projects\ShadowPro_GetVolumeInformation\ShadowPro_GetVolumeInformation\Debug\CL.write.1.tlog
c:\Users\mahesh.mahajan\documents\visual studio 2010\Projects\ShadowPro_GetVolumeInformation\ShadowPro_GetVolumeInformation\Debug\link.3468.read.1.tlog
c:\Users\mahesh.mahajan\documents\visual studio 2010\Projects\ShadowPro_GetVolumeInformation\ShadowPro_GetVolumeInformation\Debug\link.3468.write.1.tlog
c:\Users\mahesh.mahajan\documents\visual studio 2010\Projects\ShadowPro_GetVolumeInformation\ShadowPro_GetVolumeInformation\Debug\link.3468-cvtres.read.1.tlog
c:\Users\mahesh.mahajan\documents\visual studio 2010\Projects\ShadowPro_GetVolumeInformation\ShadowPro_GetVolumeInformation\Debug\link.3468-cvtres.write.1.tlog
c:\Users\mahesh.mahajan\documents\visual studio 2010\Projects\ShadowPro_GetVolumeInformation\ShadowPro_GetVolumeInformation\Debug\link.command.1.tlog
c:\Users\mahesh.mahajan\documents\visual studio 2010\Projects\ShadowPro_GetVolumeInformation\ShadowPro_GetVolumeInformation\Debug\link.read.1.tlog
c:\Users\mahesh.mahajan\documents\visual studio 2010\Projects\ShadowPro_GetVolumeInformation\ShadowPro_GetVolumeInformation\Debug\link.write.1.tlog
c:\Users\mahesh.mahajan\documents\visual studio 2010\Projects\ShadowPro_GetVolumeInformation\ShadowPro_GetVolumeInformation\Debug\link-cvtres.read.1.tlog
c:\Users\mahesh.mahajan\documents\visual studio 2010\Projects\ShadowPro_GetVolumeInformation\ShadowPro_GetVolumeInformation\Debug\link-cvtres.write.1.tlog
c:\Users\mahesh.mahajan\documents\visual studio 2010\Projects\ShadowPro_GetVolumeInformation\ShadowPro_GetVolumeInformation\Debug\mt.command.1.tlog
c:\Users\mahesh.mahajan\documents\visual studio 2010\Projects\ShadowPro_GetVolumeInformation\ShadowPro_GetVolumeInformation\Debug\mt.read.1.tlog
c:\Users\mahesh.mahajan\documents\visual studio 2010\Projects\ShadowPro_GetVolumeInformation\ShadowPro_GetVolumeInformation\Debug\mt.write.1.tlog
c:\Users\mahesh.mahajan\documents\visual studio 2010\Projects\ShadowPro_GetVolumeInformation\ShadowPro_GetVolumeInformation\Debug\rc.command.1.tlog
c:\Users\mahesh.mahajan\documents\visual studio 2010\Projects\ShadowPro_GetVolumeInformation\ShadowPro_GetVolumeInformation\Debug\rc.read.1.tlog
c:\Users\mahesh.mahajan\documents\visual studio 2010\Projects\ShadowPro_GetVolumeInformation\ShadowPro_GetVolumeInformation\Debug\rc.write.1.tlog
C:\USERS\MAHESH.MAHAJAN\DOCUMENTS\VISUAL STUDIO 2010\PROJECTS\SHADOWPRO_GETVOLUMEINFORMATION\SHADOWPRO_GETVOLUMEINFORMATION\DEBUG\SHADOWPRO_GETVOLUMEINFORMATION.EXE.EMBED.MANIFEST
C:\USERS\MAHESH.MAHAJAN\DOCUMENTS\VISUAL STUDIO 2010\PROJECTS\SHADOWPRO_GETVOLUMEINFORMATION\SHADOWPRO_GETVOLUMEINFORMATION\DEBUG\SHADOWPRO_GETVOLUMEINFORMATION.EXE.EMBED.MANIFEST.RES
C:\USERS\MAHESH.MAHAJAN\DOCUMENTS\VISUAL STUDIO 2010\PROJECTS\SHADOWPRO_GETVOLUMEINFORMATION\SHADOWPRO_GETVOLUMEINFORMATION\DEBUG\SHADOWPRO_GETVOLUMEINFORMATION.EXE.INTERMEDIATE.MANIFEST
C:\USERS\MAHESH.MAHAJAN\DOCUMENTS\VISUAL STUDIO 2010\PROJECTS\SHADOWPRO_GETVOLUMEINFORMATION\SHADOWPRO_GETVOLUMEINFORMATION\DEBUG\SHADOWPRO_GETVOLUMEINFORMATION.OBJ
C:\USERS\MAHESH.MAHAJAN\DOCUMENTS\VISUAL STUDIO 2010\PROJECTS\SHADOWPRO_GETVOLUMEINFORMATION\SHADOWPRO_GETVOLUMEINFORMATION\DEBUG\SHADOWPRO_GETVOLUMEINFORMATION.PCH
c:\Users\mahesh.mahajan\documents\visual studio 2010\Projects\ShadowPro_GetVolumeInformation\ShadowPro_GetVolumeInformation\Debug\ShadowPro_GetVolumeInformation.vcxprojResolveAssemblyReference.cache
c:\Users\mahesh.mahajan\documents\visual studio 2010\Projects\ShadowPro_GetVolumeInformation\ShadowPro_GetVolumeInformation\Debug\ShadowPro_GetVolumeInformation.write.1.tlog
c:\Users\mahesh.mahajan\documents\visual studio 2010\Projects\ShadowPro_GetVolumeInformation\ShadowPro_GetVolumeInformation\Debug\ShadowPro_GetVolumeInformation_manifest.rc
C:\USERS\MAHESH.MAHAJAN\DOCUMENTS\VISUAL STUDIO 2010\PROJECTS\SHADOWPRO_GETVOLUMEINFORMATION\SHADOWPRO_GETVOLUMEINFORMATION\DEBUG\STDAFX.OBJ
c:\Users\mahesh.mahajan\documents\visual studio 2010\Projects\ShadowPro_GetVolumeInformation\ShadowPro_GetVolumeInformation\Debug\vc100.idb
C:\USERS\MAHESH.MAHAJAN\DOCUMENTS\VISUAL STUDIO 2010\PROJECTS\SHADOWPRO_GETVOLUMEINFORMATION\SHADOWPRO_GETVOLUMEINFORMATION\DEBUG\VC100.PDB
