D:\MAHESH MAHAJAN\ASSIGNMENTS\C++\DELETEFILE\DELETEFILE\DEBUG\DELETEFILE.OBJ
D:\MAHESH MAHAJAN\ASSIGNMENTS\C++\DELETEFILE\DELETEFILE\DEBUG\STDAFX.OBJ
D:\MAHESH MAHAJAN\ASSIGNMENTS\C++\DELETEFILE\DELETEFILE\DEBUG\VC100.PDB
D:\MAHESH MAHAJAN\ASSIGNMENTS\C++\DELETEFILE\DEBUG\DELETEFILE.ILK
D:\MAHESH MAHAJAN\ASSIGNMENTS\C++\DELETEFILE\DEBUG\DELETEFILE.EXE
D:\MAHESH MAHAJAN\ASSIGNMENTS\C++\DELETEFILE\DELETEFILE\DEBUG\DELETEFILE.EXE.INTERMEDIATE.MANIFEST
D:\MAHESH MAHAJAN\ASSIGNMENTS\C++\DELETEFILE\DEBUG\DELETEFILE.PDB
D:\MAHESH MAHAJAN\ASSIGNMENTS\C++\DELETEFILE\DELETEFILE\DEBUG\DELETEFILE.EXE.EMBED.MANIFEST
D:\MAHESH MAHAJAN\ASSIGNMENTS\C++\DELETEFILE\DELETEFILE\DEBUG\DELETEFILE.EXE.EMBED.MANIFEST.RES
D:\Mahesh Mahajan\Assignments\C++\DeleteFile\DeleteFile\Debug\DeleteFile.obj
D:\Mahesh Mahajan\Assignments\C++\DeleteFile\DeleteFile\Debug\stdafx.obj
D:\Mahesh Mahajan\Assignments\C++\DeleteFile\DeleteFile\Debug\cl.command.1.tlog
D:\Mahesh Mahajan\Assignments\C++\DeleteFile\DeleteFile\Debug\CL.read.1.tlog
D:\Mahesh Mahajan\Assignments\C++\DeleteFile\DeleteFile\Debug\CL.write.1.tlog
D:\Mahesh Mahajan\Assignments\C++\DeleteFile\DeleteFile\Debug\link-cvtres.read.1.tlog
D:\Mahesh Mahajan\Assignments\C++\DeleteFile\DeleteFile\Debug\link-cvtres.write.1.tlog
D:\Mahesh Mahajan\Assignments\C++\DeleteFile\DeleteFile\Debug\link.1040-cvtres.read.1.tlog
D:\Mahesh Mahajan\Assignments\C++\DeleteFile\DeleteFile\Debug\link.1040-cvtres.write.1.tlog
D:\Mahesh Mahajan\Assignments\C++\DeleteFile\DeleteFile\Debug\link.1040.read.1.tlog
D:\Mahesh Mahajan\Assignments\C++\DeleteFile\DeleteFile\Debug\link.1040.write.1.tlog
D:\Mahesh Mahajan\Assignments\C++\DeleteFile\DeleteFile\Debug\link.command.1.tlog
D:\Mahesh Mahajan\Assignments\C++\DeleteFile\DeleteFile\Debug\link.read.1.tlog
D:\Mahesh Mahajan\Assignments\C++\DeleteFile\DeleteFile\Debug\link.write.1.tlog
D:\Mahesh Mahajan\Assignments\C++\DeleteFile\DeleteFile\Debug\mt.command.1.tlog
D:\Mahesh Mahajan\Assignments\C++\DeleteFile\DeleteFile\Debug\mt.read.1.tlog
D:\Mahesh Mahajan\Assignments\C++\DeleteFile\DeleteFile\Debug\mt.write.1.tlog
D:\Mahesh Mahajan\Assignments\C++\DeleteFile\DeleteFile\Debug\rc.command.1.tlog
D:\Mahesh Mahajan\Assignments\C++\DeleteFile\DeleteFile\Debug\rc.read.1.tlog
D:\Mahesh Mahajan\Assignments\C++\DeleteFile\DeleteFile\Debug\rc.write.1.tlog
D:\Mahesh Mahajan\Assignments\C++\DeleteFile\DeleteFile\Debug\DeleteFile.exe.embed.manifest
D:\Mahesh Mahajan\Assignments\C++\DeleteFile\DeleteFile\Debug\DeleteFile.exe.intermediate.manifest
D:\Mahesh Mahajan\Assignments\C++\DeleteFile\DeleteFile\Debug\DeleteFile.exe.embed.manifest.res
D:\Mahesh Mahajan\Assignments\C++\DeleteFile\DeleteFile\Debug\vc100.idb
D:\Mahesh Mahajan\Assignments\C++\DeleteFile\DeleteFile\Debug\vc100.pdb
D:\Mahesh Mahajan\Assignments\C++\DeleteFile\DeleteFile\Debug\DeleteFile_manifest.rc
D:\Mahesh Mahajan\Assignments\C++\DeleteFile\Debug\DeleteFile.pdb
D:\Mahesh Mahajan\Assignments\C++\DeleteFile\Debug\DeleteFile.exe
D:\Mahesh Mahajan\Assignments\C++\DeleteFile\Debug\DeleteFile.ilk
