Build started 10/15/2015 15:15:41.
     1>Project "c:\Users\mahesh.mahajan\documents\visual studio 2010\Projects\RemovingKeyValuePairINI\RemovingKeyValuePairINI\RemovingKeyValuePairINI.vcxproj" on node 2 (build target(s)).
     1>InitializeBuildStatus:
         Creating "Debug\RemovingKeyValuePairINI.unsuccessfulbuild" because "AlwaysCreate" was specified.
       ClCompile:
         All outputs are up-to-date.
         c:\Program Files (x86)\Microsoft Visual Studio 10.0\VC\bin\CL.exe /c /ZI /nologo /W3 /WX- /Od /Oy- /D WIN32 /D _DEBUG /D _CONSOLE /D _MBCS /Gm /EHsc /RTC1 /MDd /GS /fp:precise /Zc:wchar_t /Zc:forScope /Yu"StdAfx.h" /Fp"Debug\RemovingKeyValuePairINI.pch" /Fo"Debug\\" /Fd"Debug\vc100.pdb" /Gd /TP /analyze- /errorReport:prompt RemovingKeyValuePairINI.cpp
         RemovingKeyValuePairINI.cpp
       ManifestResourceCompile:
         All outputs are up-to-date.
       Link:
         c:\Program Files (x86)\Microsoft Visual Studio 10.0\VC\bin\link.exe /ERRORREPORT:PROMPT /OUT:"c:\users\mahesh.mahajan\documents\visual studio 2010\Projects\RemovingKeyValuePairINI\Debug\RemovingKeyValuePairINI.exe" /INCREMENTAL /NOLOGO kernel32.lib user32.lib gdi32.lib winspool.lib comdlg32.lib advapi32.lib shell32.lib ole32.lib oleaut32.lib uuid.lib odbc32.lib odbccp32.lib /MANIFEST /ManifestFile:"Debug\RemovingKeyValuePairINI.exe.intermediate.manifest" /MANIFESTUAC:"level='asInvoker' uiAccess='false'" /DEBUG /PDB:"c:\users\mahesh.mahajan\documents\visual studio 2010\Projects\RemovingKeyValuePairINI\Debug\RemovingKeyValuePairINI.pdb" /SUBSYSTEM:CONSOLE /TLBID:1 /DYNAMICBASE /NXCOMPAT /IMPLIB:"c:\users\mahesh.mahajan\documents\visual studio 2010\Projects\RemovingKeyValuePairINI\Debug\RemovingKeyValuePairINI.lib" /MACHINE:X86 Debug\RemovingKeyValuePairINI.exe.embed.manifest.res
         Debug\RemovingKeyValuePairINI.obj
         Debug\stdafx.obj
       Manifest:
         C:\Program Files (x86)\Microsoft SDKs\Windows\v7.0A\bin\mt.exe /nologo /verbose /out:"Debug\RemovingKeyValuePairINI.exe.embed.manifest" /manifest Debug\RemovingKeyValuePairINI.exe.intermediate.manifest
         All outputs are up-to-date.
       LinkEmbedManifest:
         All outputs are up-to-date.
         RemovingKeyValuePairINI.vcxproj -> c:\users\mahesh.mahajan\documents\visual studio 2010\Projects\RemovingKeyValuePairINI\Debug\RemovingKeyValuePairINI.exe
       FinalizeBuildStatus:
         Deleting file "Debug\RemovingKeyValuePairINI.unsuccessfulbuild".
         Touching "Debug\RemovingKeyValuePairINI.lastbuildstate".
     1>Done Building Project "c:\Users\mahesh.mahajan\documents\visual studio 2010\Projects\RemovingKeyValuePairINI\RemovingKeyValuePairINI\RemovingKeyValuePairINI.vcxproj" (build target(s)).

Build succeeded.

Time Elapsed 00:00:01.54
