D:\MAHESH MAHAJAN\ASSIGNMENTS\C++\GETOSVERSIONINFO\GETOSVERSIONINFO\RELEASE\STDAFX.OBJ
D:\MAHESH MAHAJAN\ASSIGNMENTS\C++\GETOSVERSIONINFO\GETOSVERSIONINFO\RELEASE\GETOSVERSIONINFO.OBJ
D:\MAHESH MAHAJAN\ASSIGNMENTS\C++\GETOSVERSIONINFO\GETOSVERSIONINFO\RELEASE\VC100.PDB
D:\MAHESH MAHAJAN\ASSIGNMENTS\C++\GETOSVERSIONINFO\RELEASE\GETOSVERSIONINFO.EXE
D:\MAHESH MAHAJAN\ASSIGNMENTS\C++\GETOSVERSIONINFO\GETOSVERSIONINFO\RELEASE\GETOSVERSIONINFO.EXE.INTERMEDIATE.MANIFEST
D:\MAHESH MAHAJAN\ASSIGNMENTS\C++\GETOSVERSIONINFO\RELEASE\GETOSVERSIONINFO.PDB
D:\Mahesh Mahajan\Assignments\C++\GetOSVersionInfo\GetOSVersionInfo\Release\GetOSVersionInfo.obj
D:\Mahesh Mahajan\Assignments\C++\GetOSVersionInfo\GetOSVersionInfo\Release\stdafx.obj
D:\Mahesh Mahajan\Assignments\C++\GetOSVersionInfo\GetOSVersionInfo\Release\cl.command.1.tlog
D:\Mahesh Mahajan\Assignments\C++\GetOSVersionInfo\GetOSVersionInfo\Release\CL.read.1.tlog
D:\Mahesh Mahajan\Assignments\C++\GetOSVersionInfo\GetOSVersionInfo\Release\CL.write.1.tlog
D:\Mahesh Mahajan\Assignments\C++\GetOSVersionInfo\GetOSVersionInfo\Release\link.command.1.tlog
D:\Mahesh Mahajan\Assignments\C++\GetOSVersionInfo\GetOSVersionInfo\Release\link.read.1.tlog
D:\Mahesh Mahajan\Assignments\C++\GetOSVersionInfo\GetOSVersionInfo\Release\link.write.1.tlog
D:\Mahesh Mahajan\Assignments\C++\GetOSVersionInfo\GetOSVersionInfo\Release\mt.command.1.tlog
D:\Mahesh Mahajan\Assignments\C++\GetOSVersionInfo\GetOSVersionInfo\Release\mt.read.1.tlog
D:\Mahesh Mahajan\Assignments\C++\GetOSVersionInfo\GetOSVersionInfo\Release\mt.write.1.tlog
D:\Mahesh Mahajan\Assignments\C++\GetOSVersionInfo\GetOSVersionInfo\Release\GetOSVersionInfo.exe.intermediate.manifest
D:\Mahesh Mahajan\Assignments\C++\GetOSVersionInfo\GetOSVersionInfo\Release\vc100.pdb
D:\Mahesh Mahajan\Assignments\C++\GetOSVersionInfo\Release\GetOSVersionInfo.pdb
D:\Mahesh Mahajan\Assignments\C++\GetOSVersionInfo\Release\GetOSVersionInfo.exe
