D:\MAHESH MAHAJAN\ASSIGNMENTS\C++\HASHTABLE\DEBUG\HASHTABLE.EXE
D:\MAHESH MAHAJAN\ASSIGNMENTS\C++\HASHTABLE\DEBUG\HASHTABLE.ILK
D:\MAHESH MAHAJAN\ASSIGNMENTS\C++\HASHTABLE\DEBUG\HASHTABLE.PDB
D:\Mahesh Mahajan\Assignments\C++\HashTable\HashTable\Debug\cl.command.1.tlog
D:\Mahesh Mahajan\Assignments\C++\HashTable\HashTable\Debug\CL.read.1.tlog
D:\Mahesh Mahajan\Assignments\C++\HashTable\HashTable\Debug\CL.write.1.tlog
D:\MAHESH MAHAJAN\ASSIGNMENTS\C++\HASHTABLE\HASHTABLE\DEBUG\HASHTABLE.EXE.EMBED.MANIFEST
D:\MAHESH MAHAJAN\ASSIGNMENTS\C++\HASHTABLE\HASHTABLE\DEBUG\HASHTABLE.EXE.EMBED.MANIFEST.RES
D:\MAHESH MAHAJAN\ASSIGNMENTS\C++\HASHTABLE\HASHTABLE\DEBUG\HASHTABLE.EXE.INTERMEDIATE.MANIFEST
D:\MAHESH MAHAJAN\ASSIGNMENTS\C++\HASHTABLE\HASHTABLE\DEBUG\HASHTABLE.OBJ
D:\MAHESH MAHAJAN\ASSIGNMENTS\C++\HASHTABLE\HASHTABLE\DEBUG\HASHTABLE.PCH
D:\Mahesh Mahajan\Assignments\C++\HashTable\HashTable\Debug\HashTable_manifest.rc
D:\Mahesh Mahajan\Assignments\C++\HashTable\HashTable\Debug\link.3788.read.1.tlog
D:\Mahesh Mahajan\Assignments\C++\HashTable\HashTable\Debug\link.3788.write.1.tlog
D:\Mahesh Mahajan\Assignments\C++\HashTable\HashTable\Debug\link.3788-cvtres.read.1.tlog
D:\Mahesh Mahajan\Assignments\C++\HashTable\HashTable\Debug\link.3788-cvtres.write.1.tlog
D:\Mahesh Mahajan\Assignments\C++\HashTable\HashTable\Debug\link.command.1.tlog
D:\Mahesh Mahajan\Assignments\C++\HashTable\HashTable\Debug\link.read.1.tlog
D:\Mahesh Mahajan\Assignments\C++\HashTable\HashTable\Debug\link.write.1.tlog
D:\Mahesh Mahajan\Assignments\C++\HashTable\HashTable\Debug\link-cvtres.read.1.tlog
D:\Mahesh Mahajan\Assignments\C++\HashTable\HashTable\Debug\link-cvtres.write.1.tlog
D:\Mahesh Mahajan\Assignments\C++\HashTable\HashTable\Debug\mt.command.1.tlog
D:\Mahesh Mahajan\Assignments\C++\HashTable\HashTable\Debug\mt.read.1.tlog
D:\Mahesh Mahajan\Assignments\C++\HashTable\HashTable\Debug\mt.write.1.tlog
D:\Mahesh Mahajan\Assignments\C++\HashTable\HashTable\Debug\rc.command.1.tlog
D:\Mahesh Mahajan\Assignments\C++\HashTable\HashTable\Debug\rc.read.1.tlog
D:\Mahesh Mahajan\Assignments\C++\HashTable\HashTable\Debug\rc.write.1.tlog
D:\MAHESH MAHAJAN\ASSIGNMENTS\C++\HASHTABLE\HASHTABLE\DEBUG\STDAFX.OBJ
D:\Mahesh Mahajan\Assignments\C++\HashTable\HashTable\Debug\vc100.idb
D:\MAHESH MAHAJAN\ASSIGNMENTS\C++\HASHTABLE\HASHTABLE\DEBUG\VC100.PDB
