D:\MAHESH MAHAJAN\ASSIGNMENTS\C++\ADDSITETOZONE\ADDSITETOZONE\DEBUG\.NETFRAMEWORK,VERSION=V4.0.ASSEMBLYATTRIBUTES.OBJ
D:\MAHESH MAHAJAN\ASSIGNMENTS\C++\ADDSITETOZONE\ADDSITETOZONE\DEBUG\ADDSITETOZONE.EXE.INTERMEDIATE.MANIFEST
D:\MAHESH MAHAJAN\ASSIGNMENTS\C++\ADDSITETOZONE\ADDSITETOZONE\DEBUG\ADDSITETOZONE.OBJ
D:\MAHESH MAHAJAN\ASSIGNMENTS\C++\ADDSITETOZONE\ADDSITETOZONE\DEBUG\ADDSITETOZONE.PCH
D:\Mahesh Mahajan\Assignments\C++\AddSiteToZone\AddSiteToZone\Debug\cl.command.1.tlog
D:\Mahesh Mahajan\Assignments\C++\AddSiteToZone\AddSiteToZone\Debug\CL.read.1.tlog
D:\Mahesh Mahajan\Assignments\C++\AddSiteToZone\AddSiteToZone\Debug\CL.write.1.tlog
D:\Mahesh Mahajan\Assignments\C++\AddSiteToZone\AddSiteToZone\Debug\link.508.read.1.tlog
D:\Mahesh Mahajan\Assignments\C++\AddSiteToZone\AddSiteToZone\Debug\link.508.write.1.tlog
D:\Mahesh Mahajan\Assignments\C++\AddSiteToZone\AddSiteToZone\Debug\link.command.1.tlog
D:\Mahesh Mahajan\Assignments\C++\AddSiteToZone\AddSiteToZone\Debug\link.read.1.tlog
D:\Mahesh Mahajan\Assignments\C++\AddSiteToZone\AddSiteToZone\Debug\link.write.1.tlog
D:\Mahesh Mahajan\Assignments\C++\AddSiteToZone\AddSiteToZone\Debug\mt.command.1.tlog
D:\Mahesh Mahajan\Assignments\C++\AddSiteToZone\AddSiteToZone\Debug\mt.read.1.tlog
D:\Mahesh Mahajan\Assignments\C++\AddSiteToZone\AddSiteToZone\Debug\mt.write.1.tlog
D:\MAHESH MAHAJAN\ASSIGNMENTS\C++\ADDSITETOZONE\ADDSITETOZONE\DEBUG\STDAFX.OBJ
D:\MAHESH MAHAJAN\ASSIGNMENTS\C++\ADDSITETOZONE\ADDSITETOZONE\DEBUG\VC100.PDB
D:\MAHESH MAHAJAN\ASSIGNMENTS\C++\ADDSITETOZONE\DEBUG\ADDSITETOZONE.EXE
D:\MAHESH MAHAJAN\ASSIGNMENTS\C++\ADDSITETOZONE\DEBUG\ADDSITETOZONE.ILK
D:\MAHESH MAHAJAN\ASSIGNMENTS\C++\ADDSITETOZONE\DEBUG\ADDSITETOZONE.PDB
