D:\MAHESH MAHAJAN\ASSIGNMENTS\C++\WIN32DEBUGAPI\WIN32DEBUGAPI\DEBUG\WIN32DEBUGAPI.PCH
D:\MAHESH MAHAJAN\ASSIGNMENTS\C++\WIN32DEBUGAPI\WIN32DEBUGAPI\DEBUG\STDAFX.OBJ
D:\MAHESH MAHAJAN\ASSIGNMENTS\C++\WIN32DEBUGAPI\WIN32DEBUGAPI\DEBUG\VC110.PDB
D:\MAHESH MAHAJAN\ASSIGNMENTS\C++\WIN32DEBUGAPI\WIN32DEBUGAPI\DEBUG\WIN32DEBUGAPI.OBJ
D:\MAHESH MAHAJAN\ASSIGNMENTS\C++\WIN32DEBUGAPI\WIN32DEBUGAPI\DEBUG\WIN32DEBUGAPI.RES
D:\Mahesh Mahajan\Assignments\C++\Win32DebugAPI\Win32DebugAPI\Debug\stdafx.obj
D:\Mahesh Mahajan\Assignments\C++\Win32DebugAPI\Win32DebugAPI\Debug\Win32DebugAPI.obj
D:\Mahesh Mahajan\Assignments\C++\Win32DebugAPI\Win32DebugAPI\Debug\cl.command.1.tlog
D:\Mahesh Mahajan\Assignments\C++\Win32DebugAPI\Win32DebugAPI\Debug\CL.read.1.tlog
D:\Mahesh Mahajan\Assignments\C++\Win32DebugAPI\Win32DebugAPI\Debug\CL.write.1.tlog
D:\Mahesh Mahajan\Assignments\C++\Win32DebugAPI\Win32DebugAPI\Debug\link-cvtres.read.1.tlog
D:\Mahesh Mahajan\Assignments\C++\Win32DebugAPI\Win32DebugAPI\Debug\link-cvtres.write.1.tlog
D:\Mahesh Mahajan\Assignments\C++\Win32DebugAPI\Win32DebugAPI\Debug\link-rc.read.1.tlog
D:\Mahesh Mahajan\Assignments\C++\Win32DebugAPI\Win32DebugAPI\Debug\link-rc.write.1.tlog
D:\Mahesh Mahajan\Assignments\C++\Win32DebugAPI\Win32DebugAPI\Debug\link.command.1.tlog
D:\Mahesh Mahajan\Assignments\C++\Win32DebugAPI\Win32DebugAPI\Debug\link.read.1.tlog
D:\Mahesh Mahajan\Assignments\C++\Win32DebugAPI\Win32DebugAPI\Debug\link.write.1.tlog
D:\Mahesh Mahajan\Assignments\C++\Win32DebugAPI\Win32DebugAPI\Debug\rc.command.1.tlog
D:\Mahesh Mahajan\Assignments\C++\Win32DebugAPI\Win32DebugAPI\Debug\rc.read.1.tlog
D:\Mahesh Mahajan\Assignments\C++\Win32DebugAPI\Win32DebugAPI\Debug\rc.write.1.tlog
D:\Mahesh Mahajan\Assignments\C++\Win32DebugAPI\Win32DebugAPI\Debug\Win32DebugAPI.res
D:\Mahesh Mahajan\Assignments\C++\Win32DebugAPI\Win32DebugAPI\Debug\Win32DebugAPI.pch
D:\Mahesh Mahajan\Assignments\C++\Win32DebugAPI\Win32DebugAPI\Debug\vc110.idb
D:\Mahesh Mahajan\Assignments\C++\Win32DebugAPI\Win32DebugAPI\Debug\vc110.pdb
D:\Mahesh Mahajan\Assignments\C++\Win32DebugAPI\Debug\Win32DebugAPI.pdb
