Build started 06/05/2015 20:46:55.
     1>Project "D:\Mahesh Mahajan\Assignments\C++\GetSectionNamesINI\GetSectionNamesINI\GetSectionNamesINI.vcxproj" on node 2 (Build target(s)).
     1>ClCompile:
         c:\Program Files (x86)\Microsoft Visual Studio 10.0\VC\bin\CL.exe /c /ZI /nologo /W3 /WX- /Od /Oy- /D WIN32 /D _DEBUG /D _CONSOLE /D _MBCS /Gm /EHsc /RTC1 /MDd /GS /fp:precise /Zc:wchar_t /Zc:forScope /Fo"Debug\\" /Fd"Debug\vc100.pdb" /Gd /TP /analyze- /errorReport:prompt GetSectionNamesINI.cpp stdafx.cpp
         stdafx.cpp
         GetSectionNamesINI.cpp
     1>d:\mahesh mahajan\assignments\c++\getsectionnamesini\getsectionnamesini\getsectionnamesini.cpp(20): warning C4101: 'nul_ocr' : unreferenced local variable
     1>d:\mahesh mahajan\assignments\c++\getsectionnamesini\getsectionnamesini\getsectionnamesini.cpp(20): warning C4101: 'Bytes_Read' : unreferenced local variable
     1>d:\mahesh mahajan\assignments\c++\getsectionnamesini\getsectionnamesini\getsectionnamesini.cpp(53): warning C4996: 'strcpy': This function or variable may be unsafe. Consider using strcpy_s instead. To disable deprecation, use _CRT_SECURE_NO_WARNINGS. See online help for details.
                 c:\program files (x86)\microsoft visual studio 10.0\vc\include\string.h(105) : see declaration of 'strcpy'
         Generating Code...
       ManifestResourceCompile:
         C:\Program Files (x86)\Microsoft SDKs\Windows\v7.0A\bin\rc.exe /nologo /fo"Debug\GetSectionNamesINI.exe.embed.manifest.res" Debug\GetSectionNamesINI_manifest.rc 
       Link:
         c:\Program Files (x86)\Microsoft Visual Studio 10.0\VC\bin\link.exe /ERRORREPORT:PROMPT /OUT:"D:\Mahesh Mahajan\Assignments\C++\GetSectionNamesINI\Debug\GetSectionNamesINI.exe" /INCREMENTAL /NOLOGO kernel32.lib user32.lib gdi32.lib winspool.lib comdlg32.lib advapi32.lib shell32.lib ole32.lib oleaut32.lib uuid.lib odbc32.lib odbccp32.lib /MANIFEST /ManifestFile:"Debug\GetSectionNamesINI.exe.intermediate.manifest" /MANIFESTUAC:"level='asInvoker' uiAccess='false'" /DEBUG /PDB:"D:\Mahesh Mahajan\Assignments\C++\GetSectionNamesINI\Debug\GetSectionNamesINI.pdb" /SUBSYSTEM:CONSOLE /TLBID:1 /DYNAMICBASE /NXCOMPAT /IMPLIB:"D:\Mahesh Mahajan\Assignments\C++\GetSectionNamesINI\Debug\GetSectionNamesINI.lib" /MACHINE:X86 Debug\GetSectionNamesINI.exe.embed.manifest.res
         Debug\GetSectionNamesINI.obj
         Debug\stdafx.obj
       Manifest:
         C:\Program Files (x86)\Microsoft SDKs\Windows\v7.0A\bin\mt.exe /nologo /verbose /out:"Debug\GetSectionNamesINI.exe.embed.manifest" /manifest Debug\GetSectionNamesINI.exe.intermediate.manifest
         C:\Program Files (x86)\Microsoft SDKs\Windows\v7.0A\bin\rc.exe /nologo /fo"Debug\GetSectionNamesINI.exe.embed.manifest.res" Debug\GetSectionNamesINI_manifest.rc 
       LinkEmbedManifest:
         c:\Program Files (x86)\Microsoft Visual Studio 10.0\VC\bin\link.exe /ERRORREPORT:PROMPT /OUT:"D:\Mahesh Mahajan\Assignments\C++\GetSectionNamesINI\Debug\GetSectionNamesINI.exe" /INCREMENTAL /NOLOGO kernel32.lib user32.lib gdi32.lib winspool.lib comdlg32.lib advapi32.lib shell32.lib ole32.lib oleaut32.lib uuid.lib odbc32.lib odbccp32.lib /MANIFEST /ManifestFile:"Debug\GetSectionNamesINI.exe.intermediate.manifest" /MANIFESTUAC:"level='asInvoker' uiAccess='false'" /DEBUG /PDB:"D:\Mahesh Mahajan\Assignments\C++\GetSectionNamesINI\Debug\GetSectionNamesINI.pdb" /SUBSYSTEM:CONSOLE /TLBID:1 /DYNAMICBASE /NXCOMPAT /IMPLIB:"D:\Mahesh Mahajan\Assignments\C++\GetSectionNamesINI\Debug\GetSectionNamesINI.lib" /MACHINE:X86 Debug\GetSectionNamesINI.exe.embed.manifest.res
         Debug\GetSectionNamesINI.obj
         Debug\stdafx.obj
         GetSectionNamesINI.vcxproj -> D:\Mahesh Mahajan\Assignments\C++\GetSectionNamesINI\Debug\GetSectionNamesINI.exe
     1>Done Building Project "D:\Mahesh Mahajan\Assignments\C++\GetSectionNamesINI\GetSectionNamesINI\GetSectionNamesINI.vcxproj" (Build target(s)).

Build succeeded.

Time Elapsed 00:00:03.06
