D:\MAHESH MAHAJAN\ASSIGNMENTS\C++\GETSECTIONNAMESINI\GETSECTIONNAMESINI\DEBUG\GETSECTIONNAMESINI.OBJ
D:\MAHESH MAHAJAN\ASSIGNMENTS\C++\GETSECTIONNAMESINI\GETSECTIONNAMESINI\DEBUG\STDAFX.OBJ
D:\MAHESH MAHAJAN\ASSIGNMENTS\C++\GETSECTIONNAMESINI\GETSECTIONNAMESINI\DEBUG\VC100.PDB
D:\MAHESH MAHAJAN\ASSIGNMENTS\C++\GETSECTIONNAMESINI\DEBUG\GETSECTIONNAMESINI.ILK
D:\MAHESH MAHAJAN\ASSIGNMENTS\C++\GETSECTIONNAMESINI\DEBUG\GETSECTIONNAMESINI.EXE
D:\MAHESH MAHAJAN\ASSIGNMENTS\C++\GETSECTIONNAMESINI\GETSECTIONNAMESINI\DEBUG\GETSECTIONNAMESINI.EXE.INTERMEDIATE.MANIFEST
D:\MAHESH MAHAJAN\ASSIGNMENTS\C++\GETSECTIONNAMESINI\DEBUG\GETSECTIONNAMESINI.PDB
D:\MAHESH MAHAJAN\ASSIGNMENTS\C++\GETSECTIONNAMESINI\GETSECTIONNAMESINI\DEBUG\GETSECTIONNAMESINI.EXE.EMBED.MANIFEST
D:\MAHESH MAHAJAN\ASSIGNMENTS\C++\GETSECTIONNAMESINI\GETSECTIONNAMESINI\DEBUG\GETSECTIONNAMESINI.EXE.EMBED.MANIFEST.RES
D:\Mahesh Mahajan\Assignments\C++\GetSectionNamesINI\GetSectionNamesINI\Debug\GetSectionNamesINI.obj
D:\Mahesh Mahajan\Assignments\C++\GetSectionNamesINI\GetSectionNamesINI\Debug\stdafx.obj
D:\Mahesh Mahajan\Assignments\C++\GetSectionNamesINI\GetSectionNamesINI\Debug\cl.command.1.tlog
D:\Mahesh Mahajan\Assignments\C++\GetSectionNamesINI\GetSectionNamesINI\Debug\CL.read.1.tlog
D:\Mahesh Mahajan\Assignments\C++\GetSectionNamesINI\GetSectionNamesINI\Debug\CL.write.1.tlog
D:\Mahesh Mahajan\Assignments\C++\GetSectionNamesINI\GetSectionNamesINI\Debug\link-cvtres.read.1.tlog
D:\Mahesh Mahajan\Assignments\C++\GetSectionNamesINI\GetSectionNamesINI\Debug\link-cvtres.write.1.tlog
D:\Mahesh Mahajan\Assignments\C++\GetSectionNamesINI\GetSectionNamesINI\Debug\link.4416-cvtres.read.1.tlog
D:\Mahesh Mahajan\Assignments\C++\GetSectionNamesINI\GetSectionNamesINI\Debug\link.4416-cvtres.write.1.tlog
D:\Mahesh Mahajan\Assignments\C++\GetSectionNamesINI\GetSectionNamesINI\Debug\link.4416.read.1.tlog
D:\Mahesh Mahajan\Assignments\C++\GetSectionNamesINI\GetSectionNamesINI\Debug\link.4416.write.1.tlog
D:\Mahesh Mahajan\Assignments\C++\GetSectionNamesINI\GetSectionNamesINI\Debug\link.5868-cvtres.read.1.tlog
D:\Mahesh Mahajan\Assignments\C++\GetSectionNamesINI\GetSectionNamesINI\Debug\link.5868-cvtres.write.1.tlog
D:\Mahesh Mahajan\Assignments\C++\GetSectionNamesINI\GetSectionNamesINI\Debug\link.5868.read.1.tlog
D:\Mahesh Mahajan\Assignments\C++\GetSectionNamesINI\GetSectionNamesINI\Debug\link.5868.write.1.tlog
D:\Mahesh Mahajan\Assignments\C++\GetSectionNamesINI\GetSectionNamesINI\Debug\link.command.1.tlog
D:\Mahesh Mahajan\Assignments\C++\GetSectionNamesINI\GetSectionNamesINI\Debug\link.read.1.tlog
D:\Mahesh Mahajan\Assignments\C++\GetSectionNamesINI\GetSectionNamesINI\Debug\link.write.1.tlog
D:\Mahesh Mahajan\Assignments\C++\GetSectionNamesINI\GetSectionNamesINI\Debug\mt.command.1.tlog
D:\Mahesh Mahajan\Assignments\C++\GetSectionNamesINI\GetSectionNamesINI\Debug\mt.read.1.tlog
D:\Mahesh Mahajan\Assignments\C++\GetSectionNamesINI\GetSectionNamesINI\Debug\mt.write.1.tlog
D:\Mahesh Mahajan\Assignments\C++\GetSectionNamesINI\GetSectionNamesINI\Debug\rc.command.1.tlog
D:\Mahesh Mahajan\Assignments\C++\GetSectionNamesINI\GetSectionNamesINI\Debug\rc.read.1.tlog
D:\Mahesh Mahajan\Assignments\C++\GetSectionNamesINI\GetSectionNamesINI\Debug\rc.write.1.tlog
D:\Mahesh Mahajan\Assignments\C++\GetSectionNamesINI\GetSectionNamesINI\Debug\GetSectionNamesINI.exe.embed.manifest
D:\Mahesh Mahajan\Assignments\C++\GetSectionNamesINI\GetSectionNamesINI\Debug\GetSectionNamesINI.exe.intermediate.manifest
D:\Mahesh Mahajan\Assignments\C++\GetSectionNamesINI\GetSectionNamesINI\Debug\GetSectionNamesINI.exe.embed.manifest.res
D:\Mahesh Mahajan\Assignments\C++\GetSectionNamesINI\GetSectionNamesINI\Debug\vc100.idb
D:\Mahesh Mahajan\Assignments\C++\GetSectionNamesINI\GetSectionNamesINI\Debug\vc100.pdb
D:\Mahesh Mahajan\Assignments\C++\GetSectionNamesINI\GetSectionNamesINI\Debug\GetSectionNamesINI_manifest.rc
D:\Mahesh Mahajan\Assignments\C++\GetSectionNamesINI\Debug\GetSectionNamesINI.pdb
D:\Mahesh Mahajan\Assignments\C++\GetSectionNamesINI\Debug\GetSectionNamesINI.exe
D:\Mahesh Mahajan\Assignments\C++\GetSectionNamesINI\Debug\GetSectionNamesINI.ilk
