Build started 10/14/2015 19:35:54.
     1>Project "C:\Users\mahesh.mahajan\Documents\Visual Studio 2010\Projects\ShadowPro_GetVolumeInformation\ShadowPro_GetVolumeInformation\ShadowPro_GetVolumeInformation.vcxproj" on node 2 (rebuild target(s)).
     1>_PrepareForClean:
         Deleting file "Release\ShadowPro_GetVolumeInformation.lastbuildstate".
       InitializeBuildStatus:
         Creating "Release\ShadowPro_GetVolumeInformation.unsuccessfulbuild" because "AlwaysCreate" was specified.
       ClCompile:
         c:\Program Files (x86)\Microsoft Visual Studio 10.0\VC\bin\CL.exe /c /Zi /nologo /W3 /WX- /O2 /Oi /Oy- /GL /D WIN32 /D NDEBUG /D _CONSOLE /D _MBCS /Gm- /EHsc /MT /GS /Gy /fp:precise /Zc:wchar_t /Zc:forScope /Yc"StdAfx.h" /Fp"Release\ShadowPro_GetVolumeInformation.pch" /Fo"Release\\" /Fd"Release\vc100.pdb" /Gd /TP /analyze- /errorReport:prompt stdafx.cpp
         stdafx.cpp
         c:\Program Files (x86)\Microsoft Visual Studio 10.0\VC\bin\CL.exe /c /Zi /nologo /W3 /WX- /O2 /Oi /Oy- /GL /D WIN32 /D NDEBUG /D _CONSOLE /D _MBCS /Gm- /EHsc /MT /GS /Gy /fp:precise /Zc:wchar_t /Zc:forScope /Yu"StdAfx.h" /Fp"Release\ShadowPro_GetVolumeInformation.pch" /Fo"Release\\" /Fd"Release\vc100.pdb" /Gd /TP /analyze- /errorReport:prompt ShadowPro_GetVolumeInformation.cpp
         ShadowPro_GetVolumeInformation.cpp
     1>ShadowPro_GetVolumeInformation.cpp(22): warning C4996: 'strcpy': This function or variable may be unsafe. Consider using strcpy_s instead. To disable deprecation, use _CRT_SECURE_NO_WARNINGS. See online help for details.
                 c:\Program Files (x86)\Microsoft Visual Studio 10.0\VC\include\string.h(105) : see declaration of 'strcpy'
       Link:
         c:\Program Files (x86)\Microsoft Visual Studio 10.0\VC\bin\link.exe /ERRORREPORT:PROMPT /OUT:"C:\Users\mahesh.mahajan\Documents\Visual Studio 2010\Projects\ShadowPro_GetVolumeInformation\Release\ShadowPro_GetVolumeInformation.exe" /INCREMENTAL:NO /NOLOGO kernel32.lib user32.lib gdi32.lib winspool.lib comdlg32.lib advapi32.lib shell32.lib ole32.lib oleaut32.lib uuid.lib odbc32.lib odbccp32.lib /MANIFEST /ManifestFile:"Release\ShadowPro_GetVolumeInformation.exe.intermediate.manifest" /MANIFESTUAC:"level='asInvoker' uiAccess='false'" /DEBUG /PDB:"C:\Users\mahesh.mahajan\Documents\Visual Studio 2010\Projects\ShadowPro_GetVolumeInformation\Release\ShadowPro_GetVolumeInformation.pdb" /SUBSYSTEM:CONSOLE /OPT:REF /OPT:ICF /LTCG /TLBID:1 /DYNAMICBASE /NXCOMPAT /IMPLIB:"C:\Users\mahesh.mahajan\Documents\Visual Studio 2010\Projects\ShadowPro_GetVolumeInformation\Release\ShadowPro_GetVolumeInformation.lib" /MACHINE:X86 Release\ShadowPro_GetVolumeInformation.obj
         Release\stdafx.obj
         Generating code
         Finished generating code
         ShadowPro_GetVolumeInformation.vcxproj -> C:\Users\mahesh.mahajan\Documents\Visual Studio 2010\Projects\ShadowPro_GetVolumeInformation\Release\ShadowPro_GetVolumeInformation.exe
       Manifest:
         C:\Program Files (x86)\Microsoft SDKs\Windows\v7.0A\bin\mt.exe /nologo /verbose /outputresource:"C:\Users\mahesh.mahajan\Documents\Visual Studio 2010\Projects\ShadowPro_GetVolumeInformation\Release\ShadowPro_GetVolumeInformation.exe;#1" /manifest Release\ShadowPro_GetVolumeInformation.exe.intermediate.manifest
       FinalizeBuildStatus:
         Deleting file "Release\ShadowPro_GetVolumeInformation.unsuccessfulbuild".
         Touching "Release\ShadowPro_GetVolumeInformation.lastbuildstate".
     1>Done Building Project "C:\Users\mahesh.mahajan\Documents\Visual Studio 2010\Projects\ShadowPro_GetVolumeInformation\ShadowPro_GetVolumeInformation\ShadowPro_GetVolumeInformation.vcxproj" (rebuild target(s)).

Build succeeded.

Time Elapsed 00:00:02.99
