Build started 07/24/2015 18:06:04.
     1>Project "D:\Mahesh Mahajan\Assignments\C++\Win32IsServer\Win32IsServer\Win32IsServer.vcxproj" on node 2 (Build target(s)).
     1>ClCompile:
         c:\Program Files (x86)\Microsoft Visual Studio 10.0\VC\bin\CL.exe /c /ZI /nologo /W3 /WX- /Od /Oy- /D WIN32 /D _DEBUG /D _WINDOWS /D _MBCS /Gm /EHsc /RTC1 /MDd /GS /fp:precise /Zc:wchar_t /Zc:forScope /Yc"StdAfx.h" /Fp"Debug\Win32IsServer.pch" /Fo"Debug\\" /Fd"Debug\vc100.pdb" /Gd /TP /analyze- /errorReport:prompt stdafx.cpp
         stdafx.cpp
         c:\Program Files (x86)\Microsoft Visual Studio 10.0\VC\bin\CL.exe /c /ZI /nologo /W3 /WX- /Od /Oy- /D WIN32 /D _DEBUG /D _WINDOWS /D _MBCS /Gm /EHsc /RTC1 /MDd /GS /fp:precise /Zc:wchar_t /Zc:forScope /Yu"StdAfx.h" /Fp"Debug\Win32IsServer.pch" /Fo"Debug\\" /Fd"Debug\vc100.pdb" /Gd /TP /analyze- /errorReport:prompt Win32IsServer.cpp
         Win32IsServer.cpp
     1>c:\program files (x86)\microsoft visual studio 10.0\vc\include\cstdio(48): warning C4995: 'gets': name was marked as #pragma deprecated
     1>c:\program files (x86)\microsoft visual studio 10.0\vc\include\cstdio(52): warning C4995: 'sprintf': name was marked as #pragma deprecated
     1>c:\program files (x86)\microsoft visual studio 10.0\vc\include\cstdio(55): warning C4995: 'vsprintf': name was marked as #pragma deprecated
     1>c:\program files (x86)\microsoft visual studio 10.0\vc\include\cstring(21): warning C4995: 'strcat': name was marked as #pragma deprecated
     1>c:\program files (x86)\microsoft visual studio 10.0\vc\include\cstring(22): warning C4995: 'strcpy': name was marked as #pragma deprecated
     1>c:\program files (x86)\microsoft visual studio 10.0\vc\include\cwchar(30): warning C4995: 'swprintf': name was marked as #pragma deprecated
     1>c:\program files (x86)\microsoft visual studio 10.0\vc\include\cwchar(31): warning C4995: 'vswprintf': name was marked as #pragma deprecated
     1>c:\program files (x86)\microsoft visual studio 10.0\vc\include\cwchar(33): warning C4995: 'wcscat': name was marked as #pragma deprecated
     1>c:\program files (x86)\microsoft visual studio 10.0\vc\include\cwchar(35): warning C4995: 'wcscpy': name was marked as #pragma deprecated
     1>d:\mahesh mahajan\assignments\c++\win32isserver\win32isserver\win32isserver.cpp(36): warning C4305: 'return' : truncation from 'int' to 'bool'
       ResourceCompile:
         C:\Program Files (x86)\Microsoft SDKs\Windows\v7.0A\bin\rc.exe /l"0x0409" /nologo /fo"Debug\Win32IsServer.res" Win32IsServer.rc 
       ManifestResourceCompile:
         C:\Program Files (x86)\Microsoft SDKs\Windows\v7.0A\bin\rc.exe /nologo /fo"Debug\Win32IsServer.exe.embed.manifest.res" Debug\Win32IsServer_manifest.rc 
       Link:
         c:\Program Files (x86)\Microsoft Visual Studio 10.0\VC\bin\link.exe /ERRORREPORT:PROMPT /OUT:"D:\Mahesh Mahajan\Assignments\C++\Win32IsServer\Debug\Win32IsServer.exe" /INCREMENTAL /NOLOGO kernel32.lib user32.lib gdi32.lib winspool.lib comdlg32.lib advapi32.lib shell32.lib ole32.lib oleaut32.lib uuid.lib odbc32.lib odbccp32.lib /MANIFEST /ManifestFile:"Debug\Win32IsServer.exe.intermediate.manifest" /MANIFESTUAC:"level='asInvoker' uiAccess='false'" /DEBUG /PDB:"D:\Mahesh Mahajan\Assignments\C++\Win32IsServer\Debug\Win32IsServer.pdb" /SUBSYSTEM:WINDOWS /TLBID:1 /DYNAMICBASE /NXCOMPAT /IMPLIB:"D:\Mahesh Mahajan\Assignments\C++\Win32IsServer\Debug\Win32IsServer.lib" /MACHINE:X86 Debug\Win32IsServer.res
         Debug\Win32IsServer.exe.embed.manifest.res
         Debug\stdafx.obj
         Debug\Win32IsServer.obj
       Manifest:
         C:\Program Files (x86)\Microsoft SDKs\Windows\v7.0A\bin\mt.exe /nologo /verbose /out:"Debug\Win32IsServer.exe.embed.manifest" /manifest Debug\Win32IsServer.exe.intermediate.manifest
         C:\Program Files (x86)\Microsoft SDKs\Windows\v7.0A\bin\rc.exe /nologo /fo"Debug\Win32IsServer.exe.embed.manifest.res" Debug\Win32IsServer_manifest.rc 
       LinkEmbedManifest:
         c:\Program Files (x86)\Microsoft Visual Studio 10.0\VC\bin\link.exe /ERRORREPORT:PROMPT /OUT:"D:\Mahesh Mahajan\Assignments\C++\Win32IsServer\Debug\Win32IsServer.exe" /INCREMENTAL /NOLOGO kernel32.lib user32.lib gdi32.lib winspool.lib comdlg32.lib advapi32.lib shell32.lib ole32.lib oleaut32.lib uuid.lib odbc32.lib odbccp32.lib /MANIFEST /ManifestFile:"Debug\Win32IsServer.exe.intermediate.manifest" /MANIFESTUAC:"level='asInvoker' uiAccess='false'" /DEBUG /PDB:"D:\Mahesh Mahajan\Assignments\C++\Win32IsServer\Debug\Win32IsServer.pdb" /SUBSYSTEM:WINDOWS /TLBID:1 /DYNAMICBASE /NXCOMPAT /IMPLIB:"D:\Mahesh Mahajan\Assignments\C++\Win32IsServer\Debug\Win32IsServer.lib" /MACHINE:X86 Debug\Win32IsServer.res
         Debug\Win32IsServer.exe.embed.manifest.res
         Debug\stdafx.obj
         Debug\Win32IsServer.obj
         Win32IsServer.vcxproj -> D:\Mahesh Mahajan\Assignments\C++\Win32IsServer\Debug\Win32IsServer.exe
     1>Done Building Project "D:\Mahesh Mahajan\Assignments\C++\Win32IsServer\Win32IsServer\Win32IsServer.vcxproj" (Build target(s)).

Build succeeded.

Time Elapsed 00:00:06.98
