D:\MAHESH MAHAJAN\ASSIGNMENTS\C++\WIN32WINVERSION\WIN32WINVERSION\RELEASE\WIN32WINVERSION.PCH
D:\MAHESH MAHAJAN\ASSIGNMENTS\C++\WIN32WINVERSION\WIN32WINVERSION\RELEASE\STDAFX.OBJ
D:\MAHESH MAHAJAN\ASSIGNMENTS\C++\WIN32WINVERSION\WIN32WINVERSION\RELEASE\VC100.PDB
D:\MAHESH MAHAJAN\ASSIGNMENTS\C++\WIN32WINVERSION\WIN32WINVERSION\RELEASE\WIN32WINVERSION.OBJ
D:\MAHESH MAHAJAN\ASSIGNMENTS\C++\WIN32WINVERSION\RELEASE\WIN32WINVERSION.EXE
D:\MAHESH MAHAJAN\ASSIGNMENTS\C++\WIN32WINVERSION\WIN32WINVERSION\RELEASE\WIN32WINVERSION.EXE.INTERMEDIATE.MANIFEST
D:\MAHESH MAHAJAN\ASSIGNMENTS\C++\WIN32WINVERSION\RELEASE\WIN32WINVERSION.PDB
D:\MAHESH MAHAJAN\ASSIGNMENTS\C++\WIN32WINVERSION\WIN32WINVERSION\RELEASE\WIN32WINVERSION.RES
D:\Mahesh Mahajan\Assignments\C++\Win32WinVersion\Win32WinVersion\Release\stdafx.obj
D:\Mahesh Mahajan\Assignments\C++\Win32WinVersion\Win32WinVersion\Release\Win32WinVersion.obj
D:\Mahesh Mahajan\Assignments\C++\Win32WinVersion\Win32WinVersion\Release\cl.command.1.tlog
D:\Mahesh Mahajan\Assignments\C++\Win32WinVersion\Win32WinVersion\Release\CL.read.1.tlog
D:\Mahesh Mahajan\Assignments\C++\Win32WinVersion\Win32WinVersion\Release\CL.write.1.tlog
D:\Mahesh Mahajan\Assignments\C++\Win32WinVersion\Win32WinVersion\Release\link-cvtres.read.1.tlog
D:\Mahesh Mahajan\Assignments\C++\Win32WinVersion\Win32WinVersion\Release\link-cvtres.write.1.tlog
D:\Mahesh Mahajan\Assignments\C++\Win32WinVersion\Win32WinVersion\Release\link.command.1.tlog
D:\Mahesh Mahajan\Assignments\C++\Win32WinVersion\Win32WinVersion\Release\link.read.1.tlog
D:\Mahesh Mahajan\Assignments\C++\Win32WinVersion\Win32WinVersion\Release\link.write.1.tlog
D:\Mahesh Mahajan\Assignments\C++\Win32WinVersion\Win32WinVersion\Release\mt.command.1.tlog
D:\Mahesh Mahajan\Assignments\C++\Win32WinVersion\Win32WinVersion\Release\mt.read.1.tlog
D:\Mahesh Mahajan\Assignments\C++\Win32WinVersion\Win32WinVersion\Release\mt.write.1.tlog
D:\Mahesh Mahajan\Assignments\C++\Win32WinVersion\Win32WinVersion\Release\rc.command.1.tlog
D:\Mahesh Mahajan\Assignments\C++\Win32WinVersion\Win32WinVersion\Release\rc.read.1.tlog
D:\Mahesh Mahajan\Assignments\C++\Win32WinVersion\Win32WinVersion\Release\rc.write.1.tlog
D:\Mahesh Mahajan\Assignments\C++\Win32WinVersion\Win32WinVersion\Release\Win32WinVersion.exe.intermediate.manifest
D:\Mahesh Mahajan\Assignments\C++\Win32WinVersion\Win32WinVersion\Release\Win32WinVersion.res
D:\Mahesh Mahajan\Assignments\C++\Win32WinVersion\Win32WinVersion\Release\Win32WinVersion.pch
D:\Mahesh Mahajan\Assignments\C++\Win32WinVersion\Win32WinVersion\Release\vc100.pdb
D:\Mahesh Mahajan\Assignments\C++\Win32WinVersion\Release\Win32WinVersion.pdb
D:\Mahesh Mahajan\Assignments\C++\Win32WinVersion\Release\Win32WinVersion.exe
