D:\MAHESH MAHAJAN\ASSIGNMENTS\C++\CREATEPROCESS_SAMPLE\CREATEPROCESS_SAMPLE\RELEASE\STDAFX.OBJ
D:\MAHESH MAHAJAN\ASSIGNMENTS\C++\CREATEPROCESS_SAMPLE\CREATEPROCESS_SAMPLE\RELEASE\CREATEPROCESS_SAMPLE.OBJ
D:\MAHESH MAHAJAN\ASSIGNMENTS\C++\CREATEPROCESS_SAMPLE\CREATEPROCESS_SAMPLE\RELEASE\VC100.PDB
D:\MAHESH MAHAJAN\ASSIGNMENTS\C++\CREATEPROCESS_SAMPLE\RELEASE\CREATEPROCESS_SAMPLE.EXE
D:\MAHESH MAHAJAN\ASSIGNMENTS\C++\CREATEPROCESS_SAMPLE\CREATEPROCESS_SAMPLE\RELEASE\CREATEPROCESS_SAMPLE.EXE.INTERMEDIATE.MANIFEST
D:\MAHESH MAHAJAN\ASSIGNMENTS\C++\CREATEPROCESS_SAMPLE\RELEASE\CREATEPROCESS_SAMPLE.PDB
D:\Mahesh Mahajan\Assignments\C++\CreateProcess_sample\CreateProcess_sample\Release\CreateProcess_sample.obj
D:\Mahesh Mahajan\Assignments\C++\CreateProcess_sample\CreateProcess_sample\Release\stdafx.obj
D:\Mahesh Mahajan\Assignments\C++\CreateProcess_sample\CreateProcess_sample\Release\cl.command.1.tlog
D:\Mahesh Mahajan\Assignments\C++\CreateProcess_sample\CreateProcess_sample\Release\CL.read.1.tlog
D:\Mahesh Mahajan\Assignments\C++\CreateProcess_sample\CreateProcess_sample\Release\CL.write.1.tlog
D:\Mahesh Mahajan\Assignments\C++\CreateProcess_sample\CreateProcess_sample\Release\link.command.1.tlog
D:\Mahesh Mahajan\Assignments\C++\CreateProcess_sample\CreateProcess_sample\Release\link.read.1.tlog
D:\Mahesh Mahajan\Assignments\C++\CreateProcess_sample\CreateProcess_sample\Release\link.write.1.tlog
D:\Mahesh Mahajan\Assignments\C++\CreateProcess_sample\CreateProcess_sample\Release\mt.command.1.tlog
D:\Mahesh Mahajan\Assignments\C++\CreateProcess_sample\CreateProcess_sample\Release\mt.read.1.tlog
D:\Mahesh Mahajan\Assignments\C++\CreateProcess_sample\CreateProcess_sample\Release\mt.write.1.tlog
D:\Mahesh Mahajan\Assignments\C++\CreateProcess_sample\CreateProcess_sample\Release\CreateProcess_sample.exe.intermediate.manifest
D:\Mahesh Mahajan\Assignments\C++\CreateProcess_sample\CreateProcess_sample\Release\vc100.pdb
D:\Mahesh Mahajan\Assignments\C++\CreateProcess_sample\Release\CreateProcess_sample.pdb
D:\Mahesh Mahajan\Assignments\C++\CreateProcess_sample\Release\CreateProcess_sample.exe
