Build started 01/25/2016 18:48:19.
     1>Project "D:\Mahesh Mahajan\Assignments\C++\CreateProcess_sample\CreateProcess_sample\CreateProcess_sample.vcxproj" on node 2 (Build target(s)).
     1>ClCompile:
         c:\Program Files (x86)\Microsoft Visual Studio 10.0\VC\bin\CL.exe /c /Zi /nologo /W3 /WX- /O2 /Oi /Oy- /GL /D WIN32 /D NDEBUG /D _CONSOLE /D _MBCS /Gm- /EHsc /MD /GS /Gy /fp:precise /Zc:wchar_t /Zc:forScope /Fo"Release\\" /Fd"Release\vc100.pdb" /Gd /TP /analyze- /errorReport:prompt CreateProcess_sample.cpp
         CreateProcess_sample.cpp
     1>CreateProcess_sample.cpp(34): warning C4996: 'strcpy': This function or variable may be unsafe. Consider using strcpy_s instead. To disable deprecation, use _CRT_SECURE_NO_WARNINGS. See online help for details.
                 c:\Program Files (x86)\Microsoft Visual Studio 10.0\VC\include\string.h(105) : see declaration of 'strcpy'
     1>CreateProcess_sample.cpp(60): warning C4996: 'sprintf': This function or variable may be unsafe. Consider using sprintf_s instead. To disable deprecation, use _CRT_SECURE_NO_WARNINGS. See online help for details.
                 c:\Program Files (x86)\Microsoft Visual Studio 10.0\VC\include\stdio.h(371) : see declaration of 'sprintf'
     1>CreateProcess_sample.cpp(66): warning C4996: 'itoa': The POSIX name for this item is deprecated. Instead, use the ISO C++ conformant name: _itoa. See online help for details.
                 c:\Program Files (x86)\Microsoft Visual Studio 10.0\VC\include\stdlib.h(867) : see declaration of 'itoa'
       Link:
         c:\Program Files (x86)\Microsoft Visual Studio 10.0\VC\bin\link.exe /ERRORREPORT:PROMPT /OUT:"D:\Mahesh Mahajan\Assignments\C++\CreateProcess_sample\Release\CreateProcess_sample.exe" /INCREMENTAL:NO /NOLOGO kernel32.lib user32.lib gdi32.lib winspool.lib comdlg32.lib advapi32.lib shell32.lib ole32.lib oleaut32.lib uuid.lib odbc32.lib odbccp32.lib /MANIFEST /ManifestFile:"Release\CreateProcess_sample.exe.intermediate.manifest" /MANIFESTUAC:"level='asInvoker' uiAccess='false'" /DEBUG /PDB:"D:\Mahesh Mahajan\Assignments\C++\CreateProcess_sample\Release\CreateProcess_sample.pdb" /SUBSYSTEM:CONSOLE /OPT:REF /OPT:ICF /LTCG /TLBID:1 /DYNAMICBASE /NXCOMPAT /IMPLIB:"D:\Mahesh Mahajan\Assignments\C++\CreateProcess_sample\Release\CreateProcess_sample.lib" /MACHINE:X86 Release\CreateProcess_sample.obj
         Release\stdafx.obj
         Generating code
         Finished generating code
         CreateProcess_sample.vcxproj -> D:\Mahesh Mahajan\Assignments\C++\CreateProcess_sample\Release\CreateProcess_sample.exe
       Manifest:
         C:\Program Files (x86)\Microsoft SDKs\Windows\v7.0A\bin\mt.exe /nologo /verbose /outputresource:"D:\Mahesh Mahajan\Assignments\C++\CreateProcess_sample\Release\CreateProcess_sample.exe;#1" /manifest Release\CreateProcess_sample.exe.intermediate.manifest
     1>Done Building Project "D:\Mahesh Mahajan\Assignments\C++\CreateProcess_sample\CreateProcess_sample\CreateProcess_sample.vcxproj" (Build target(s)).

Build succeeded.

Time Elapsed 00:00:01.92
