D:\MAHESH MAHAJAN\ASSIGNMENTS\C++\CONSOLEAPPLICATION2\CONSOLEAPPLICATION2\DEBUG\CONSOLEAPPLICATION2.OBJ
D:\MAHESH MAHAJAN\ASSIGNMENTS\C++\CONSOLEAPPLICATION2\CONSOLEAPPLICATION2\DEBUG\STDAFX.OBJ
D:\MAHESH MAHAJAN\ASSIGNMENTS\C++\CONSOLEAPPLICATION2\CONSOLEAPPLICATION2\DEBUG\VC100.PDB
D:\MAHESH MAHAJAN\ASSIGNMENTS\C++\CONSOLEAPPLICATION2\DEBUG\CONSOLEAPPLICATION2.ILK
D:\MAHESH MAHAJAN\ASSIGNMENTS\C++\CONSOLEAPPLICATION2\DEBUG\CONSOLEAPPLICATION2.EXE
D:\MAHESH MAHAJAN\ASSIGNMENTS\C++\CONSOLEAPPLICATION2\CONSOLEAPPLICATION2\DEBUG\CONSOLEAPPLICATION2.EXE.INTERMEDIATE.MANIFEST
D:\MAHESH MAHAJAN\ASSIGNMENTS\C++\CONSOLEAPPLICATION2\DEBUG\CONSOLEAPPLICATION2.PDB
D:\MAHESH MAHAJAN\ASSIGNMENTS\C++\CONSOLEAPPLICATION2\CONSOLEAPPLICATION2\DEBUG\CONSOLEAPPLICATION2.EXE.EMBED.MANIFEST
D:\MAHESH MAHAJAN\ASSIGNMENTS\C++\CONSOLEAPPLICATION2\CONSOLEAPPLICATION2\DEBUG\CONSOLEAPPLICATION2.EXE.EMBED.MANIFEST.RES
D:\Mahesh Mahajan\Assignments\C++\ConsoleApplication2\ConsoleApplication2\Debug\ConsoleApplication2.obj
D:\Mahesh Mahajan\Assignments\C++\ConsoleApplication2\ConsoleApplication2\Debug\stdafx.obj
D:\Mahesh Mahajan\Assignments\C++\ConsoleApplication2\ConsoleApplication2\Debug\cl.command.1.tlog
D:\Mahesh Mahajan\Assignments\C++\ConsoleApplication2\ConsoleApplication2\Debug\CL.read.1.tlog
D:\Mahesh Mahajan\Assignments\C++\ConsoleApplication2\ConsoleApplication2\Debug\CL.write.1.tlog
D:\Mahesh Mahajan\Assignments\C++\ConsoleApplication2\ConsoleApplication2\Debug\link-cvtres.read.1.tlog
D:\Mahesh Mahajan\Assignments\C++\ConsoleApplication2\ConsoleApplication2\Debug\link-cvtres.write.1.tlog
D:\Mahesh Mahajan\Assignments\C++\ConsoleApplication2\ConsoleApplication2\Debug\link.5176-cvtres.read.1.tlog
D:\Mahesh Mahajan\Assignments\C++\ConsoleApplication2\ConsoleApplication2\Debug\link.5176-cvtres.write.1.tlog
D:\Mahesh Mahajan\Assignments\C++\ConsoleApplication2\ConsoleApplication2\Debug\link.5176.read.1.tlog
D:\Mahesh Mahajan\Assignments\C++\ConsoleApplication2\ConsoleApplication2\Debug\link.5176.write.1.tlog
D:\Mahesh Mahajan\Assignments\C++\ConsoleApplication2\ConsoleApplication2\Debug\link.command.1.tlog
D:\Mahesh Mahajan\Assignments\C++\ConsoleApplication2\ConsoleApplication2\Debug\link.read.1.tlog
D:\Mahesh Mahajan\Assignments\C++\ConsoleApplication2\ConsoleApplication2\Debug\link.write.1.tlog
D:\Mahesh Mahajan\Assignments\C++\ConsoleApplication2\ConsoleApplication2\Debug\mt.command.1.tlog
D:\Mahesh Mahajan\Assignments\C++\ConsoleApplication2\ConsoleApplication2\Debug\mt.read.1.tlog
D:\Mahesh Mahajan\Assignments\C++\ConsoleApplication2\ConsoleApplication2\Debug\mt.write.1.tlog
D:\Mahesh Mahajan\Assignments\C++\ConsoleApplication2\ConsoleApplication2\Debug\rc.command.1.tlog
D:\Mahesh Mahajan\Assignments\C++\ConsoleApplication2\ConsoleApplication2\Debug\rc.read.1.tlog
D:\Mahesh Mahajan\Assignments\C++\ConsoleApplication2\ConsoleApplication2\Debug\rc.write.1.tlog
D:\Mahesh Mahajan\Assignments\C++\ConsoleApplication2\ConsoleApplication2\Debug\ConsoleApplication2.exe.embed.manifest
D:\Mahesh Mahajan\Assignments\C++\ConsoleApplication2\ConsoleApplication2\Debug\ConsoleApplication2.exe.intermediate.manifest
D:\Mahesh Mahajan\Assignments\C++\ConsoleApplication2\ConsoleApplication2\Debug\ConsoleApplication2.exe.embed.manifest.res
D:\Mahesh Mahajan\Assignments\C++\ConsoleApplication2\ConsoleApplication2\Debug\vc100.idb
D:\Mahesh Mahajan\Assignments\C++\ConsoleApplication2\ConsoleApplication2\Debug\vc100.pdb
D:\Mahesh Mahajan\Assignments\C++\ConsoleApplication2\ConsoleApplication2\Debug\ConsoleApplication2_manifest.rc
D:\Mahesh Mahajan\Assignments\C++\ConsoleApplication2\Debug\ConsoleApplication2.pdb
D:\Mahesh Mahajan\Assignments\C++\ConsoleApplication2\Debug\ConsoleApplication2.exe
D:\Mahesh Mahajan\Assignments\C++\ConsoleApplication2\Debug\ConsoleApplication2.ilk
