Build started 10/27/2015 14:52:45.
     1>Project "c:\Users\mahesh.mahajan\documents\visual studio 2010\Projects\Filetime\Filetime\Filetime.vcxproj" on node 2 (build target(s)).
     1>PrepareForBuild:
         Creating directory "c:\users\mahesh.mahajan\documents\visual studio 2010\Projects\Filetime\Debug\".
       InitializeBuildStatus:
         Creating "Debug\Filetime.unsuccessfulbuild" because "AlwaysCreate" was specified.
       ClCompile:
         c:\Program Files (x86)\Microsoft Visual Studio 10.0\VC\bin\CL.exe /c /ZI /nologo /W3 /WX- /Od /Oy- /D WIN32 /D _DEBUG /D _CONSOLE /D _UNICODE /D UNICODE /Gm /EHsc /RTC1 /MDd /GS /fp:precise /Zc:wchar_t /Zc:forScope /Yc"StdAfx.h" /Fp"Debug\Filetime.pch" /Fo"Debug\\" /Fd"Debug\vc100.pdb" /Gd /TP /analyze- /errorReport:prompt stdafx.cpp
         stdafx.cpp
         c:\Program Files (x86)\Microsoft Visual Studio 10.0\VC\bin\CL.exe /c /ZI /nologo /W3 /WX- /Od /Oy- /D WIN32 /D _DEBUG /D _CONSOLE /D _UNICODE /D UNICODE /Gm /EHsc /RTC1 /MDd /GS /fp:precise /Zc:wchar_t /Zc:forScope /Yu"StdAfx.h" /Fp"Debug\Filetime.pch" /Fo"Debug\\" /Fd"Debug\vc100.pdb" /Gd /TP /analyze- /errorReport:prompt Filetime.cpp
         Filetime.cpp
     1>c:\users\mahesh.mahajan\documents\visual studio 2010\projects\filetime\filetime\filetime.cpp(24): warning C4244: '+=' : conversion from 'const double' to 'ULONGLONG', possible loss of data
     1>c:\users\mahesh.mahajan\documents\visual studio 2010\projects\filetime\filetime\filetime.cpp(24): warning C4700: uninitialized local variable 'timeTaken' used
       ManifestResourceCompile:
         C:\Program Files (x86)\Microsoft SDKs\Windows\v7.0A\bin\rc.exe /nologo /fo"Debug\Filetime.exe.embed.manifest.res" Debug\Filetime_manifest.rc 
       Link:
         c:\Program Files (x86)\Microsoft Visual Studio 10.0\VC\bin\link.exe /ERRORREPORT:PROMPT /OUT:"c:\users\mahesh.mahajan\documents\visual studio 2010\Projects\Filetime\Debug\Filetime.exe" /INCREMENTAL /NOLOGO kernel32.lib user32.lib gdi32.lib winspool.lib comdlg32.lib advapi32.lib shell32.lib ole32.lib oleaut32.lib uuid.lib odbc32.lib odbccp32.lib /MANIFEST /ManifestFile:"Debug\Filetime.exe.intermediate.manifest" /MANIFESTUAC:"level='asInvoker' uiAccess='false'" /DEBUG /PDB:"c:\users\mahesh.mahajan\documents\visual studio 2010\Projects\Filetime\Debug\Filetime.pdb" /SUBSYSTEM:CONSOLE /TLBID:1 /DYNAMICBASE /NXCOMPAT /IMPLIB:"c:\users\mahesh.mahajan\documents\visual studio 2010\Projects\Filetime\Debug\Filetime.lib" /MACHINE:X86 Debug\Filetime.exe.embed.manifest.res
         Debug\Filetime.obj
         Debug\stdafx.obj
       Manifest:
         C:\Program Files (x86)\Microsoft SDKs\Windows\v7.0A\bin\mt.exe /nologo /verbose /out:"Debug\Filetime.exe.embed.manifest" /manifest Debug\Filetime.exe.intermediate.manifest
         C:\Program Files (x86)\Microsoft SDKs\Windows\v7.0A\bin\rc.exe /nologo /fo"Debug\Filetime.exe.embed.manifest.res" Debug\Filetime_manifest.rc 
       LinkEmbedManifest:
         c:\Program Files (x86)\Microsoft Visual Studio 10.0\VC\bin\link.exe /ERRORREPORT:PROMPT /OUT:"c:\users\mahesh.mahajan\documents\visual studio 2010\Projects\Filetime\Debug\Filetime.exe" /INCREMENTAL /NOLOGO kernel32.lib user32.lib gdi32.lib winspool.lib comdlg32.lib advapi32.lib shell32.lib ole32.lib oleaut32.lib uuid.lib odbc32.lib odbccp32.lib /MANIFEST /ManifestFile:"Debug\Filetime.exe.intermediate.manifest" /MANIFESTUAC:"level='asInvoker' uiAccess='false'" /DEBUG /PDB:"c:\users\mahesh.mahajan\documents\visual studio 2010\Projects\Filetime\Debug\Filetime.pdb" /SUBSYSTEM:CONSOLE /TLBID:1 /DYNAMICBASE /NXCOMPAT /IMPLIB:"c:\users\mahesh.mahajan\documents\visual studio 2010\Projects\Filetime\Debug\Filetime.lib" /MACHINE:X86 Debug\Filetime.exe.embed.manifest.res
         Debug\Filetime.obj
         Debug\stdafx.obj
         Filetime.vcxproj -> c:\users\mahesh.mahajan\documents\visual studio 2010\Projects\Filetime\Debug\Filetime.exe
       FinalizeBuildStatus:
         Deleting file "Debug\Filetime.unsuccessfulbuild".
         Touching "Debug\Filetime.lastbuildstate".
     1>Done Building Project "c:\Users\mahesh.mahajan\documents\visual studio 2010\Projects\Filetime\Filetime\Filetime.vcxproj" (build target(s)).

Build succeeded.

Time Elapsed 00:00:03.78
