C:\USERS\MAHESH.MAHAJAN\DOCUMENTS\VISUAL STUDIO 2010\PROJECTS\TRY1\DEBUG\TRY1.EXE
C:\USERS\MAHESH.MAHAJAN\DOCUMENTS\VISUAL STUDIO 2010\PROJECTS\TRY1\DEBUG\TRY1.ILK
C:\USERS\MAHESH.MAHAJAN\DOCUMENTS\VISUAL STUDIO 2010\PROJECTS\TRY1\DEBUG\TRY1.PDB
c:\Users\mahesh.mahajan\documents\visual studio 2010\Projects\try1\try1\Debug\cl.command.1.tlog
c:\Users\mahesh.mahajan\documents\visual studio 2010\Projects\try1\try1\Debug\CL.read.1.tlog
c:\Users\mahesh.mahajan\documents\visual studio 2010\Projects\try1\try1\Debug\CL.write.1.tlog
c:\Users\mahesh.mahajan\documents\visual studio 2010\Projects\try1\try1\Debug\link.8024.read.1.tlog
c:\Users\mahesh.mahajan\documents\visual studio 2010\Projects\try1\try1\Debug\link.8024.write.1.tlog
c:\Users\mahesh.mahajan\documents\visual studio 2010\Projects\try1\try1\Debug\link.8024-cvtres.read.1.tlog
c:\Users\mahesh.mahajan\documents\visual studio 2010\Projects\try1\try1\Debug\link.8024-cvtres.write.1.tlog
c:\Users\mahesh.mahajan\documents\visual studio 2010\Projects\try1\try1\Debug\link.command.1.tlog
c:\Users\mahesh.mahajan\documents\visual studio 2010\Projects\try1\try1\Debug\link.read.1.tlog
c:\Users\mahesh.mahajan\documents\visual studio 2010\Projects\try1\try1\Debug\link.write.1.tlog
c:\Users\mahesh.mahajan\documents\visual studio 2010\Projects\try1\try1\Debug\link-cvtres.read.1.tlog
c:\Users\mahesh.mahajan\documents\visual studio 2010\Projects\try1\try1\Debug\link-cvtres.write.1.tlog
c:\Users\mahesh.mahajan\documents\visual studio 2010\Projects\try1\try1\Debug\mt.command.1.tlog
c:\Users\mahesh.mahajan\documents\visual studio 2010\Projects\try1\try1\Debug\mt.read.1.tlog
c:\Users\mahesh.mahajan\documents\visual studio 2010\Projects\try1\try1\Debug\mt.write.1.tlog
c:\Users\mahesh.mahajan\documents\visual studio 2010\Projects\try1\try1\Debug\rc.command.1.tlog
c:\Users\mahesh.mahajan\documents\visual studio 2010\Projects\try1\try1\Debug\rc.read.1.tlog
c:\Users\mahesh.mahajan\documents\visual studio 2010\Projects\try1\try1\Debug\rc.write.1.tlog
C:\USERS\MAHESH.MAHAJAN\DOCUMENTS\VISUAL STUDIO 2010\PROJECTS\TRY1\TRY1\DEBUG\STDAFX.OBJ
C:\USERS\MAHESH.MAHAJAN\DOCUMENTS\VISUAL STUDIO 2010\PROJECTS\TRY1\TRY1\DEBUG\TRY1.EXE.EMBED.MANIFEST
C:\USERS\MAHESH.MAHAJAN\DOCUMENTS\VISUAL STUDIO 2010\PROJECTS\TRY1\TRY1\DEBUG\TRY1.EXE.EMBED.MANIFEST.RES
C:\USERS\MAHESH.MAHAJAN\DOCUMENTS\VISUAL STUDIO 2010\PROJECTS\TRY1\TRY1\DEBUG\TRY1.EXE.INTERMEDIATE.MANIFEST
C:\USERS\MAHESH.MAHAJAN\DOCUMENTS\VISUAL STUDIO 2010\PROJECTS\TRY1\TRY1\DEBUG\TRY1.OBJ
C:\USERS\MAHESH.MAHAJAN\DOCUMENTS\VISUAL STUDIO 2010\PROJECTS\TRY1\TRY1\DEBUG\TRY1.PCH
c:\Users\mahesh.mahajan\documents\visual studio 2010\Projects\try1\try1\Debug\try1.vcxprojResolveAssemblyReference.cache
c:\Users\mahesh.mahajan\documents\visual studio 2010\Projects\try1\try1\Debug\try1.write.1.tlog
c:\Users\mahesh.mahajan\documents\visual studio 2010\Projects\try1\try1\Debug\try1_manifest.rc
c:\Users\mahesh.mahajan\documents\visual studio 2010\Projects\try1\try1\Debug\vc100.idb
C:\USERS\MAHESH.MAHAJAN\DOCUMENTS\VISUAL STUDIO 2010\PROJECTS\TRY1\TRY1\DEBUG\VC100.PDB
