Build started 11/30/2015 16:15:18.
     1>Project "c:\Users\mahesh.mahajan\documents\visual studio 2010\Projects\try1\try1\try1.vcxproj" on node 2 (build target(s)).
     1>InitializeBuildStatus:
         Creating "Debug\try1.unsuccessfulbuild" because "AlwaysCreate" was specified.
       ClCompile:
         All outputs are up-to-date.
         c:\Program Files (x86)\Microsoft Visual Studio 10.0\VC\bin\CL.exe /c /ZI /nologo /W3 /WX- /Od /Oy- /D WIN32 /D _DEBUG /D _CONSOLE /D _UNICODE /D UNICODE /Gm /EHsc /RTC1 /MDd /GS /fp:precise /Zc:wchar_t /Zc:forScope /Yu"StdAfx.h" /Fp"Debug\try1.pch" /Fo"Debug\\" /Fd"Debug\vc100.pdb" /Gd /TP /analyze- /errorReport:prompt try1.cpp
         try1.cpp
       ManifestResourceCompile:
         All outputs are up-to-date.
       Link:
         c:\Program Files (x86)\Microsoft Visual Studio 10.0\VC\bin\link.exe /ERRORREPORT:PROMPT /OUT:"c:\users\mahesh.mahajan\documents\visual studio 2010\Projects\try1\Debug\try1.exe" /INCREMENTAL /NOLOGO kernel32.lib user32.lib gdi32.lib winspool.lib comdlg32.lib advapi32.lib shell32.lib ole32.lib oleaut32.lib uuid.lib odbc32.lib odbccp32.lib /MANIFEST /ManifestFile:"Debug\try1.exe.intermediate.manifest" /MANIFESTUAC:"level='asInvoker' uiAccess='false'" /DEBUG /PDB:"c:\users\mahesh.mahajan\documents\visual studio 2010\Projects\try1\Debug\try1.pdb" /SUBSYSTEM:CONSOLE /TLBID:1 /DYNAMICBASE /NXCOMPAT /IMPLIB:"c:\users\mahesh.mahajan\documents\visual studio 2010\Projects\try1\Debug\try1.lib" /MACHINE:X86 Debug\try1.exe.embed.manifest.res
         Debug\stdafx.obj
         Debug\try1.obj
       Manifest:
         C:\Program Files (x86)\Microsoft SDKs\Windows\v7.0A\bin\mt.exe /nologo /verbose /out:"Debug\try1.exe.embed.manifest" /manifest Debug\try1.exe.intermediate.manifest
         All outputs are up-to-date.
       LinkEmbedManifest:
         All outputs are up-to-date.
         try1.vcxproj -> c:\users\mahesh.mahajan\documents\visual studio 2010\Projects\try1\Debug\try1.exe
       FinalizeBuildStatus:
         Deleting file "Debug\try1.unsuccessfulbuild".
         Touching "Debug\try1.lastbuildstate".
     1>Done Building Project "c:\Users\mahesh.mahajan\documents\visual studio 2010\Projects\try1\try1\try1.vcxproj" (build target(s)).

Build succeeded.

Time Elapsed 00:00:01.37
