D:\MAHESH MAHAJAN\ASSIGNMENTS\C++\WRITETOBUFFER\WRITETOBUFFER\RELEASE\WRITETOBUFFER.PCH
D:\MAHESH MAHAJAN\ASSIGNMENTS\C++\WRITETOBUFFER\WRITETOBUFFER\RELEASE\STDAFX.OBJ
D:\MAHESH MAHAJAN\ASSIGNMENTS\C++\WRITETOBUFFER\WRITETOBUFFER\RELEASE\VC110.PDB
D:\MAHESH MAHAJAN\ASSIGNMENTS\C++\WRITETOBUFFER\WRITETOBUFFER\RELEASE\WRITETOBUFFER.OBJ
D:\MAHESH MAHAJAN\ASSIGNMENTS\C++\WRITETOBUFFER\RELEASE\WRITETOBUFFER.EXE
D:\MAHESH MAHAJAN\ASSIGNMENTS\C++\WRITETOBUFFER\RELEASE\WRITETOBUFFER.PDB
D:\MAHESH MAHAJAN\ASSIGNMENTS\C++\WRITETOBUFFER\WRITETOBUFFER\RELEASE\WRITETOBUFFER.RES
D:\Mahesh Mahajan\Assignments\C++\WriteToBuffer\WriteToBuffer\Release\stdafx.obj
D:\Mahesh Mahajan\Assignments\C++\WriteToBuffer\WriteToBuffer\Release\WriteToBuffer.obj
D:\Mahesh Mahajan\Assignments\C++\WriteToBuffer\WriteToBuffer\Release\cl.command.1.tlog
D:\Mahesh Mahajan\Assignments\C++\WriteToBuffer\WriteToBuffer\Release\CL.read.1.tlog
D:\Mahesh Mahajan\Assignments\C++\WriteToBuffer\WriteToBuffer\Release\CL.write.1.tlog
D:\Mahesh Mahajan\Assignments\C++\WriteToBuffer\WriteToBuffer\Release\link-cvtres.read.1.tlog
D:\Mahesh Mahajan\Assignments\C++\WriteToBuffer\WriteToBuffer\Release\link-cvtres.write.1.tlog
D:\Mahesh Mahajan\Assignments\C++\WriteToBuffer\WriteToBuffer\Release\link-rc.read.1.tlog
D:\Mahesh Mahajan\Assignments\C++\WriteToBuffer\WriteToBuffer\Release\link-rc.write.1.tlog
D:\Mahesh Mahajan\Assignments\C++\WriteToBuffer\WriteToBuffer\Release\link.command.1.tlog
D:\Mahesh Mahajan\Assignments\C++\WriteToBuffer\WriteToBuffer\Release\link.read.1.tlog
D:\Mahesh Mahajan\Assignments\C++\WriteToBuffer\WriteToBuffer\Release\link.write.1.tlog
D:\Mahesh Mahajan\Assignments\C++\WriteToBuffer\WriteToBuffer\Release\rc.command.1.tlog
D:\Mahesh Mahajan\Assignments\C++\WriteToBuffer\WriteToBuffer\Release\rc.read.1.tlog
D:\Mahesh Mahajan\Assignments\C++\WriteToBuffer\WriteToBuffer\Release\rc.write.1.tlog
D:\Mahesh Mahajan\Assignments\C++\WriteToBuffer\WriteToBuffer\Release\WriteToBuffer.res
D:\Mahesh Mahajan\Assignments\C++\WriteToBuffer\WriteToBuffer\Release\WriteToBuffer.pch
D:\Mahesh Mahajan\Assignments\C++\WriteToBuffer\WriteToBuffer\Release\vc110.pdb
D:\Mahesh Mahajan\Assignments\C++\WriteToBuffer\Release\WriteToBuffer.pdb
D:\Mahesh Mahajan\Assignments\C++\WriteToBuffer\Release\WriteToBuffer.exe
