C:\USERS\MAHESH.MAHAJAN\DOCUMENTS\VISUAL STUDIO 2010\PROJECTS\POINTER_NULL_ASSIGNMENT\DEBUG\POINTER_NULL_ASSIGNMENT.EXE
C:\USERS\MAHESH.MAHAJAN\DOCUMENTS\VISUAL STUDIO 2010\PROJECTS\POINTER_NULL_ASSIGNMENT\DEBUG\POINTER_NULL_ASSIGNMENT.ILK
C:\USERS\MAHESH.MAHAJAN\DOCUMENTS\VISUAL STUDIO 2010\PROJECTS\POINTER_NULL_ASSIGNMENT\DEBUG\POINTER_NULL_ASSIGNMENT.PDB
c:\Users\mahesh.mahajan\documents\visual studio 2010\Projects\pointer_null_assignment\pointer_null_assignment\Debug\cl.command.1.tlog
c:\Users\mahesh.mahajan\documents\visual studio 2010\Projects\pointer_null_assignment\pointer_null_assignment\Debug\CL.read.1.tlog
c:\Users\mahesh.mahajan\documents\visual studio 2010\Projects\pointer_null_assignment\pointer_null_assignment\Debug\CL.write.1.tlog
c:\Users\mahesh.mahajan\documents\visual studio 2010\Projects\pointer_null_assignment\pointer_null_assignment\Debug\link.7276.read.1.tlog
c:\Users\mahesh.mahajan\documents\visual studio 2010\Projects\pointer_null_assignment\pointer_null_assignment\Debug\link.7276.write.1.tlog
c:\Users\mahesh.mahajan\documents\visual studio 2010\Projects\pointer_null_assignment\pointer_null_assignment\Debug\link.7276-cvtres.read.1.tlog
c:\Users\mahesh.mahajan\documents\visual studio 2010\Projects\pointer_null_assignment\pointer_null_assignment\Debug\link.7276-cvtres.write.1.tlog
c:\Users\mahesh.mahajan\documents\visual studio 2010\Projects\pointer_null_assignment\pointer_null_assignment\Debug\link.command.1.tlog
c:\Users\mahesh.mahajan\documents\visual studio 2010\Projects\pointer_null_assignment\pointer_null_assignment\Debug\link.read.1.tlog
c:\Users\mahesh.mahajan\documents\visual studio 2010\Projects\pointer_null_assignment\pointer_null_assignment\Debug\link.write.1.tlog
c:\Users\mahesh.mahajan\documents\visual studio 2010\Projects\pointer_null_assignment\pointer_null_assignment\Debug\link-cvtres.read.1.tlog
c:\Users\mahesh.mahajan\documents\visual studio 2010\Projects\pointer_null_assignment\pointer_null_assignment\Debug\link-cvtres.write.1.tlog
c:\Users\mahesh.mahajan\documents\visual studio 2010\Projects\pointer_null_assignment\pointer_null_assignment\Debug\mt.command.1.tlog
c:\Users\mahesh.mahajan\documents\visual studio 2010\Projects\pointer_null_assignment\pointer_null_assignment\Debug\mt.read.1.tlog
c:\Users\mahesh.mahajan\documents\visual studio 2010\Projects\pointer_null_assignment\pointer_null_assignment\Debug\mt.write.1.tlog
C:\USERS\MAHESH.MAHAJAN\DOCUMENTS\VISUAL STUDIO 2010\PROJECTS\POINTER_NULL_ASSIGNMENT\POINTER_NULL_ASSIGNMENT\DEBUG\POINTER_NULL_ASSIGNMENT.EXE.EMBED.MANIFEST
C:\USERS\MAHESH.MAHAJAN\DOCUMENTS\VISUAL STUDIO 2010\PROJECTS\POINTER_NULL_ASSIGNMENT\POINTER_NULL_ASSIGNMENT\DEBUG\POINTER_NULL_ASSIGNMENT.EXE.EMBED.MANIFEST.RES
C:\USERS\MAHESH.MAHAJAN\DOCUMENTS\VISUAL STUDIO 2010\PROJECTS\POINTER_NULL_ASSIGNMENT\POINTER_NULL_ASSIGNMENT\DEBUG\POINTER_NULL_ASSIGNMENT.EXE.INTERMEDIATE.MANIFEST
C:\USERS\MAHESH.MAHAJAN\DOCUMENTS\VISUAL STUDIO 2010\PROJECTS\POINTER_NULL_ASSIGNMENT\POINTER_NULL_ASSIGNMENT\DEBUG\POINTER_NULL_ASSIGNMENT.OBJ
C:\USERS\MAHESH.MAHAJAN\DOCUMENTS\VISUAL STUDIO 2010\PROJECTS\POINTER_NULL_ASSIGNMENT\POINTER_NULL_ASSIGNMENT\DEBUG\POINTER_NULL_ASSIGNMENT.PCH
c:\Users\mahesh.mahajan\documents\visual studio 2010\Projects\pointer_null_assignment\pointer_null_assignment\Debug\pointer_null_assignment.vcxprojResolveAssemblyReference.cache
c:\Users\mahesh.mahajan\documents\visual studio 2010\Projects\pointer_null_assignment\pointer_null_assignment\Debug\pointer_null_assignment.write.1.tlog
c:\Users\mahesh.mahajan\documents\visual studio 2010\Projects\pointer_null_assignment\pointer_null_assignment\Debug\pointer_null_assignment_manifest.rc
c:\Users\mahesh.mahajan\documents\visual studio 2010\Projects\pointer_null_assignment\pointer_null_assignment\Debug\rc.command.1.tlog
c:\Users\mahesh.mahajan\documents\visual studio 2010\Projects\pointer_null_assignment\pointer_null_assignment\Debug\rc.read.1.tlog
c:\Users\mahesh.mahajan\documents\visual studio 2010\Projects\pointer_null_assignment\pointer_null_assignment\Debug\rc.write.1.tlog
C:\USERS\MAHESH.MAHAJAN\DOCUMENTS\VISUAL STUDIO 2010\PROJECTS\POINTER_NULL_ASSIGNMENT\POINTER_NULL_ASSIGNMENT\DEBUG\STDAFX.OBJ
c:\Users\mahesh.mahajan\documents\visual studio 2010\Projects\pointer_null_assignment\pointer_null_assignment\Debug\vc100.idb
C:\USERS\MAHESH.MAHAJAN\DOCUMENTS\VISUAL STUDIO 2010\PROJECTS\POINTER_NULL_ASSIGNMENT\POINTER_NULL_ASSIGNMENT\DEBUG\VC100.PDB
