Build started 08/27/2015 14:50:14.
     1>Project "c:\Users\mahesh.mahajan\documents\visual studio 2010\Projects\ChildProcess\ChildProcess\ChildProcess.vcxproj" on node 2 (build target(s)).
     1>PrepareForBuild:
         Creating directory "c:\users\mahesh.mahajan\documents\visual studio 2010\Projects\ChildProcess\Debug\".
       InitializeBuildStatus:
         Creating "Debug\ChildProcess.unsuccessfulbuild" because "AlwaysCreate" was specified.
       ClCompile:
         c:\Program Files (x86)\Microsoft Visual Studio 10.0\VC\bin\CL.exe /c /ZI /nologo /W3 /WX- /Od /Oy- /D WIN32 /D _DEBUG /D _CONSOLE /D _UNICODE /D UNICODE /Gm /EHsc /RTC1 /MDd /GS /fp:precise /Zc:wchar_t /Zc:forScope /Yc"StdAfx.h" /Fp"Debug\ChildProcess.pch" /Fo"Debug\\" /Fd"Debug\vc100.pdb" /Gd /TP /analyze- /errorReport:prompt stdafx.cpp
         stdafx.cpp
         c:\Program Files (x86)\Microsoft Visual Studio 10.0\VC\bin\CL.exe /c /ZI /nologo /W3 /WX- /Od /Oy- /D WIN32 /D _DEBUG /D _CONSOLE /D _UNICODE /D UNICODE /Gm /EHsc /RTC1 /MDd /GS /fp:precise /Zc:wchar_t /Zc:forScope /Yu"StdAfx.h" /Fp"Debug\ChildProcess.pch" /Fo"Debug\\" /Fd"Debug\vc100.pdb" /Gd /TP /analyze- /errorReport:prompt ChildProcess.cpp
         ChildProcess.cpp
     1>c:\users\mahesh.mahajan\documents\visual studio 2010\projects\childprocess\childprocess\childprocess.cpp(13): warning C4005: '_WIN32_WINNT' : macro redefinition
                 c:\program files (x86)\microsoft sdks\windows\v7.0a\include\sdkddkver.h(197) : see previous definition of '_WIN32_WINNT'
       ManifestResourceCompile:
         C:\Program Files (x86)\Microsoft SDKs\Windows\v7.0A\bin\rc.exe /nologo /fo"Debug\ChildProcess.exe.embed.manifest.res" Debug\ChildProcess_manifest.rc 
       Link:
         c:\Program Files (x86)\Microsoft Visual Studio 10.0\VC\bin\link.exe /ERRORREPORT:PROMPT /OUT:"c:\users\mahesh.mahajan\documents\visual studio 2010\Projects\ChildProcess\Debug\ChildProcess.exe" /INCREMENTAL /NOLOGO kernel32.lib user32.lib gdi32.lib winspool.lib comdlg32.lib advapi32.lib shell32.lib ole32.lib oleaut32.lib uuid.lib odbc32.lib odbccp32.lib /MANIFEST /ManifestFile:"Debug\ChildProcess.exe.intermediate.manifest" /MANIFESTUAC:"level='asInvoker' uiAccess='false'" /DEBUG /PDB:"c:\users\mahesh.mahajan\documents\visual studio 2010\Projects\ChildProcess\Debug\ChildProcess.pdb" /SUBSYSTEM:CONSOLE /TLBID:1 /DYNAMICBASE /NXCOMPAT /IMPLIB:"c:\users\mahesh.mahajan\documents\visual studio 2010\Projects\ChildProcess\Debug\ChildProcess.lib" /MACHINE:X86 Debug\ChildProcess.exe.embed.manifest.res
         Debug\ChildProcess.obj
         Debug\stdafx.obj
       Manifest:
         C:\Program Files (x86)\Microsoft SDKs\Windows\v7.0A\bin\mt.exe /nologo /verbose /out:"Debug\ChildProcess.exe.embed.manifest" /manifest Debug\ChildProcess.exe.intermediate.manifest
         C:\Program Files (x86)\Microsoft SDKs\Windows\v7.0A\bin\rc.exe /nologo /fo"Debug\ChildProcess.exe.embed.manifest.res" Debug\ChildProcess_manifest.rc 
       LinkEmbedManifest:
         c:\Program Files (x86)\Microsoft Visual Studio 10.0\VC\bin\link.exe /ERRORREPORT:PROMPT /OUT:"c:\users\mahesh.mahajan\documents\visual studio 2010\Projects\ChildProcess\Debug\ChildProcess.exe" /INCREMENTAL /NOLOGO kernel32.lib user32.lib gdi32.lib winspool.lib comdlg32.lib advapi32.lib shell32.lib ole32.lib oleaut32.lib uuid.lib odbc32.lib odbccp32.lib /MANIFEST /ManifestFile:"Debug\ChildProcess.exe.intermediate.manifest" /MANIFESTUAC:"level='asInvoker' uiAccess='false'" /DEBUG /PDB:"c:\users\mahesh.mahajan\documents\visual studio 2010\Projects\ChildProcess\Debug\ChildProcess.pdb" /SUBSYSTEM:CONSOLE /TLBID:1 /DYNAMICBASE /NXCOMPAT /IMPLIB:"c:\users\mahesh.mahajan\documents\visual studio 2010\Projects\ChildProcess\Debug\ChildProcess.lib" /MACHINE:X86 Debug\ChildProcess.exe.embed.manifest.res
         Debug\ChildProcess.obj
         Debug\stdafx.obj
         ChildProcess.vcxproj -> c:\users\mahesh.mahajan\documents\visual studio 2010\Projects\ChildProcess\Debug\ChildProcess.exe
       FinalizeBuildStatus:
         Deleting file "Debug\ChildProcess.unsuccessfulbuild".
         Touching "Debug\ChildProcess.lastbuildstate".
     1>Done Building Project "c:\Users\mahesh.mahajan\documents\visual studio 2010\Projects\ChildProcess\ChildProcess\ChildProcess.vcxproj" (build target(s)).

Build succeeded.

Time Elapsed 00:00:04.15
