Build started 01/19/2015 17:24:43.
     1>Project "D:\Mahesh Mahajan\Assignments\C++\DeskMon\DeskMon\DeskMon.vcxproj" on node 2 (build target(s)).
     1>InitializeBuildStatus:
         Creating "Release\DeskMon.unsuccessfulbuild" because "AlwaysCreate" was specified.
       ClCompile:
         c:\Program Files (x86)\Microsoft Visual Studio 10.0\VC\bin\CL.exe /c /Zi /nologo /W3 /WX- /O2 /Oi /Oy- /GL /D WIN32 /D NDEBUG /D _WINDOWS /D _MBCS /D _ATL_STATIC_REGISTRY /Gm- /EHsc /MT /GS /Gy /fp:precise /Zc:wchar_t /Zc:forScope /Yc"StdAfx.h" /Fp"Release\DeskMon.pch" /Fo"Release\\" /Fd"Release\vc100.pdb" /Gd /TP /analyze- /errorReport:prompt stdafx.cpp
         stdafx.cpp
         c:\Program Files (x86)\Microsoft Visual Studio 10.0\VC\bin\CL.exe /c /Zi /nologo /W3 /WX- /O2 /Oi /Oy- /GL /D WIN32 /D NDEBUG /D _WINDOWS /D _MBCS /D _ATL_STATIC_REGISTRY /Gm- /EHsc /MT /GS /Gy /fp:precise /Zc:wchar_t /Zc:forScope /Yu"StdAfx.h" /Fp"Release\DeskMon.pch" /Fo"Release\\" /Fd"Release\vc100.pdb" /Gd /TP /analyze- /errorReport:prompt BaseCommunication.cpp DeskMon.cpp EventList.cpp md5.cpp PerfData.cpp Socket.cpp
         BaseCommunication.cpp
         DeskMon.cpp
         EventList.cpp
         md5.cpp
         PerfData.cpp
         Socket.cpp
       ResourceCompile:
         C:\Program Files (x86)\Microsoft SDKs\Windows\v7.0A\bin\rc.exe /l"0x0409" /nologo /fo"Release\DeskMon.res" DeskMon.rc 
       Link:
         c:\Program Files (x86)\Microsoft Visual Studio 10.0\VC\bin\link.exe /ERRORREPORT:PROMPT /OUT:"D:\Mahesh Mahajan\Assignments\C++\DeskMon\Release\DeskMon.exe" /INCREMENTAL:NO /NOLOGO psapi.lib iphlpapi.lib ws2_32.lib Shlwapi.lib kernel32.lib user32.lib gdi32.lib winspool.lib comdlg32.lib advapi32.lib shell32.lib ole32.lib oleaut32.lib uuid.lib odbc32.lib odbccp32.lib /MANIFEST /ManifestFile:"Release\DeskMon.exe.intermediate.manifest" /MANIFESTUAC:"level='asInvoker' uiAccess='false'" /DEBUG /PDB:"D:\Mahesh Mahajan\Assignments\C++\DeskMon\Release\DeskMon.pdb" /SUBSYSTEM:WINDOWS /OPT:REF /OPT:ICF /LTCG /TLBID:1 /DYNAMICBASE /NXCOMPAT /IMPLIB:"D:\Mahesh Mahajan\Assignments\C++\DeskMon\Release\DeskMon.lib" /MACHINE:X86 Release\DeskMon.res
         Release\BaseCommunication.obj
         Release\DeskMon.obj
         Release\EventList.obj
         Release\md5.obj
         Release\PerfData.obj
         Release\Socket.obj
         Release\stdafx.obj
         Generating code
         Finished generating code
         DeskMon.vcxproj -> D:\Mahesh Mahajan\Assignments\C++\DeskMon\Release\DeskMon.exe
       Manifest:
         C:\Program Files (x86)\Microsoft SDKs\Windows\v7.0A\bin\mt.exe /nologo /verbose /outputresource:"D:\Mahesh Mahajan\Assignments\C++\DeskMon\Release\DeskMon.exe;#1" /manifest Release\DeskMon.exe.intermediate.manifest
       FinalizeBuildStatus:
         Deleting file "Release\DeskMon.unsuccessfulbuild".
         Touching "Release\DeskMon.lastbuildstate".
     1>Done Building Project "D:\Mahesh Mahajan\Assignments\C++\DeskMon\DeskMon\DeskMon.vcxproj" (build target(s)).

Build succeeded.

Time Elapsed 00:00:03.31
