D:\MAHESH MAHAJAN\ASSIGNMENTS\C++\DESKMON\DESKMON\RELEASE\BASECOMMUNICATION.OBJ
D:\Mahesh Mahajan\Assignments\C++\DeskMon\DeskMon\Release\cl.command.1.tlog
D:\Mahesh Mahajan\Assignments\C++\DeskMon\DeskMon\Release\CL.read.1.tlog
D:\Mahesh Mahajan\Assignments\C++\DeskMon\DeskMon\Release\CL.write.1.tlog
D:\MAHESH MAHAJAN\ASSIGNMENTS\C++\DESKMON\DESKMON\RELEASE\DESKMON.EXE.INTERMEDIATE.MANIFEST
D:\MAHESH MAHAJAN\ASSIGNMENTS\C++\DESKMON\DESKMON\RELEASE\DESKMON.OBJ
D:\MAHESH MAHAJAN\ASSIGNMENTS\C++\DESKMON\DESKMON\RELEASE\DESKMON.PCH
D:\MAHESH MAHAJAN\ASSIGNMENTS\C++\DESKMON\DESKMON\RELEASE\DESKMON.RES
D:\MAHESH MAHAJAN\ASSIGNMENTS\C++\DESKMON\DESKMON\RELEASE\EVENTLIST.OBJ
D:\Mahesh Mahajan\Assignments\C++\DeskMon\DeskMon\Release\link.command.1.tlog
D:\Mahesh Mahajan\Assignments\C++\DeskMon\DeskMon\Release\link.read.1.tlog
D:\Mahesh Mahajan\Assignments\C++\DeskMon\DeskMon\Release\link.write.1.tlog
D:\Mahesh Mahajan\Assignments\C++\DeskMon\DeskMon\Release\link-cvtres.read.1.tlog
D:\Mahesh Mahajan\Assignments\C++\DeskMon\DeskMon\Release\link-cvtres.write.1.tlog
D:\MAHESH MAHAJAN\ASSIGNMENTS\C++\DESKMON\DESKMON\RELEASE\MD5.OBJ
D:\Mahesh Mahajan\Assignments\C++\DeskMon\DeskMon\Release\mt.command.1.tlog
D:\Mahesh Mahajan\Assignments\C++\DeskMon\DeskMon\Release\mt.read.1.tlog
D:\Mahesh Mahajan\Assignments\C++\DeskMon\DeskMon\Release\mt.write.1.tlog
D:\MAHESH MAHAJAN\ASSIGNMENTS\C++\DESKMON\DESKMON\RELEASE\PERFDATA.OBJ
D:\Mahesh Mahajan\Assignments\C++\DeskMon\DeskMon\Release\rc.command.1.tlog
D:\Mahesh Mahajan\Assignments\C++\DeskMon\DeskMon\Release\rc.read.1.tlog
D:\Mahesh Mahajan\Assignments\C++\DeskMon\DeskMon\Release\rc.write.1.tlog
D:\MAHESH MAHAJAN\ASSIGNMENTS\C++\DESKMON\DESKMON\RELEASE\SOCKET.OBJ
D:\MAHESH MAHAJAN\ASSIGNMENTS\C++\DESKMON\DESKMON\RELEASE\STDAFX.OBJ
D:\MAHESH MAHAJAN\ASSIGNMENTS\C++\DESKMON\DESKMON\RELEASE\VC100.PDB
D:\MAHESH MAHAJAN\ASSIGNMENTS\C++\DESKMON\RELEASE\DESKMON.EXE
D:\MAHESH MAHAJAN\ASSIGNMENTS\C++\DESKMON\RELEASE\DESKMON.PDB
