Build started 01/28/2015 18:12:15.
     1>Project "D:\Mahesh Mahajan\Assignments\C++\HashTableChaining\HashTableChaining\HashTableChaining.vcxproj" on node 2 (build target(s)).
     1>InitializeBuildStatus:
         Creating "Debug\HashTableChaining.unsuccessfulbuild" because "AlwaysCreate" was specified.
       ClCompile:
         All outputs are up-to-date.
         c:\Program Files (x86)\Microsoft Visual Studio 10.0\VC\bin\CL.exe /c /ZI /nologo /W3 /WX- /Od /Oy- /D WIN32 /D _DEBUG /D _CONSOLE /D _UNICODE /D UNICODE /Gm /EHsc /RTC1 /MDd /GS /fp:precise /Zc:wchar_t /Zc:forScope /Yu"StdAfx.h" /Fp"Debug\HashTableChaining.pch" /Fo"Debug\\" /Fd"Debug\vc100.pdb" /Gd /TP /analyze- /errorReport:prompt HashTableChaining.cpp
         HashTableChaining.cpp
     1>d:\mahesh mahajan\assignments\c++\hashtablechaining\hashtablechaining\hashtablechaining.cpp(145): warning C4715: 'HashMap::Search' : not all control paths return a value
       ManifestResourceCompile:
         All outputs are up-to-date.
       Link:
         c:\Program Files (x86)\Microsoft Visual Studio 10.0\VC\bin\link.exe /ERRORREPORT:PROMPT /OUT:"D:\Mahesh Mahajan\Assignments\C++\HashTableChaining\Debug\HashTableChaining.exe" /INCREMENTAL /NOLOGO kernel32.lib user32.lib gdi32.lib winspool.lib comdlg32.lib advapi32.lib shell32.lib ole32.lib oleaut32.lib uuid.lib odbc32.lib odbccp32.lib /MANIFEST /ManifestFile:"Debug\HashTableChaining.exe.intermediate.manifest" /MANIFESTUAC:"level='asInvoker' uiAccess='false'" /DEBUG /PDB:"D:\Mahesh Mahajan\Assignments\C++\HashTableChaining\Debug\HashTableChaining.pdb" /SUBSYSTEM:CONSOLE /TLBID:1 /DYNAMICBASE /NXCOMPAT /IMPLIB:"D:\Mahesh Mahajan\Assignments\C++\HashTableChaining\Debug\HashTableChaining.lib" /MACHINE:X86 Debug\HashTableChaining.exe.embed.manifest.res
         Debug\HashTableChaining.obj
         Debug\stdafx.obj
       Manifest:
         C:\Program Files (x86)\Microsoft SDKs\Windows\v7.0A\bin\mt.exe /nologo /verbose /out:"Debug\HashTableChaining.exe.embed.manifest" /manifest Debug\HashTableChaining.exe.intermediate.manifest
         All outputs are up-to-date.
       LinkEmbedManifest:
         All outputs are up-to-date.
         HashTableChaining.vcxproj -> D:\Mahesh Mahajan\Assignments\C++\HashTableChaining\Debug\HashTableChaining.exe
       FinalizeBuildStatus:
         Deleting file "Debug\HashTableChaining.unsuccessfulbuild".
         Touching "Debug\HashTableChaining.lastbuildstate".
     1>Done Building Project "D:\Mahesh Mahajan\Assignments\C++\HashTableChaining\HashTableChaining\HashTableChaining.vcxproj" (build target(s)).

Build succeeded.

Time Elapsed 00:00:00.98
