D:\MAHESH MAHAJAN\ASSIGNMENTS\C++\STRING_FIND\STRING_FIND\DEBUG\STDAFX.OBJ
D:\MAHESH MAHAJAN\ASSIGNMENTS\C++\STRING_FIND\STRING_FIND\DEBUG\STRING_FIND.OBJ
D:\MAHESH MAHAJAN\ASSIGNMENTS\C++\STRING_FIND\STRING_FIND\DEBUG\VC100.PDB
D:\MAHESH MAHAJAN\ASSIGNMENTS\C++\STRING_FIND\DEBUG\STRING_FIND.ILK
D:\MAHESH MAHAJAN\ASSIGNMENTS\C++\STRING_FIND\DEBUG\STRING_FIND.EXE
D:\MAHESH MAHAJAN\ASSIGNMENTS\C++\STRING_FIND\STRING_FIND\DEBUG\STRING_FIND.EXE.INTERMEDIATE.MANIFEST
D:\MAHESH MAHAJAN\ASSIGNMENTS\C++\STRING_FIND\DEBUG\STRING_FIND.PDB
D:\MAHESH MAHAJAN\ASSIGNMENTS\C++\STRING_FIND\STRING_FIND\DEBUG\STRING_FIND.EXE.EMBED.MANIFEST
D:\MAHESH MAHAJAN\ASSIGNMENTS\C++\STRING_FIND\STRING_FIND\DEBUG\STRING_FIND.EXE.EMBED.MANIFEST.RES
D:\Mahesh Mahajan\Assignments\C++\String_find\String_find\Debug\stdafx.obj
D:\Mahesh Mahajan\Assignments\C++\String_find\String_find\Debug\String_find.obj
D:\Mahesh Mahajan\Assignments\C++\String_find\String_find\Debug\cl.command.1.tlog
D:\Mahesh Mahajan\Assignments\C++\String_find\String_find\Debug\CL.read.1.tlog
D:\Mahesh Mahajan\Assignments\C++\String_find\String_find\Debug\CL.write.1.tlog
D:\Mahesh Mahajan\Assignments\C++\String_find\String_find\Debug\link-cvtres.read.1.tlog
D:\Mahesh Mahajan\Assignments\C++\String_find\String_find\Debug\link-cvtres.write.1.tlog
D:\Mahesh Mahajan\Assignments\C++\String_find\String_find\Debug\link.9580-cvtres.read.1.tlog
D:\Mahesh Mahajan\Assignments\C++\String_find\String_find\Debug\link.9580-cvtres.write.1.tlog
D:\Mahesh Mahajan\Assignments\C++\String_find\String_find\Debug\link.9580.read.1.tlog
D:\Mahesh Mahajan\Assignments\C++\String_find\String_find\Debug\link.9580.write.1.tlog
D:\Mahesh Mahajan\Assignments\C++\String_find\String_find\Debug\link.command.1.tlog
D:\Mahesh Mahajan\Assignments\C++\String_find\String_find\Debug\link.read.1.tlog
D:\Mahesh Mahajan\Assignments\C++\String_find\String_find\Debug\link.write.1.tlog
D:\Mahesh Mahajan\Assignments\C++\String_find\String_find\Debug\mt.command.1.tlog
D:\Mahesh Mahajan\Assignments\C++\String_find\String_find\Debug\mt.read.1.tlog
D:\Mahesh Mahajan\Assignments\C++\String_find\String_find\Debug\mt.write.1.tlog
D:\Mahesh Mahajan\Assignments\C++\String_find\String_find\Debug\rc.command.1.tlog
D:\Mahesh Mahajan\Assignments\C++\String_find\String_find\Debug\rc.read.1.tlog
D:\Mahesh Mahajan\Assignments\C++\String_find\String_find\Debug\rc.write.1.tlog
D:\Mahesh Mahajan\Assignments\C++\String_find\String_find\Debug\String_find.exe.embed.manifest
D:\Mahesh Mahajan\Assignments\C++\String_find\String_find\Debug\String_find.exe.intermediate.manifest
D:\Mahesh Mahajan\Assignments\C++\String_find\String_find\Debug\String_find.exe.embed.manifest.res
D:\Mahesh Mahajan\Assignments\C++\String_find\String_find\Debug\vc100.idb
D:\Mahesh Mahajan\Assignments\C++\String_find\String_find\Debug\vc100.pdb
D:\Mahesh Mahajan\Assignments\C++\String_find\String_find\Debug\String_find_manifest.rc
D:\Mahesh Mahajan\Assignments\C++\String_find\Debug\String_find.pdb
D:\Mahesh Mahajan\Assignments\C++\String_find\Debug\String_find.exe
D:\Mahesh Mahajan\Assignments\C++\String_find\Debug\String_find.ilk
