Build started 08/25/2015 18:56:09.
     1>Project "D:\Mahesh Mahajan\Assignments\C++\child\child\child.vcxproj" on node 2 (Build target(s)).
     1>ClCompile:
         c:\Program Files (x86)\Microsoft Visual Studio 10.0\VC\bin\CL.exe /c /ZI /nologo /W3 /WX- /Od /Oy- /D WIN32 /D _DEBUG /D _CONSOLE /D _MBCS /Gm /EHsc /RTC1 /MDd /GS /fp:precise /Zc:wchar_t /Zc:forScope /Fo"Debug\\" /Fd"Debug\vc100.pdb" /Gd /TP /analyze- /errorReport:prompt child.cpp stdafx.cpp
         stdafx.cpp
         child.cpp
         Generating Code...
       ManifestResourceCompile:
         C:\Program Files (x86)\Microsoft SDKs\Windows\v7.0A\bin\rc.exe /nologo /fo"Debug\child.exe.embed.manifest.res" Debug\child_manifest.rc 
       Link:
         c:\Program Files (x86)\Microsoft Visual Studio 10.0\VC\bin\link.exe /ERRORREPORT:PROMPT /OUT:"D:\Mahesh Mahajan\Assignments\C++\child\Debug\child.exe" /INCREMENTAL /NOLOGO kernel32.lib user32.lib gdi32.lib winspool.lib comdlg32.lib advapi32.lib shell32.lib ole32.lib oleaut32.lib uuid.lib odbc32.lib odbccp32.lib /MANIFEST /ManifestFile:"Debug\child.exe.intermediate.manifest" /MANIFESTUAC:"level='asInvoker' uiAccess='false'" /DEBUG /PDB:"D:\Mahesh Mahajan\Assignments\C++\child\Debug\child.pdb" /SUBSYSTEM:CONSOLE /TLBID:1 /DYNAMICBASE /NXCOMPAT /IMPLIB:"D:\Mahesh Mahajan\Assignments\C++\child\Debug\child.lib" /MACHINE:X86 Debug\child.exe.embed.manifest.res
         Debug\child.obj
         Debug\stdafx.obj
       Manifest:
         C:\Program Files (x86)\Microsoft SDKs\Windows\v7.0A\bin\mt.exe /nologo /verbose /out:"Debug\child.exe.embed.manifest" /manifest Debug\child.exe.intermediate.manifest
         C:\Program Files (x86)\Microsoft SDKs\Windows\v7.0A\bin\rc.exe /nologo /fo"Debug\child.exe.embed.manifest.res" Debug\child_manifest.rc 
       LinkEmbedManifest:
         c:\Program Files (x86)\Microsoft Visual Studio 10.0\VC\bin\link.exe /ERRORREPORT:PROMPT /OUT:"D:\Mahesh Mahajan\Assignments\C++\child\Debug\child.exe" /INCREMENTAL /NOLOGO kernel32.lib user32.lib gdi32.lib winspool.lib comdlg32.lib advapi32.lib shell32.lib ole32.lib oleaut32.lib uuid.lib odbc32.lib odbccp32.lib /MANIFEST /ManifestFile:"Debug\child.exe.intermediate.manifest" /MANIFESTUAC:"level='asInvoker' uiAccess='false'" /DEBUG /PDB:"D:\Mahesh Mahajan\Assignments\C++\child\Debug\child.pdb" /SUBSYSTEM:CONSOLE /TLBID:1 /DYNAMICBASE /NXCOMPAT /IMPLIB:"D:\Mahesh Mahajan\Assignments\C++\child\Debug\child.lib" /MACHINE:X86 Debug\child.exe.embed.manifest.res
         Debug\child.obj
         Debug\stdafx.obj
         child.vcxproj -> D:\Mahesh Mahajan\Assignments\C++\child\Debug\child.exe
     1>Done Building Project "D:\Mahesh Mahajan\Assignments\C++\child\child\child.vcxproj" (Build target(s)).

Build succeeded.

Time Elapsed 00:00:01.28
