Build started 12/01/2015 22:36:48.
     1>Project "c:\Users\mahesh.mahajan\documents\visual studio 2010\Projects\FormatSpecifier_star\FormatSpecifier_star\FormatSpecifier_star.vcxproj" on node 2 (build target(s)).
     1>InitializeBuildStatus:
         Creating "Debug\FormatSpecifier_star.unsuccessfulbuild" because "AlwaysCreate" was specified.
       ClCompile:
         All outputs are up-to-date.
         c:\Program Files (x86)\Microsoft Visual Studio 10.0\VC\bin\CL.exe /c /ZI /nologo /W3 /WX- /Od /Oy- /D WIN32 /D _DEBUG /D _CONSOLE /D _UNICODE /D UNICODE /Gm /EHsc /RTC1 /MDd /GS /fp:precise /Zc:wchar_t /Zc:forScope /Yu"StdAfx.h" /Fp"Debug\FormatSpecifier_star.pch" /Fo"Debug\\" /Fd"Debug\vc100.pdb" /Gd /TP /analyze- /errorReport:prompt FormatSpecifier_star.cpp
         FormatSpecifier_star.cpp
     1>c:\users\mahesh.mahajan\documents\visual studio 2010\projects\formatspecifier_star\formatspecifier_star\formatspecifier_star.cpp(15): warning C4996: 'sscanf': This function or variable may be unsafe. Consider using sscanf_s instead. To disable deprecation, use _CRT_SECURE_NO_WARNINGS. See online help for details.
                 c:\program files (x86)\microsoft visual studio 10.0\vc\include\stdio.h(325) : see declaration of 'sscanf'
       ManifestResourceCompile:
         All outputs are up-to-date.
       Link:
         c:\Program Files (x86)\Microsoft Visual Studio 10.0\VC\bin\link.exe /ERRORREPORT:PROMPT /OUT:"c:\users\mahesh.mahajan\documents\visual studio 2010\Projects\FormatSpecifier_star\Debug\FormatSpecifier_star.exe" /INCREMENTAL /NOLOGO kernel32.lib user32.lib gdi32.lib winspool.lib comdlg32.lib advapi32.lib shell32.lib ole32.lib oleaut32.lib uuid.lib odbc32.lib odbccp32.lib /MANIFEST /ManifestFile:"Debug\FormatSpecifier_star.exe.intermediate.manifest" /MANIFESTUAC:"level='asInvoker' uiAccess='false'" /DEBUG /PDB:"c:\users\mahesh.mahajan\documents\visual studio 2010\Projects\FormatSpecifier_star\Debug\FormatSpecifier_star.pdb" /SUBSYSTEM:CONSOLE /TLBID:1 /DYNAMICBASE /NXCOMPAT /IMPLIB:"c:\users\mahesh.mahajan\documents\visual studio 2010\Projects\FormatSpecifier_star\Debug\FormatSpecifier_star.lib" /MACHINE:X86 Debug\FormatSpecifier_star.exe.embed.manifest.res
         Debug\FormatSpecifier_star.obj
         Debug\stdafx.obj
       Manifest:
         C:\Program Files (x86)\Microsoft SDKs\Windows\v7.0A\bin\mt.exe /nologo /verbose /out:"Debug\FormatSpecifier_star.exe.embed.manifest" /manifest Debug\FormatSpecifier_star.exe.intermediate.manifest
         All outputs are up-to-date.
       LinkEmbedManifest:
         All outputs are up-to-date.
         FormatSpecifier_star.vcxproj -> c:\users\mahesh.mahajan\documents\visual studio 2010\Projects\FormatSpecifier_star\Debug\FormatSpecifier_star.exe
       FinalizeBuildStatus:
         Deleting file "Debug\FormatSpecifier_star.unsuccessfulbuild".
         Touching "Debug\FormatSpecifier_star.lastbuildstate".
     1>Done Building Project "c:\Users\mahesh.mahajan\documents\visual studio 2010\Projects\FormatSpecifier_star\FormatSpecifier_star\FormatSpecifier_star.vcxproj" (build target(s)).

Build succeeded.

Time Elapsed 00:00:00.44
