Build started 06/08/2015 19:23:54.
     1>Project "c:\Users\mahesh.mahajan\documents\visual studio 2010\Projects\List_vector_Section_INI\List_vector_Section_INI\List_vector_Section_INI.vcxproj" on node 2 (build target(s)).
     1>InitializeBuildStatus:
         Creating "Debug\List_vector_Section_INI.unsuccessfulbuild" because "AlwaysCreate" was specified.
       ClCompile:
         All outputs are up-to-date.
         c:\Program Files (x86)\Microsoft Visual Studio 10.0\VC\bin\CL.exe /c /ZI /nologo /W3 /WX- /Od /Oy- /D WIN32 /D _DEBUG /D _CONSOLE /D _MBCS /Gm /EHsc /RTC1 /MDd /GS /fp:precise /Zc:wchar_t /Zc:forScope /Yu"StdAfx.h" /Fp"Debug\List_vector_Section_INI.pch" /Fo"Debug\\" /Fd"Debug\vc100.pdb" /Gd /TP /analyze- /errorReport:prompt List_vector_Section_INI.cpp
         List_vector_Section_INI.cpp
       ManifestResourceCompile:
         All outputs are up-to-date.
       Link:
         c:\Program Files (x86)\Microsoft Visual Studio 10.0\VC\bin\link.exe /ERRORREPORT:PROMPT /OUT:"c:\users\mahesh.mahajan\documents\visual studio 2010\Projects\List_vector_Section_INI\Debug\List_vector_Section_INI.exe" /INCREMENTAL /NOLOGO kernel32.lib user32.lib gdi32.lib winspool.lib comdlg32.lib advapi32.lib shell32.lib ole32.lib oleaut32.lib uuid.lib odbc32.lib odbccp32.lib /MANIFEST /ManifestFile:"Debug\List_vector_Section_INI.exe.intermediate.manifest" /MANIFESTUAC:"level='asInvoker' uiAccess='false'" /DEBUG /PDB:"c:\users\mahesh.mahajan\documents\visual studio 2010\Projects\List_vector_Section_INI\Debug\List_vector_Section_INI.pdb" /SUBSYSTEM:CONSOLE /TLBID:1 /DYNAMICBASE /NXCOMPAT /IMPLIB:"c:\users\mahesh.mahajan\documents\visual studio 2010\Projects\List_vector_Section_INI\Debug\List_vector_Section_INI.lib" /MACHINE:X86 Debug\List_vector_Section_INI.exe.embed.manifest.res
         Debug\List_vector_Section_INI.obj
         Debug\stdafx.obj
       Manifest:
         C:\Program Files (x86)\Microsoft SDKs\Windows\v7.0A\bin\mt.exe /nologo /verbose /out:"Debug\List_vector_Section_INI.exe.embed.manifest" /manifest Debug\List_vector_Section_INI.exe.intermediate.manifest
         All outputs are up-to-date.
       LinkEmbedManifest:
         All outputs are up-to-date.
         List_vector_Section_INI.vcxproj -> c:\users\mahesh.mahajan\documents\visual studio 2010\Projects\List_vector_Section_INI\Debug\List_vector_Section_INI.exe
       FinalizeBuildStatus:
         Deleting file "Debug\List_vector_Section_INI.unsuccessfulbuild".
         Touching "Debug\List_vector_Section_INI.lastbuildstate".
     1>Done Building Project "c:\Users\mahesh.mahajan\documents\visual studio 2010\Projects\List_vector_Section_INI\List_vector_Section_INI\List_vector_Section_INI.vcxproj" (build target(s)).

Build succeeded.

Time Elapsed 00:00:03.92
