Build started 04/15/2015 11:49:53.
     1>Project "C:\Users\mahesh.mahajan\documents\visual studio 2010\Projects\MultilineControls\MultilineControls\MultilineControls.vcxproj" on node 2 (build target(s)).
     1>InitializeBuildStatus:
         Touching "Debug\MultilineControls.unsuccessfulbuild".
       ClCompile:
         All outputs are up-to-date.
         All outputs are up-to-date.
       ResourceCompile:
         All outputs are up-to-date.
       ManifestResourceCompile:
         All outputs are up-to-date.
       Link:
         c:\Program Files (x86)\Microsoft Visual Studio 10.0\VC\bin\link.exe /ERRORREPORT:PROMPT /OUT:"C:\Users\mahesh.mahajan\documents\visual studio 2010\Projects\MultilineControls\Debug\MultilineControls.exe" /INCREMENTAL /NOLOGO kernel32.lib user32.lib gdi32.lib winspool.lib comdlg32.lib advapi32.lib shell32.lib ole32.lib oleaut32.lib uuid.lib odbc32.lib odbccp32.lib /MANIFEST /ManifestFile:"Debug\MultilineControls.exe.intermediate.manifest" /MANIFESTUAC:"level='asInvoker' uiAccess='false'" /DEBUG /PDB:"C:\Users\mahesh.mahajan\documents\visual studio 2010\Projects\MultilineControls\Debug\MultilineControls.pdb" /SUBSYSTEM:WINDOWS /TLBID:1 /DYNAMICBASE /NXCOMPAT /IMPLIB:"C:\Users\mahesh.mahajan\documents\visual studio 2010\Projects\MultilineControls\Debug\MultilineControls.lib" /MACHINE:X86 Debug\MultilineControls.res
         Debug\MultilineControls.exe.embed.manifest.res
         Debug\MultilineControls.obj
         Debug\stdafx.obj /ENTRY:"mainCRTStartup" 
     1>MSVCRTD.lib(crtexe.obj) : error LNK2019: unresolved external symbol _main referenced in function ___tmainCRTStartup
     1>C:\Users\mahesh.mahajan\documents\visual studio 2010\Projects\MultilineControls\Debug\MultilineControls.exe : fatal error LNK1120: 1 unresolved externals
     1>Done Building Project "C:\Users\mahesh.mahajan\documents\visual studio 2010\Projects\MultilineControls\MultilineControls\MultilineControls.vcxproj" (build target(s)) -- FAILED.

Build FAILED.

Time Elapsed 00:00:00.15
