C:\USERS\MAHESH.MAHAJAN\DOCUMENTS\VISUAL STUDIO 2010\PROJECTS\BEXSHARE\BEXSHARE\RELEASE\BEXSHARE.EXE.INTERMEDIATE.MANIFEST
C:\USERS\MAHESH.MAHAJAN\DOCUMENTS\VISUAL STUDIO 2010\PROJECTS\BEXSHARE\BEXSHARE\RELEASE\BEXSHARE.OBJ
C:\USERS\MAHESH.MAHAJAN\DOCUMENTS\VISUAL STUDIO 2010\PROJECTS\BEXSHARE\BEXSHARE\RELEASE\BEXSHARE.PCH
C:\USERS\MAHESH.MAHAJAN\DOCUMENTS\VISUAL STUDIO 2010\PROJECTS\BEXSHARE\BEXSHARE\RELEASE\BEXSHARE.RES
c:\Users\mahesh.mahajan\documents\visual studio 2010\Projects\BEXShare\BEXShare\Release\BEXShare.write.1.tlog
c:\Users\mahesh.mahajan\documents\visual studio 2010\Projects\BEXShare\BEXShare\Release\cl.command.1.tlog
c:\Users\mahesh.mahajan\documents\visual studio 2010\Projects\BEXShare\BEXShare\Release\CL.read.1.tlog
c:\Users\mahesh.mahajan\documents\visual studio 2010\Projects\BEXShare\BEXShare\Release\CL.write.1.tlog
c:\Users\mahesh.mahajan\documents\visual studio 2010\Projects\BEXShare\BEXShare\Release\link.command.1.tlog
c:\Users\mahesh.mahajan\documents\visual studio 2010\Projects\BEXShare\BEXShare\Release\link.read.1.tlog
c:\Users\mahesh.mahajan\documents\visual studio 2010\Projects\BEXShare\BEXShare\Release\link.write.1.tlog
c:\Users\mahesh.mahajan\documents\visual studio 2010\Projects\BEXShare\BEXShare\Release\link-cvtres.read.1.tlog
c:\Users\mahesh.mahajan\documents\visual studio 2010\Projects\BEXShare\BEXShare\Release\link-cvtres.write.1.tlog
c:\Users\mahesh.mahajan\documents\visual studio 2010\Projects\BEXShare\BEXShare\Release\mt.command.1.tlog
c:\Users\mahesh.mahajan\documents\visual studio 2010\Projects\BEXShare\BEXShare\Release\mt.read.1.tlog
c:\Users\mahesh.mahajan\documents\visual studio 2010\Projects\BEXShare\BEXShare\Release\mt.write.1.tlog
c:\Users\mahesh.mahajan\documents\visual studio 2010\Projects\BEXShare\BEXShare\Release\rc.command.1.tlog
c:\Users\mahesh.mahajan\documents\visual studio 2010\Projects\BEXShare\BEXShare\Release\rc.read.1.tlog
c:\Users\mahesh.mahajan\documents\visual studio 2010\Projects\BEXShare\BEXShare\Release\rc.write.1.tlog
C:\USERS\MAHESH.MAHAJAN\DOCUMENTS\VISUAL STUDIO 2010\PROJECTS\BEXSHARE\BEXSHARE\RELEASE\STDAFX.OBJ
C:\USERS\MAHESH.MAHAJAN\DOCUMENTS\VISUAL STUDIO 2010\PROJECTS\BEXSHARE\BEXSHARE\RELEASE\VC100.PDB
C:\USERS\MAHESH.MAHAJAN\DOCUMENTS\VISUAL STUDIO 2010\PROJECTS\BEXSHARE\RELEASE\BEXSHARE.EXE
C:\USERS\MAHESH.MAHAJAN\DOCUMENTS\VISUAL STUDIO 2010\PROJECTS\BEXSHARE\RELEASE\BEXSHARE.PDB
