D:\MAHESH MAHAJAN\ASSIGNMENTS\C++\ZDESKAPPRELEASE\RELEASE\ZDESKAPPRELEASE.EXE
D:\MAHESH MAHAJAN\ASSIGNMENTS\C++\ZDESKAPPRELEASE\RELEASE\ZDESKAPPRELEASE.PDB
D:\MAHESH MAHAJAN\ASSIGNMENTS\C++\ZDESKAPPRELEASE\ZDESKAPPRELEASE\RELEASE\BASECOMMUNICATION.OBJ
D:\Mahesh Mahajan\Assignments\C++\ZDeskAppRelease\ZDeskAppRelease\Release\cl.command.1.tlog
D:\Mahesh Mahajan\Assignments\C++\ZDeskAppRelease\ZDeskAppRelease\Release\CL.read.1.tlog
D:\Mahesh Mahajan\Assignments\C++\ZDeskAppRelease\ZDeskAppRelease\Release\CL.write.1.tlog
D:\MAHESH MAHAJAN\ASSIGNMENTS\C++\ZDESKAPPRELEASE\ZDESKAPPRELEASE\RELEASE\EVENTLIST.OBJ
D:\Mahesh Mahajan\Assignments\C++\ZDeskAppRelease\ZDeskAppRelease\Release\link.command.1.tlog
D:\Mahesh Mahajan\Assignments\C++\ZDeskAppRelease\ZDeskAppRelease\Release\link.read.1.tlog
D:\Mahesh Mahajan\Assignments\C++\ZDeskAppRelease\ZDeskAppRelease\Release\link.write.1.tlog
D:\Mahesh Mahajan\Assignments\C++\ZDeskAppRelease\ZDeskAppRelease\Release\link-cvtres.read.1.tlog
D:\Mahesh Mahajan\Assignments\C++\ZDeskAppRelease\ZDeskAppRelease\Release\link-cvtres.write.1.tlog
D:\MAHESH MAHAJAN\ASSIGNMENTS\C++\ZDESKAPPRELEASE\ZDESKAPPRELEASE\RELEASE\MD5.OBJ
D:\Mahesh Mahajan\Assignments\C++\ZDeskAppRelease\ZDeskAppRelease\Release\mt.command.1.tlog
D:\Mahesh Mahajan\Assignments\C++\ZDeskAppRelease\ZDeskAppRelease\Release\mt.read.1.tlog
D:\Mahesh Mahajan\Assignments\C++\ZDeskAppRelease\ZDeskAppRelease\Release\mt.write.1.tlog
D:\MAHESH MAHAJAN\ASSIGNMENTS\C++\ZDESKAPPRELEASE\ZDESKAPPRELEASE\RELEASE\PERFDATA.OBJ
D:\Mahesh Mahajan\Assignments\C++\ZDeskAppRelease\ZDeskAppRelease\Release\rc.command.1.tlog
D:\Mahesh Mahajan\Assignments\C++\ZDeskAppRelease\ZDeskAppRelease\Release\rc.read.1.tlog
D:\Mahesh Mahajan\Assignments\C++\ZDeskAppRelease\ZDeskAppRelease\Release\rc.write.1.tlog
D:\MAHESH MAHAJAN\ASSIGNMENTS\C++\ZDESKAPPRELEASE\ZDESKAPPRELEASE\RELEASE\SOCKET.OBJ
D:\MAHESH MAHAJAN\ASSIGNMENTS\C++\ZDESKAPPRELEASE\ZDESKAPPRELEASE\RELEASE\STDAFX.OBJ
D:\MAHESH MAHAJAN\ASSIGNMENTS\C++\ZDESKAPPRELEASE\ZDESKAPPRELEASE\RELEASE\VC100.PDB
D:\MAHESH MAHAJAN\ASSIGNMENTS\C++\ZDESKAPPRELEASE\ZDESKAPPRELEASE\RELEASE\ZDESKAPPRELEASE.EXE.INTERMEDIATE.MANIFEST
D:\MAHESH MAHAJAN\ASSIGNMENTS\C++\ZDESKAPPRELEASE\ZDESKAPPRELEASE\RELEASE\ZDESKAPPRELEASE.OBJ
D:\MAHESH MAHAJAN\ASSIGNMENTS\C++\ZDESKAPPRELEASE\ZDESKAPPRELEASE\RELEASE\ZDESKAPPRELEASE.PCH
D:\MAHESH MAHAJAN\ASSIGNMENTS\C++\ZDESKAPPRELEASE\ZDESKAPPRELEASE\RELEASE\ZDESKAPPRELEASE.RES
