Build started 09/16/2015 18:51:01.
     1>Project "c:\Users\mahesh.mahajan\documents\visual studio 2010\Projects\BEXShare\BEXShare\BEXShare.vcxproj" on node 2 (build target(s)).
     1>InitializeBuildStatus:
         Touching "Debug\BEXShare.unsuccessfulbuild".
       ClCompile:
         All outputs are up-to-date.
         c:\Program Files (x86)\Microsoft Visual Studio 10.0\VC\bin\CL.exe /c /ZI /nologo /W3 /WX- /Od /Oy- /D WIN32 /D _DEBUG /D _WINDOWS /D _MBCS /Gm /EHsc /RTC1 /MDd /GS /fp:precise /Zc:wchar_t /Zc:forScope /Yu"StdAfx.h" /Fp"Debug\BEXShare.pch" /Fo"Debug\\" /Fd"Debug\vc100.pdb" /Gd /TP /analyze- /errorReport:prompt BEXShare.cpp
         BEXShare.cpp
     1>c:\users\mahesh.mahajan\documents\visual studio 2010\projects\bexshare\bexshare\bexshare.cpp(84): warning C4996: 'sprintf': This function or variable may be unsafe. Consider using sprintf_s instead. To disable deprecation, use _CRT_SECURE_NO_WARNINGS. See online help for details.
                 c:\program files (x86)\microsoft visual studio 10.0\vc\include\stdio.h(371) : see declaration of 'sprintf'
     1>c:\users\mahesh.mahajan\documents\visual studio 2010\projects\bexshare\bexshare\bexshare.cpp(90): warning C4996: 'sprintf': This function or variable may be unsafe. Consider using sprintf_s instead. To disable deprecation, use _CRT_SECURE_NO_WARNINGS. See online help for details.
                 c:\program files (x86)\microsoft visual studio 10.0\vc\include\stdio.h(371) : see declaration of 'sprintf'
     1>c:\users\mahesh.mahajan\documents\visual studio 2010\projects\bexshare\bexshare\bexshare.cpp(116): warning C4996: 'strcpy': This function or variable may be unsafe. Consider using strcpy_s instead. To disable deprecation, use _CRT_SECURE_NO_WARNINGS. See online help for details.
                 c:\program files (x86)\microsoft visual studio 10.0\vc\include\string.h(105) : see declaration of 'strcpy'
     1>c:\users\mahesh.mahajan\documents\visual studio 2010\projects\bexshare\bexshare\bexshare.cpp(121): warning C4996: 'sprintf': This function or variable may be unsafe. Consider using sprintf_s instead. To disable deprecation, use _CRT_SECURE_NO_WARNINGS. See online help for details.
                 c:\program files (x86)\microsoft visual studio 10.0\vc\include\stdio.h(371) : see declaration of 'sprintf'
     1>c:\users\mahesh.mahajan\documents\visual studio 2010\projects\bexshare\bexshare\bexshare.cpp(161): warning C4996: 'sprintf': This function or variable may be unsafe. Consider using sprintf_s instead. To disable deprecation, use _CRT_SECURE_NO_WARNINGS. See online help for details.
                 c:\program files (x86)\microsoft visual studio 10.0\vc\include\stdio.h(371) : see declaration of 'sprintf'
     1>c:\users\mahesh.mahajan\documents\visual studio 2010\projects\bexshare\bexshare\bexshare.cpp(164): warning C4996: 'ATL::CRegKey::QueryValue': CRegKey::QueryValue(DWORD, TCHAR *valueName) has been superseded by CRegKey::QueryDWORDValue
                 c:\program files (x86)\microsoft visual studio 10.0\vc\atlmfc\include\atlbase.h(5521) : see declaration of 'ATL::CRegKey::QueryValue'
     1>c:\users\mahesh.mahajan\documents\visual studio 2010\projects\bexshare\bexshare\bexshare.cpp(170): warning C4996: 'sprintf': This function or variable may be unsafe. Consider using sprintf_s instead. To disable deprecation, use _CRT_SECURE_NO_WARNINGS. See online help for details.
                 c:\program files (x86)\microsoft visual studio 10.0\vc\include\stdio.h(371) : see declaration of 'sprintf'
     1>c:\users\mahesh.mahajan\documents\visual studio 2010\projects\bexshare\bexshare\bexshare.cpp(185): warning C4996: 'ATL::CRegKey::QueryValue': CRegKey::QueryValue(TCHAR *value, TCHAR *valueName) has been superseded by CRegKey::QueryStringValue and CRegKey::QueryMultiStringValue
                 c:\program files (x86)\microsoft visual studio 10.0\vc\atlmfc\include\atlbase.h(5526) : see declaration of 'ATL::CRegKey::QueryValue'
     1>c:\users\mahesh.mahajan\documents\visual studio 2010\projects\bexshare\bexshare\bexshare.cpp(191): warning C4996: 'sprintf': This function or variable may be unsafe. Consider using sprintf_s instead. To disable deprecation, use _CRT_SECURE_NO_WARNINGS. See online help for details.
                 c:\program files (x86)\microsoft visual studio 10.0\vc\include\stdio.h(371) : see declaration of 'sprintf'
     1>c:\users\mahesh.mahajan\documents\visual studio 2010\projects\bexshare\bexshare\bexshare.cpp(201): warning C4996: 'sprintf': This function or variable may be unsafe. Consider using sprintf_s instead. To disable deprecation, use _CRT_SECURE_NO_WARNINGS. See online help for details.
                 c:\program files (x86)\microsoft visual studio 10.0\vc\include\stdio.h(371) : see declaration of 'sprintf'
     1>c:\users\mahesh.mahajan\documents\visual studio 2010\projects\bexshare\bexshare\bexshare.cpp(314): warning C4996: 'sprintf': This function or variable may be unsafe. Consider using sprintf_s instead. To disable deprecation, use _CRT_SECURE_NO_WARNINGS. See online help for details.
                 c:\program files (x86)\microsoft visual studio 10.0\vc\include\stdio.h(371) : see declaration of 'sprintf'
     1>c:\users\mahesh.mahajan\documents\visual studio 2010\projects\bexshare\bexshare\bexshare.cpp(330): warning C4996: 'sprintf': This function or variable may be unsafe. Consider using sprintf_s instead. To disable deprecation, use _CRT_SECURE_NO_WARNINGS. See online help for details.
                 c:\program files (x86)\microsoft visual studio 10.0\vc\include\stdio.h(371) : see declaration of 'sprintf'
     1>c:\users\mahesh.mahajan\documents\visual studio 2010\projects\bexshare\bexshare\bexshare.cpp(333): warning C4996: 'ATL::CRegKey::QueryValue': CRegKey::QueryValue(DWORD, TCHAR *valueName) has been superseded by CRegKey::QueryDWORDValue
                 c:\program files (x86)\microsoft visual studio 10.0\vc\atlmfc\include\atlbase.h(5521) : see declaration of 'ATL::CRegKey::QueryValue'
     1>c:\users\mahesh.mahajan\documents\visual studio 2010\projects\bexshare\bexshare\bexshare.cpp(339): warning C4996: 'sprintf': This function or variable may be unsafe. Consider using sprintf_s instead. To disable deprecation, use _CRT_SECURE_NO_WARNINGS. See online help for details.
                 c:\program files (x86)\microsoft visual studio 10.0\vc\include\stdio.h(371) : see declaration of 'sprintf'
     1>c:\users\mahesh.mahajan\documents\visual studio 2010\projects\bexshare\bexshare\bexshare.cpp(351): warning C4996: 'ATL::CRegKey::QueryValue': CRegKey::QueryValue(TCHAR *value, TCHAR *valueName) has been superseded by CRegKey::QueryStringValue and CRegKey::QueryMultiStringValue
                 c:\program files (x86)\microsoft visual studio 10.0\vc\atlmfc\include\atlbase.h(5526) : see declaration of 'ATL::CRegKey::QueryValue'
     1>c:\users\mahesh.mahajan\documents\visual studio 2010\projects\bexshare\bexshare\bexshare.cpp(359): warning C4996: 'sprintf': This function or variable may be unsafe. Consider using sprintf_s instead. To disable deprecation, use _CRT_SECURE_NO_WARNINGS. See online help for details.
                 c:\program files (x86)\microsoft visual studio 10.0\vc\include\stdio.h(371) : see declaration of 'sprintf'
     1>c:\users\mahesh.mahajan\documents\visual studio 2010\projects\bexshare\bexshare\bexshare.cpp(371): warning C4996: 'sprintf': This function or variable may be unsafe. Consider using sprintf_s instead. To disable deprecation, use _CRT_SECURE_NO_WARNINGS. See online help for details.
                 c:\program files (x86)\microsoft visual studio 10.0\vc\include\stdio.h(371) : see declaration of 'sprintf'
     1>c:\users\mahesh.mahajan\documents\visual studio 2010\projects\bexshare\bexshare\bexshare.cpp(388): warning C4996: 'sprintf': This function or variable may be unsafe. Consider using sprintf_s instead. To disable deprecation, use _CRT_SECURE_NO_WARNINGS. See online help for details.
                 c:\program files (x86)\microsoft visual studio 10.0\vc\include\stdio.h(371) : see declaration of 'sprintf'
     1>c:\users\mahesh.mahajan\documents\visual studio 2010\projects\bexshare\bexshare\bexshare.cpp(405): warning C4996: 'sprintf': This function or variable may be unsafe. Consider using sprintf_s instead. To disable deprecation, use _CRT_SECURE_NO_WARNINGS. See online help for details.
                 c:\program files (x86)\microsoft visual studio 10.0\vc\include\stdio.h(371) : see declaration of 'sprintf'
     1>c:\users\mahesh.mahajan\documents\visual studio 2010\projects\bexshare\bexshare\bexshare.cpp(419): warning C4996: 'sprintf': This function or variable may be unsafe. Consider using sprintf_s instead. To disable deprecation, use _CRT_SECURE_NO_WARNINGS. See online help for details.
                 c:\program files (x86)\microsoft visual studio 10.0\vc\include\stdio.h(371) : see declaration of 'sprintf'
     1>c:\users\mahesh.mahajan\documents\visual studio 2010\projects\bexshare\bexshare\bexshare.cpp(428): warning C4996: 'sprintf': This function or variable may be unsafe. Consider using sprintf_s instead. To disable deprecation, use _CRT_SECURE_NO_WARNINGS. See online help for details.
                 c:\program files (x86)\microsoft visual studio 10.0\vc\include\stdio.h(371) : see declaration of 'sprintf'
     1>c:\users\mahesh.mahajan\documents\visual studio 2010\projects\bexshare\bexshare\bexshare.cpp(442): warning C4996: 'sprintf': This function or variable may be unsafe. Consider using sprintf_s instead. To disable deprecation, use _CRT_SECURE_NO_WARNINGS. See online help for details.
                 c:\program files (x86)\microsoft visual studio 10.0\vc\include\stdio.h(371) : see declaration of 'sprintf'
     1>c:\users\mahesh.mahajan\documents\visual studio 2010\projects\bexshare\bexshare\bexshare.cpp(463): warning C4996: 'sprintf': This function or variable may be unsafe. Consider using sprintf_s instead. To disable deprecation, use _CRT_SECURE_NO_WARNINGS. See online help for details.
                 c:\program files (x86)\microsoft visual studio 10.0\vc\include\stdio.h(371) : see declaration of 'sprintf'
     1>c:\users\mahesh.mahajan\documents\visual studio 2010\projects\bexshare\bexshare\bexshare.cpp(481): warning C4996: 'sprintf': This function or variable may be unsafe. Consider using sprintf_s instead. To disable deprecation, use _CRT_SECURE_NO_WARNINGS. See online help for details.
                 c:\program files (x86)\microsoft visual studio 10.0\vc\include\stdio.h(371) : see declaration of 'sprintf'
     1>c:\users\mahesh.mahajan\documents\visual studio 2010\projects\bexshare\bexshare\bexshare.cpp(489): warning C4996: 'sprintf': This function or variable may be unsafe. Consider using sprintf_s instead. To disable deprecation, use _CRT_SECURE_NO_WARNINGS. See online help for details.
                 c:\program files (x86)\microsoft visual studio 10.0\vc\include\stdio.h(371) : see declaration of 'sprintf'
     1>c:\users\mahesh.mahajan\documents\visual studio 2010\projects\bexshare\bexshare\bexshare.cpp(540): warning C4996: 'sprintf': This function or variable may be unsafe. Consider using sprintf_s instead. To disable deprecation, use _CRT_SECURE_NO_WARNINGS. See online help for details.
                 c:\program files (x86)\microsoft visual studio 10.0\vc\include\stdio.h(371) : see declaration of 'sprintf'
     1>c:\users\mahesh.mahajan\documents\visual studio 2010\projects\bexshare\bexshare\bexshare.cpp(547): warning C4996: 'sprintf': This function or variable may be unsafe. Consider using sprintf_s instead. To disable deprecation, use _CRT_SECURE_NO_WARNINGS. See online help for details.
                 c:\program files (x86)\microsoft visual studio 10.0\vc\include\stdio.h(371) : see declaration of 'sprintf'
     1>c:\users\mahesh.mahajan\documents\visual studio 2010\projects\bexshare\bexshare\bexshare.cpp(558): warning C4996: 'swprintf': swprintf has been changed to conform with the ISO C standard, adding an extra character count parameter. To use traditional Microsoft swprintf, set _CRT_NON_CONFORMING_SWPRINTFS.
                 c:\program files (x86)\microsoft visual studio 10.0\vc\include\swprintf.inl(85) : see declaration of 'swprintf'
     1>c:\users\mahesh.mahajan\documents\visual studio 2010\projects\bexshare\bexshare\bexshare.cpp(574): warning C4996: 'sprintf': This function or variable may be unsafe. Consider using sprintf_s instead. To disable deprecation, use _CRT_SECURE_NO_WARNINGS. See online help for details.
                 c:\program files (x86)\microsoft visual studio 10.0\vc\include\stdio.h(371) : see declaration of 'sprintf'
     1>c:\users\mahesh.mahajan\documents\visual studio 2010\projects\bexshare\bexshare\bexshare.cpp(581): warning C4996: 'sprintf': This function or variable may be unsafe. Consider using sprintf_s instead. To disable deprecation, use _CRT_SECURE_NO_WARNINGS. See online help for details.
                 c:\program files (x86)\microsoft visual studio 10.0\vc\include\stdio.h(371) : see declaration of 'sprintf'
     1>c:\users\mahesh.mahajan\documents\visual studio 2010\projects\bexshare\bexshare\bexshare.cpp(603): warning C4996: 'sprintf': This function or variable may be unsafe. Consider using sprintf_s instead. To disable deprecation, use _CRT_SECURE_NO_WARNINGS. See online help for details.
                 c:\program files (x86)\microsoft visual studio 10.0\vc\include\stdio.h(371) : see declaration of 'sprintf'
     1>c:\users\mahesh.mahajan\documents\visual studio 2010\projects\bexshare\bexshare\bexshare.cpp(615): warning C4996: 'sprintf': This function or variable may be unsafe. Consider using sprintf_s instead. To disable deprecation, use _CRT_SECURE_NO_WARNINGS. See online help for details.
                 c:\program files (x86)\microsoft visual studio 10.0\vc\include\stdio.h(371) : see declaration of 'sprintf'
     1>c:\users\mahesh.mahajan\documents\visual studio 2010\projects\bexshare\bexshare\bexshare.cpp(631): warning C4996: 'sprintf': This function or variable may be unsafe. Consider using sprintf_s instead. To disable deprecation, use _CRT_SECURE_NO_WARNINGS. See online help for details.
                 c:\program files (x86)\microsoft visual studio 10.0\vc\include\stdio.h(371) : see declaration of 'sprintf'
     1>c:\users\mahesh.mahajan\documents\visual studio 2010\projects\bexshare\bexshare\bexshare.cpp(636): warning C4996: 'sprintf': This function or variable may be unsafe. Consider using sprintf_s instead. To disable deprecation, use _CRT_SECURE_NO_WARNINGS. See online help for details.
                 c:\program files (x86)\microsoft visual studio 10.0\vc\include\stdio.h(371) : see declaration of 'sprintf'
     1>c:\users\mahesh.mahajan\documents\visual studio 2010\projects\bexshare\bexshare\bexshare.cpp(639): warning C4996: 'stricmp': The POSIX name for this item is deprecated. Instead, use the ISO C++ conformant name: _stricmp. See online help for details.
                 c:\program files (x86)\microsoft visual studio 10.0\vc\include\string.h(246) : see declaration of 'stricmp'
     1>c:\users\mahesh.mahajan\documents\visual studio 2010\projects\bexshare\bexshare\bexshare.cpp(645): warning C4996: 'sprintf': This function or variable may be unsafe. Consider using sprintf_s instead. To disable deprecation, use _CRT_SECURE_NO_WARNINGS. See online help for details.
                 c:\program files (x86)\microsoft visual studio 10.0\vc\include\stdio.h(371) : see declaration of 'sprintf'
     1>c:\users\mahesh.mahajan\documents\visual studio 2010\projects\bexshare\bexshare\bexshare.cpp(655): warning C4996: 'sprintf': This function or variable may be unsafe. Consider using sprintf_s instead. To disable deprecation, use _CRT_SECURE_NO_WARNINGS. See online help for details.
                 c:\program files (x86)\microsoft visual studio 10.0\vc\include\stdio.h(371) : see declaration of 'sprintf'
     1>c:\users\mahesh.mahajan\documents\visual studio 2010\projects\bexshare\bexshare\bexshare.cpp(678): warning C4996: 'sprintf': This function or variable may be unsafe. Consider using sprintf_s instead. To disable deprecation, use _CRT_SECURE_NO_WARNINGS. See online help for details.
                 c:\program files (x86)\microsoft visual studio 10.0\vc\include\stdio.h(371) : see declaration of 'sprintf'
     1>c:\users\mahesh.mahajan\documents\visual studio 2010\projects\bexshare\bexshare\bexshare.cpp(689): warning C4996: 'sprintf': This function or variable may be unsafe. Consider using sprintf_s instead. To disable deprecation, use _CRT_SECURE_NO_WARNINGS. See online help for details.
                 c:\program files (x86)\microsoft visual studio 10.0\vc\include\stdio.h(371) : see declaration of 'sprintf'
     1>c:\users\mahesh.mahajan\documents\visual studio 2010\projects\bexshare\bexshare\bexshare.cpp(706): warning C4996: 'sprintf': This function or variable may be unsafe. Consider using sprintf_s instead. To disable deprecation, use _CRT_SECURE_NO_WARNINGS. See online help for details.
                 c:\program files (x86)\microsoft visual studio 10.0\vc\include\stdio.h(371) : see declaration of 'sprintf'
     1>c:\users\mahesh.mahajan\documents\visual studio 2010\projects\bexshare\bexshare\bexshare.cpp(731): warning C4996: 'ATL::CRegKey::QueryValue': CRegKey::QueryValue(TCHAR *value, TCHAR *valueName) has been superseded by CRegKey::QueryStringValue and CRegKey::QueryMultiStringValue
                 c:\program files (x86)\microsoft visual studio 10.0\vc\atlmfc\include\atlbase.h(5526) : see declaration of 'ATL::CRegKey::QueryValue'
     1>c:\users\mahesh.mahajan\documents\visual studio 2010\projects\bexshare\bexshare\bexshare.cpp(738): warning C4996: 'sprintf': This function or variable may be unsafe. Consider using sprintf_s instead. To disable deprecation, use _CRT_SECURE_NO_WARNINGS. See online help for details.
                 c:\program files (x86)\microsoft visual studio 10.0\vc\include\stdio.h(371) : see declaration of 'sprintf'
     1>c:\users\mahesh.mahajan\documents\visual studio 2010\projects\bexshare\bexshare\bexshare.cpp(755): warning C4996: 'sprintf': This function or variable may be unsafe. Consider using sprintf_s instead. To disable deprecation, use _CRT_SECURE_NO_WARNINGS. See online help for details.
                 c:\program files (x86)\microsoft visual studio 10.0\vc\include\stdio.h(371) : see declaration of 'sprintf'
     1>c:\users\mahesh.mahajan\documents\visual studio 2010\projects\bexshare\bexshare\bexshare.cpp(762): warning C4996: 'ATL::CRegKey::QueryValue': CRegKey::QueryValue(TCHAR *value, TCHAR *valueName) has been superseded by CRegKey::QueryStringValue and CRegKey::QueryMultiStringValue
                 c:\program files (x86)\microsoft visual studio 10.0\vc\atlmfc\include\atlbase.h(5526) : see declaration of 'ATL::CRegKey::QueryValue'
     1>c:\users\mahesh.mahajan\documents\visual studio 2010\projects\bexshare\bexshare\bexshare.cpp(769): warning C4996: 'sprintf': This function or variable may be unsafe. Consider using sprintf_s instead. To disable deprecation, use _CRT_SECURE_NO_WARNINGS. See online help for details.
                 c:\program files (x86)\microsoft visual studio 10.0\vc\include\stdio.h(371) : see declaration of 'sprintf'
     1>c:\users\mahesh.mahajan\documents\visual studio 2010\projects\bexshare\bexshare\bexshare.cpp(783): warning C4996: 'sprintf': This function or variable may be unsafe. Consider using sprintf_s instead. To disable deprecation, use _CRT_SECURE_NO_WARNINGS. See online help for details.
                 c:\program files (x86)\microsoft visual studio 10.0\vc\include\stdio.h(371) : see declaration of 'sprintf'
     1>c:\users\mahesh.mahajan\documents\visual studio 2010\projects\bexshare\bexshare\bexshare.cpp(791): warning C4996: 'sprintf': This function or variable may be unsafe. Consider using sprintf_s instead. To disable deprecation, use _CRT_SECURE_NO_WARNINGS. See online help for details.
                 c:\program files (x86)\microsoft visual studio 10.0\vc\include\stdio.h(371) : see declaration of 'sprintf'
     1>c:\users\mahesh.mahajan\documents\visual studio 2010\projects\bexshare\bexshare\bexshare.cpp(800): warning C4996: 'sprintf': This function or variable may be unsafe. Consider using sprintf_s instead. To disable deprecation, use _CRT_SECURE_NO_WARNINGS. See online help for details.
                 c:\program files (x86)\microsoft visual studio 10.0\vc\include\stdio.h(371) : see declaration of 'sprintf'
     1>c:\users\mahesh.mahajan\documents\visual studio 2010\projects\bexshare\bexshare\bexshare.cpp(817): warning C4996: 'sprintf': This function or variable may be unsafe. Consider using sprintf_s instead. To disable deprecation, use _CRT_SECURE_NO_WARNINGS. See online help for details.
                 c:\program files (x86)\microsoft visual studio 10.0\vc\include\stdio.h(371) : see declaration of 'sprintf'
     1>c:\users\mahesh.mahajan\documents\visual studio 2010\projects\bexshare\bexshare\bexshare.cpp(832): warning C4996: 'sprintf': This function or variable may be unsafe. Consider using sprintf_s instead. To disable deprecation, use _CRT_SECURE_NO_WARNINGS. See online help for details.
                 c:\program files (x86)\microsoft visual studio 10.0\vc\include\stdio.h(371) : see declaration of 'sprintf'
     1>c:\users\mahesh.mahajan\documents\visual studio 2010\projects\bexshare\bexshare\bexshare.cpp(841): warning C4996: 'sprintf': This function or variable may be unsafe. Consider using sprintf_s instead. To disable deprecation, use _CRT_SECURE_NO_WARNINGS. See online help for details.
                 c:\program files (x86)\microsoft visual studio 10.0\vc\include\stdio.h(371) : see declaration of 'sprintf'
     1>c:\users\mahesh.mahajan\documents\visual studio 2010\projects\bexshare\bexshare\bexshare.cpp(854): warning C4996: 'sprintf': This function or variable may be unsafe. Consider using sprintf_s instead. To disable deprecation, use _CRT_SECURE_NO_WARNINGS. See online help for details.
                 c:\program files (x86)\microsoft visual studio 10.0\vc\include\stdio.h(371) : see declaration of 'sprintf'
     1>c:\users\mahesh.mahajan\documents\visual studio 2010\projects\bexshare\bexshare\bexshare.cpp(981): warning C4996: 'strcpy': This function or variable may be unsafe. Consider using strcpy_s instead. To disable deprecation, use _CRT_SECURE_NO_WARNINGS. See online help for details.
                 c:\program files (x86)\microsoft visual studio 10.0\vc\include\string.h(105) : see declaration of 'strcpy'
     1>c:\users\mahesh.mahajan\documents\visual studio 2010\projects\bexshare\bexshare\bexshare.cpp(982): warning C4996: 'strcat': This function or variable may be unsafe. Consider using strcat_s instead. To disable deprecation, use _CRT_SECURE_NO_WARNINGS. See online help for details.
                 c:\program files (x86)\microsoft visual studio 10.0\vc\include\string.h(110) : see declaration of 'strcat'
     1>c:\users\mahesh.mahajan\documents\visual studio 2010\projects\bexshare\bexshare\bexshare.cpp(1076): warning C4996: '_tcsncpy': This function or variable may be unsafe. Consider using _tcsncpy_s instead. To disable deprecation, use _CRT_SECURE_NO_WARNINGS. See online help for details.
                 c:\program files (x86)\microsoft visual studio 10.0\vc\include\tchar.h(1516) : see declaration of '_tcsncpy'
     1>c:\users\mahesh.mahajan\documents\visual studio 2010\projects\bexshare\bexshare\bexshare.cpp(1151): warning C4996: 'sprintf': This function or variable may be unsafe. Consider using sprintf_s instead. To disable deprecation, use _CRT_SECURE_NO_WARNINGS. See online help for details.
                 c:\program files (x86)\microsoft visual studio 10.0\vc\include\stdio.h(371) : see declaration of 'sprintf'
     1>c:\users\mahesh.mahajan\documents\visual studio 2010\projects\bexshare\bexshare\bexshare.cpp(1157): warning C4996: 'sprintf': This function or variable may be unsafe. Consider using sprintf_s instead. To disable deprecation, use _CRT_SECURE_NO_WARNINGS. See online help for details.
                 c:\program files (x86)\microsoft visual studio 10.0\vc\include\stdio.h(371) : see declaration of 'sprintf'
     1>c:\users\mahesh.mahajan\documents\visual studio 2010\projects\bexshare\bexshare\bexshare.cpp(1241): warning C4996: 'sprintf': This function or variable may be unsafe. Consider using sprintf_s instead. To disable deprecation, use _CRT_SECURE_NO_WARNINGS. See online help for details.
                 c:\program files (x86)\microsoft visual studio 10.0\vc\include\stdio.h(371) : see declaration of 'sprintf'
     1>c:\users\mahesh.mahajan\documents\visual studio 2010\projects\bexshare\bexshare\bexshare.cpp(1243): warning C4996: 'sprintf': This function or variable may be unsafe. Consider using sprintf_s instead. To disable deprecation, use _CRT_SECURE_NO_WARNINGS. See online help for details.
                 c:\program files (x86)\microsoft visual studio 10.0\vc\include\stdio.h(371) : see declaration of 'sprintf'
     1>c:\users\mahesh.mahajan\documents\visual studio 2010\projects\bexshare\bexshare\bexshare.cpp(1245): warning C4996: 'sprintf': This function or variable may be unsafe. Consider using sprintf_s instead. To disable deprecation, use _CRT_SECURE_NO_WARNINGS. See online help for details.
                 c:\program files (x86)\microsoft visual studio 10.0\vc\include\stdio.h(371) : see declaration of 'sprintf'
     1>c:\users\mahesh.mahajan\documents\visual studio 2010\projects\bexshare\bexshare\bexshare.cpp(1288): warning C4996: 'sprintf': This function or variable may be unsafe. Consider using sprintf_s instead. To disable deprecation, use _CRT_SECURE_NO_WARNINGS. See online help for details.
                 c:\program files (x86)\microsoft visual studio 10.0\vc\include\stdio.h(371) : see declaration of 'sprintf'
     1>c:\users\mahesh.mahajan\documents\visual studio 2010\projects\bexshare\bexshare\bexshare.cpp(1329): warning C4996: 'ATL::CRegKey::QueryValue': CRegKey::QueryValue(TCHAR *value, TCHAR *valueName) has been superseded by CRegKey::QueryStringValue and CRegKey::QueryMultiStringValue
                 c:\program files (x86)\microsoft visual studio 10.0\vc\atlmfc\include\atlbase.h(5526) : see declaration of 'ATL::CRegKey::QueryValue'
     1>c:\users\mahesh.mahajan\documents\visual studio 2010\projects\bexshare\bexshare\bexshare.cpp(1382): warning C4996: 'strcpy': This function or variable may be unsafe. Consider using strcpy_s instead. To disable deprecation, use _CRT_SECURE_NO_WARNINGS. See online help for details.
                 c:\program files (x86)\microsoft visual studio 10.0\vc\include\string.h(105) : see declaration of 'strcpy'
     1>c:\users\mahesh.mahajan\documents\visual studio 2010\projects\bexshare\bexshare\bexshare.cpp(1435): warning C4996: 'strcpy': This function or variable may be unsafe. Consider using strcpy_s instead. To disable deprecation, use _CRT_SECURE_NO_WARNINGS. See online help for details.
                 c:\program files (x86)\microsoft visual studio 10.0\vc\include\string.h(105) : see declaration of 'strcpy'
     1>c:\users\mahesh.mahajan\documents\visual studio 2010\projects\bexshare\bexshare\bexshare.cpp(1450): warning C4996: 'strcpy': This function or variable may be unsafe. Consider using strcpy_s instead. To disable deprecation, use _CRT_SECURE_NO_WARNINGS. See online help for details.
                 c:\program files (x86)\microsoft visual studio 10.0\vc\include\string.h(105) : see declaration of 'strcpy'
     1>c:\users\mahesh.mahajan\documents\visual studio 2010\projects\bexshare\bexshare\bexshare.cpp(1457): warning C4996: 'strcat': This function or variable may be unsafe. Consider using strcat_s instead. To disable deprecation, use _CRT_SECURE_NO_WARNINGS. See online help for details.
                 c:\program files (x86)\microsoft visual studio 10.0\vc\include\string.h(110) : see declaration of 'strcat'
     1>c:\users\mahesh.mahajan\documents\visual studio 2010\projects\bexshare\bexshare\bexshare.cpp(1462): warning C4996: 'strcat': This function or variable may be unsafe. Consider using strcat_s instead. To disable deprecation, use _CRT_SECURE_NO_WARNINGS. See online help for details.
                 c:\program files (x86)\microsoft visual studio 10.0\vc\include\string.h(110) : see declaration of 'strcat'
     1>c:\users\mahesh.mahajan\documents\visual studio 2010\projects\bexshare\bexshare\bexshare.cpp(1498): warning C4996: 'strcpy': This function or variable may be unsafe. Consider using strcpy_s instead. To disable deprecation, use _CRT_SECURE_NO_WARNINGS. See online help for details.
                 c:\program files (x86)\microsoft visual studio 10.0\vc\include\string.h(105) : see declaration of 'strcpy'
     1>c:\users\mahesh.mahajan\documents\visual studio 2010\projects\bexshare\bexshare\bexshare.cpp(1503): warning C4996: 'strcpy': This function or variable may be unsafe. Consider using strcpy_s instead. To disable deprecation, use _CRT_SECURE_NO_WARNINGS. See online help for details.
                 c:\program files (x86)\microsoft visual studio 10.0\vc\include\string.h(105) : see declaration of 'strcpy'
     1>c:\users\mahesh.mahajan\documents\visual studio 2010\projects\bexshare\bexshare\bexshare.cpp(1518): warning C4996: 'sprintf': This function or variable may be unsafe. Consider using sprintf_s instead. To disable deprecation, use _CRT_SECURE_NO_WARNINGS. See online help for details.
                 c:\program files (x86)\microsoft visual studio 10.0\vc\include\stdio.h(371) : see declaration of 'sprintf'
       ResourceCompile:
         All outputs are up-to-date.
       ManifestResourceCompile:
         All outputs are up-to-date.
       Link:
         c:\Program Files (x86)\Microsoft Visual Studio 10.0\VC\bin\link.exe /ERRORREPORT:PROMPT /OUT:"c:\users\mahesh.mahajan\documents\visual studio 2010\Projects\BEXShare\Debug\BEXShare.exe" /INCREMENTAL /NOLOGO Netapi32.lib Ws2_32.lib kernel32.lib user32.lib gdi32.lib winspool.lib comdlg32.lib advapi32.lib shell32.lib ole32.lib oleaut32.lib uuid.lib odbc32.lib odbccp32.lib /MANIFEST /ManifestFile:"Debug\BEXShare.exe.intermediate.manifest" /MANIFESTUAC:"level='asInvoker' uiAccess='false'" /DEBUG /PDB:"c:\users\mahesh.mahajan\documents\visual studio 2010\Projects\BEXShare\Debug\BEXShare.pdb" /SUBSYSTEM:WINDOWS /TLBID:1 /DYNAMICBASE /NXCOMPAT /IMPLIB:"c:\users\mahesh.mahajan\documents\visual studio 2010\Projects\BEXShare\Debug\BEXShare.lib" /MACHINE:X86 Debug\BEXShare.res
         Debug\BEXShare.exe.embed.manifest.res
         Debug\BEXShare.obj
         Debug\stdafx.obj
       Manifest:
         C:\Program Files (x86)\Microsoft SDKs\Windows\v7.0A\bin\mt.exe /nologo /verbose /out:"Debug\BEXShare.exe.embed.manifest" /manifest Debug\BEXShare.exe.intermediate.manifest
         C:\Program Files (x86)\Microsoft SDKs\Windows\v7.0A\bin\rc.exe /nologo /fo"Debug\BEXShare.exe.embed.manifest.res" Debug\BEXShare_manifest.rc 
       LinkEmbedManifest:
         c:\Program Files (x86)\Microsoft Visual Studio 10.0\VC\bin\link.exe /ERRORREPORT:PROMPT /OUT:"c:\users\mahesh.mahajan\documents\visual studio 2010\Projects\BEXShare\Debug\BEXShare.exe" /INCREMENTAL /NOLOGO Netapi32.lib Ws2_32.lib kernel32.lib user32.lib gdi32.lib winspool.lib comdlg32.lib advapi32.lib shell32.lib ole32.lib oleaut32.lib uuid.lib odbc32.lib odbccp32.lib /MANIFEST /ManifestFile:"Debug\BEXShare.exe.intermediate.manifest" /MANIFESTUAC:"level='asInvoker' uiAccess='false'" /DEBUG /PDB:"c:\users\mahesh.mahajan\documents\visual studio 2010\Projects\BEXShare\Debug\BEXShare.pdb" /SUBSYSTEM:WINDOWS /TLBID:1 /DYNAMICBASE /NXCOMPAT /IMPLIB:"c:\users\mahesh.mahajan\documents\visual studio 2010\Projects\BEXShare\Debug\BEXShare.lib" /MACHINE:X86 Debug\BEXShare.res
         Debug\BEXShare.exe.embed.manifest.res
         Debug\BEXShare.obj
         Debug\stdafx.obj
         BEXShare.vcxproj -> c:\users\mahesh.mahajan\documents\visual studio 2010\Projects\BEXShare\Debug\BEXShare.exe
       FinalizeBuildStatus:
         Deleting file "Debug\BEXShare.unsuccessfulbuild".
         Touching "Debug\BEXShare.lastbuildstate".
     1>Done Building Project "c:\Users\mahesh.mahajan\documents\visual studio 2010\Projects\BEXShare\BEXShare\BEXShare.vcxproj" (build target(s)).

Build succeeded.

Time Elapsed 00:00:08.41
