c:\Users\mahesh.mahajan\documents\visual studio 2010\Projects\BEXShare\BEXShare\Debug\BEXShare.exe.embed.manifest
C:\USERS\MAHESH.MAHAJAN\DOCUMENTS\VISUAL STUDIO 2010\PROJECTS\BEXSHARE\BEXSHARE\DEBUG\BEXSHARE.EXE.EMBED.MANIFEST.RES
c:\Users\mahesh.mahajan\documents\visual studio 2010\Projects\BEXShare\BEXShare\Debug\BEXShare.exe.intermediate.manifest
C:\USERS\MAHESH.MAHAJAN\DOCUMENTS\VISUAL STUDIO 2010\PROJECTS\BEXSHARE\BEXSHARE\DEBUG\BEXSHARE.OBJ
C:\USERS\MAHESH.MAHAJAN\DOCUMENTS\VISUAL STUDIO 2010\PROJECTS\BEXSHARE\BEXSHARE\DEBUG\BEXSHARE.PCH
C:\USERS\MAHESH.MAHAJAN\DOCUMENTS\VISUAL STUDIO 2010\PROJECTS\BEXSHARE\BEXSHARE\DEBUG\BEXSHARE.RES
c:\Users\mahesh.mahajan\documents\visual studio 2010\Projects\BEXShare\BEXShare\Debug\BEXShare.write.1.tlog
c:\Users\mahesh.mahajan\documents\visual studio 2010\Projects\BEXShare\BEXShare\Debug\BEXShare_manifest.rc
c:\Users\mahesh.mahajan\documents\visual studio 2010\Projects\BEXShare\BEXShare\Debug\cl.command.1.tlog
c:\Users\mahesh.mahajan\documents\visual studio 2010\Projects\BEXShare\BEXShare\Debug\CL.read.1.tlog
c:\Users\mahesh.mahajan\documents\visual studio 2010\Projects\BEXShare\BEXShare\Debug\CL.write.1.tlog
c:\Users\mahesh.mahajan\documents\visual studio 2010\Projects\BEXShare\BEXShare\Debug\link.command.1.tlog
c:\Users\mahesh.mahajan\documents\visual studio 2010\Projects\BEXShare\BEXShare\Debug\link.read.1.tlog
c:\Users\mahesh.mahajan\documents\visual studio 2010\Projects\BEXShare\BEXShare\Debug\link.write.1.tlog
c:\Users\mahesh.mahajan\documents\visual studio 2010\Projects\BEXShare\BEXShare\Debug\link-cvtres.read.1.tlog
c:\Users\mahesh.mahajan\documents\visual studio 2010\Projects\BEXShare\BEXShare\Debug\link-cvtres.write.1.tlog
c:\Users\mahesh.mahajan\documents\visual studio 2010\Projects\BEXShare\BEXShare\Debug\rc.command.1.tlog
c:\Users\mahesh.mahajan\documents\visual studio 2010\Projects\BEXShare\BEXShare\Debug\rc.read.1.tlog
c:\Users\mahesh.mahajan\documents\visual studio 2010\Projects\BEXShare\BEXShare\Debug\rc.write.1.tlog
C:\USERS\MAHESH.MAHAJAN\DOCUMENTS\VISUAL STUDIO 2010\PROJECTS\BEXSHARE\BEXSHARE\DEBUG\STDAFX.OBJ
c:\Users\mahesh.mahajan\documents\visual studio 2010\Projects\BEXShare\BEXShare\Debug\vc100.idb
C:\USERS\MAHESH.MAHAJAN\DOCUMENTS\VISUAL STUDIO 2010\PROJECTS\BEXSHARE\BEXSHARE\DEBUG\VC100.PDB
c:\users\mahesh.mahajan\documents\visual studio 2010\Projects\BEXShare\Debug\BEXShare.pdb
