Build started 10/20/2015 18:52:17.
     1>Project "c:\Users\mahesh.mahajan\documents\visual studio 2010\Projects\doubleToTimeStamp\doubleToTimeStamp\doubleToTimeStamp.vcxproj" on node 2 (build target(s)).
     1>InitializeBuildStatus:
         Creating "Debug\doubleToTimeStamp.unsuccessfulbuild" because "AlwaysCreate" was specified.
       ClCompile:
         c:\Program Files (x86)\Microsoft Visual Studio 10.0\VC\bin\CL.exe /c /ZI /nologo /W3 /WX- /Od /Oy- /D WIN32 /D _DEBUG /D _CONSOLE /D _UNICODE /D UNICODE /Gm /EHsc /RTC1 /MDd /GS /fp:precise /Zc:wchar_t /Zc:forScope /Yc"StdAfx.h" /Fp"Debug\doubleToTimeStamp.pch" /Fo"Debug\\" /Fd"Debug\vc100.pdb" /Gd /TP /analyze- /errorReport:prompt stdafx.cpp
         stdafx.cpp
         c:\Program Files (x86)\Microsoft Visual Studio 10.0\VC\bin\CL.exe /c /ZI /nologo /W3 /WX- /Od /Oy- /D WIN32 /D _DEBUG /D _CONSOLE /D _UNICODE /D UNICODE /Gm /EHsc /RTC1 /MDd /GS /fp:precise /Zc:wchar_t /Zc:forScope /Yu"StdAfx.h" /Fp"Debug\doubleToTimeStamp.pch" /Fo"Debug\\" /Fd"Debug\vc100.pdb" /Gd /TP /analyze- /errorReport:prompt doubleToTimeStamp.cpp
         doubleToTimeStamp.cpp
       ManifestResourceCompile:
         C:\Program Files (x86)\Microsoft SDKs\Windows\v7.0A\bin\rc.exe /nologo /fo"Debug\doubleToTimeStamp.exe.embed.manifest.res" Debug\doubleToTimeStamp_manifest.rc 
       Link:
         c:\Program Files (x86)\Microsoft Visual Studio 10.0\VC\bin\link.exe /ERRORREPORT:PROMPT /OUT:"c:\users\mahesh.mahajan\documents\visual studio 2010\Projects\doubleToTimeStamp\Debug\doubleToTimeStamp.exe" /INCREMENTAL /NOLOGO kernel32.lib user32.lib gdi32.lib winspool.lib comdlg32.lib advapi32.lib shell32.lib ole32.lib oleaut32.lib uuid.lib odbc32.lib odbccp32.lib /MANIFEST /ManifestFile:"Debug\doubleToTimeStamp.exe.intermediate.manifest" /MANIFESTUAC:"level='asInvoker' uiAccess='false'" /DEBUG /PDB:"c:\users\mahesh.mahajan\documents\visual studio 2010\Projects\doubleToTimeStamp\Debug\doubleToTimeStamp.pdb" /SUBSYSTEM:CONSOLE /TLBID:1 /DYNAMICBASE /NXCOMPAT /IMPLIB:"c:\users\mahesh.mahajan\documents\visual studio 2010\Projects\doubleToTimeStamp\Debug\doubleToTimeStamp.lib" /MACHINE:X86 Debug\doubleToTimeStamp.exe.embed.manifest.res
         Debug\doubleToTimeStamp.obj
         Debug\stdafx.obj
       Manifest:
         C:\Program Files (x86)\Microsoft SDKs\Windows\v7.0A\bin\mt.exe /nologo /verbose /out:"Debug\doubleToTimeStamp.exe.embed.manifest" /manifest Debug\doubleToTimeStamp.exe.intermediate.manifest
         C:\Program Files (x86)\Microsoft SDKs\Windows\v7.0A\bin\rc.exe /nologo /fo"Debug\doubleToTimeStamp.exe.embed.manifest.res" Debug\doubleToTimeStamp_manifest.rc 
       LinkEmbedManifest:
         c:\Program Files (x86)\Microsoft Visual Studio 10.0\VC\bin\link.exe /ERRORREPORT:PROMPT /OUT:"c:\users\mahesh.mahajan\documents\visual studio 2010\Projects\doubleToTimeStamp\Debug\doubleToTimeStamp.exe" /INCREMENTAL /NOLOGO kernel32.lib user32.lib gdi32.lib winspool.lib comdlg32.lib advapi32.lib shell32.lib ole32.lib oleaut32.lib uuid.lib odbc32.lib odbccp32.lib /MANIFEST /ManifestFile:"Debug\doubleToTimeStamp.exe.intermediate.manifest" /MANIFESTUAC:"level='asInvoker' uiAccess='false'" /DEBUG /PDB:"c:\users\mahesh.mahajan\documents\visual studio 2010\Projects\doubleToTimeStamp\Debug\doubleToTimeStamp.pdb" /SUBSYSTEM:CONSOLE /TLBID:1 /DYNAMICBASE /NXCOMPAT /IMPLIB:"c:\users\mahesh.mahajan\documents\visual studio 2010\Projects\doubleToTimeStamp\Debug\doubleToTimeStamp.lib" /MACHINE:X86 Debug\doubleToTimeStamp.exe.embed.manifest.res
         Debug\doubleToTimeStamp.obj
         Debug\stdafx.obj
         doubleToTimeStamp.vcxproj -> c:\users\mahesh.mahajan\documents\visual studio 2010\Projects\doubleToTimeStamp\Debug\doubleToTimeStamp.exe
       FinalizeBuildStatus:
         Deleting file "Debug\doubleToTimeStamp.unsuccessfulbuild".
         Touching "Debug\doubleToTimeStamp.lastbuildstate".
     1>Done Building Project "c:\Users\mahesh.mahajan\documents\visual studio 2010\Projects\doubleToTimeStamp\doubleToTimeStamp\doubleToTimeStamp.vcxproj" (build target(s)).

Build succeeded.

Time Elapsed 00:00:01.62
