C:\USERS\MAHESH.MAHAJAN\DOCUMENTS\VISUAL STUDIO 2010\PROJECTS\DOUBLETOTIMESTAMP\DEBUG\DOUBLETOTIMESTAMP.EXE
C:\USERS\MAHESH.MAHAJAN\DOCUMENTS\VISUAL STUDIO 2010\PROJECTS\DOUBLETOTIMESTAMP\DEBUG\DOUBLETOTIMESTAMP.ILK
C:\USERS\MAHESH.MAHAJAN\DOCUMENTS\VISUAL STUDIO 2010\PROJECTS\DOUBLETOTIMESTAMP\DEBUG\DOUBLETOTIMESTAMP.PDB
c:\Users\mahesh.mahajan\documents\visual studio 2010\Projects\doubleToTimeStamp\doubleToTimeStamp\Debug\cl.command.1.tlog
c:\Users\mahesh.mahajan\documents\visual studio 2010\Projects\doubleToTimeStamp\doubleToTimeStamp\Debug\CL.read.1.tlog
c:\Users\mahesh.mahajan\documents\visual studio 2010\Projects\doubleToTimeStamp\doubleToTimeStamp\Debug\CL.write.1.tlog
C:\USERS\MAHESH.MAHAJAN\DOCUMENTS\VISUAL STUDIO 2010\PROJECTS\DOUBLETOTIMESTAMP\DOUBLETOTIMESTAMP\DEBUG\DOUBLETOTIMESTAMP.EXE.EMBED.MANIFEST
C:\USERS\MAHESH.MAHAJAN\DOCUMENTS\VISUAL STUDIO 2010\PROJECTS\DOUBLETOTIMESTAMP\DOUBLETOTIMESTAMP\DEBUG\DOUBLETOTIMESTAMP.EXE.EMBED.MANIFEST.RES
C:\USERS\MAHESH.MAHAJAN\DOCUMENTS\VISUAL STUDIO 2010\PROJECTS\DOUBLETOTIMESTAMP\DOUBLETOTIMESTAMP\DEBUG\DOUBLETOTIMESTAMP.EXE.INTERMEDIATE.MANIFEST
C:\USERS\MAHESH.MAHAJAN\DOCUMENTS\VISUAL STUDIO 2010\PROJECTS\DOUBLETOTIMESTAMP\DOUBLETOTIMESTAMP\DEBUG\DOUBLETOTIMESTAMP.OBJ
C:\USERS\MAHESH.MAHAJAN\DOCUMENTS\VISUAL STUDIO 2010\PROJECTS\DOUBLETOTIMESTAMP\DOUBLETOTIMESTAMP\DEBUG\DOUBLETOTIMESTAMP.PCH
c:\Users\mahesh.mahajan\documents\visual studio 2010\Projects\doubleToTimeStamp\doubleToTimeStamp\Debug\doubleToTimeStamp.write.1.tlog
c:\Users\mahesh.mahajan\documents\visual studio 2010\Projects\doubleToTimeStamp\doubleToTimeStamp\Debug\doubleToTimeStamp_manifest.rc
c:\Users\mahesh.mahajan\documents\visual studio 2010\Projects\doubleToTimeStamp\doubleToTimeStamp\Debug\link.9136.read.1.tlog
c:\Users\mahesh.mahajan\documents\visual studio 2010\Projects\doubleToTimeStamp\doubleToTimeStamp\Debug\link.9136.write.1.tlog
c:\Users\mahesh.mahajan\documents\visual studio 2010\Projects\doubleToTimeStamp\doubleToTimeStamp\Debug\link.9136-cvtres.read.1.tlog
c:\Users\mahesh.mahajan\documents\visual studio 2010\Projects\doubleToTimeStamp\doubleToTimeStamp\Debug\link.9136-cvtres.write.1.tlog
c:\Users\mahesh.mahajan\documents\visual studio 2010\Projects\doubleToTimeStamp\doubleToTimeStamp\Debug\link.command.1.tlog
c:\Users\mahesh.mahajan\documents\visual studio 2010\Projects\doubleToTimeStamp\doubleToTimeStamp\Debug\link.read.1.tlog
c:\Users\mahesh.mahajan\documents\visual studio 2010\Projects\doubleToTimeStamp\doubleToTimeStamp\Debug\link.write.1.tlog
c:\Users\mahesh.mahajan\documents\visual studio 2010\Projects\doubleToTimeStamp\doubleToTimeStamp\Debug\link-cvtres.read.1.tlog
c:\Users\mahesh.mahajan\documents\visual studio 2010\Projects\doubleToTimeStamp\doubleToTimeStamp\Debug\link-cvtres.write.1.tlog
c:\Users\mahesh.mahajan\documents\visual studio 2010\Projects\doubleToTimeStamp\doubleToTimeStamp\Debug\mt.command.1.tlog
c:\Users\mahesh.mahajan\documents\visual studio 2010\Projects\doubleToTimeStamp\doubleToTimeStamp\Debug\mt.read.1.tlog
c:\Users\mahesh.mahajan\documents\visual studio 2010\Projects\doubleToTimeStamp\doubleToTimeStamp\Debug\mt.write.1.tlog
c:\Users\mahesh.mahajan\documents\visual studio 2010\Projects\doubleToTimeStamp\doubleToTimeStamp\Debug\rc.command.1.tlog
c:\Users\mahesh.mahajan\documents\visual studio 2010\Projects\doubleToTimeStamp\doubleToTimeStamp\Debug\rc.read.1.tlog
c:\Users\mahesh.mahajan\documents\visual studio 2010\Projects\doubleToTimeStamp\doubleToTimeStamp\Debug\rc.write.1.tlog
C:\USERS\MAHESH.MAHAJAN\DOCUMENTS\VISUAL STUDIO 2010\PROJECTS\DOUBLETOTIMESTAMP\DOUBLETOTIMESTAMP\DEBUG\STDAFX.OBJ
c:\Users\mahesh.mahajan\documents\visual studio 2010\Projects\doubleToTimeStamp\doubleToTimeStamp\Debug\vc100.idb
C:\USERS\MAHESH.MAHAJAN\DOCUMENTS\VISUAL STUDIO 2010\PROJECTS\DOUBLETOTIMESTAMP\DOUBLETOTIMESTAMP\DEBUG\VC100.PDB
