D:\MAHESH MAHAJAN\ASSIGNMENTS\C++\WIDECHARTOMULTIBYTE\WIDECHARTOMULTIBYTE\DEBUG\WIDECHARTOMULTIBYTE.PCH
D:\MAHESH MAHAJAN\ASSIGNMENTS\C++\WIDECHARTOMULTIBYTE\WIDECHARTOMULTIBYTE\DEBUG\STDAFX.OBJ
D:\MAHESH MAHAJAN\ASSIGNMENTS\C++\WIDECHARTOMULTIBYTE\WIDECHARTOMULTIBYTE\DEBUG\VC110.PDB
D:\MAHESH MAHAJAN\ASSIGNMENTS\C++\WIDECHARTOMULTIBYTE\WIDECHARTOMULTIBYTE\DEBUG\WIDECHARTOMULTIBYTE.OBJ
D:\MAHESH MAHAJAN\ASSIGNMENTS\C++\WIDECHARTOMULTIBYTE\WIDECHARTOMULTIBYTE\DEBUG\WIDECHARTOMULTIBYTE.RES
D:\Mahesh Mahajan\Assignments\C++\WideCharToMultiByte\WideCharToMultiByte\Debug\stdafx.obj
D:\Mahesh Mahajan\Assignments\C++\WideCharToMultiByte\WideCharToMultiByte\Debug\WideCharToMultiByte.obj
D:\Mahesh Mahajan\Assignments\C++\WideCharToMultiByte\WideCharToMultiByte\Debug\cl.command.1.tlog
D:\Mahesh Mahajan\Assignments\C++\WideCharToMultiByte\WideCharToMultiByte\Debug\CL.read.1.tlog
D:\Mahesh Mahajan\Assignments\C++\WideCharToMultiByte\WideCharToMultiByte\Debug\CL.write.1.tlog
D:\Mahesh Mahajan\Assignments\C++\WideCharToMultiByte\WideCharToMultiByte\Debug\link-cvtres.read.1.tlog
D:\Mahesh Mahajan\Assignments\C++\WideCharToMultiByte\WideCharToMultiByte\Debug\link-cvtres.write.1.tlog
D:\Mahesh Mahajan\Assignments\C++\WideCharToMultiByte\WideCharToMultiByte\Debug\link-rc.read.1.tlog
D:\Mahesh Mahajan\Assignments\C++\WideCharToMultiByte\WideCharToMultiByte\Debug\link-rc.write.1.tlog
D:\Mahesh Mahajan\Assignments\C++\WideCharToMultiByte\WideCharToMultiByte\Debug\link.command.1.tlog
D:\Mahesh Mahajan\Assignments\C++\WideCharToMultiByte\WideCharToMultiByte\Debug\link.read.1.tlog
D:\Mahesh Mahajan\Assignments\C++\WideCharToMultiByte\WideCharToMultiByte\Debug\link.write.1.tlog
D:\Mahesh Mahajan\Assignments\C++\WideCharToMultiByte\WideCharToMultiByte\Debug\rc.command.1.tlog
D:\Mahesh Mahajan\Assignments\C++\WideCharToMultiByte\WideCharToMultiByte\Debug\rc.read.1.tlog
D:\Mahesh Mahajan\Assignments\C++\WideCharToMultiByte\WideCharToMultiByte\Debug\rc.write.1.tlog
D:\Mahesh Mahajan\Assignments\C++\WideCharToMultiByte\WideCharToMultiByte\Debug\WideCharToMultiByte.res
D:\Mahesh Mahajan\Assignments\C++\WideCharToMultiByte\WideCharToMultiByte\Debug\WideCharToMultiByte.pch
D:\Mahesh Mahajan\Assignments\C++\WideCharToMultiByte\WideCharToMultiByte\Debug\vc110.idb
D:\Mahesh Mahajan\Assignments\C++\WideCharToMultiByte\WideCharToMultiByte\Debug\vc110.pdb
D:\Mahesh Mahajan\Assignments\C++\WideCharToMultiByte\Debug\WideCharToMultiByte.pdb
