D:\MAHESH MAHAJAN\ASSIGNMENTS\C++\NAMEDPIPE\NAMEDPIPE\DEBUG\NAMEDPIPE.OBJ
D:\MAHESH MAHAJAN\ASSIGNMENTS\C++\NAMEDPIPE\NAMEDPIPE\DEBUG\STDAFX.OBJ
D:\MAHESH MAHAJAN\ASSIGNMENTS\C++\NAMEDPIPE\NAMEDPIPE\DEBUG\VC100.PDB
D:\MAHESH MAHAJAN\ASSIGNMENTS\C++\NAMEDPIPE\DEBUG\NAMEDPIPE.ILK
D:\MAHESH MAHAJAN\ASSIGNMENTS\C++\NAMEDPIPE\DEBUG\NAMEDPIPE.EXE
D:\MAHESH MAHAJAN\ASSIGNMENTS\C++\NAMEDPIPE\NAMEDPIPE\DEBUG\NAMEDPIPE.EXE.INTERMEDIATE.MANIFEST
D:\MAHESH MAHAJAN\ASSIGNMENTS\C++\NAMEDPIPE\DEBUG\NAMEDPIPE.PDB
D:\MAHESH MAHAJAN\ASSIGNMENTS\C++\NAMEDPIPE\NAMEDPIPE\DEBUG\NAMEDPIPE.EXE.EMBED.MANIFEST
D:\MAHESH MAHAJAN\ASSIGNMENTS\C++\NAMEDPIPE\NAMEDPIPE\DEBUG\NAMEDPIPE.EXE.EMBED.MANIFEST.RES
D:\Mahesh Mahajan\Assignments\C++\NamedPipe\NamedPipe\Debug\NamedPipe.obj
D:\Mahesh Mahajan\Assignments\C++\NamedPipe\NamedPipe\Debug\stdafx.obj
D:\Mahesh Mahajan\Assignments\C++\NamedPipe\NamedPipe\Debug\cl.command.1.tlog
D:\Mahesh Mahajan\Assignments\C++\NamedPipe\NamedPipe\Debug\CL.read.1.tlog
D:\Mahesh Mahajan\Assignments\C++\NamedPipe\NamedPipe\Debug\CL.write.1.tlog
D:\Mahesh Mahajan\Assignments\C++\NamedPipe\NamedPipe\Debug\link-cvtres.read.1.tlog
D:\Mahesh Mahajan\Assignments\C++\NamedPipe\NamedPipe\Debug\link-cvtres.write.1.tlog
D:\Mahesh Mahajan\Assignments\C++\NamedPipe\NamedPipe\Debug\link.3036-cvtres.read.1.tlog
D:\Mahesh Mahajan\Assignments\C++\NamedPipe\NamedPipe\Debug\link.3036-cvtres.write.1.tlog
D:\Mahesh Mahajan\Assignments\C++\NamedPipe\NamedPipe\Debug\link.3036.read.1.tlog
D:\Mahesh Mahajan\Assignments\C++\NamedPipe\NamedPipe\Debug\link.3036.write.1.tlog
D:\Mahesh Mahajan\Assignments\C++\NamedPipe\NamedPipe\Debug\link.command.1.tlog
D:\Mahesh Mahajan\Assignments\C++\NamedPipe\NamedPipe\Debug\link.read.1.tlog
D:\Mahesh Mahajan\Assignments\C++\NamedPipe\NamedPipe\Debug\link.write.1.tlog
D:\Mahesh Mahajan\Assignments\C++\NamedPipe\NamedPipe\Debug\mt.command.1.tlog
D:\Mahesh Mahajan\Assignments\C++\NamedPipe\NamedPipe\Debug\mt.read.1.tlog
D:\Mahesh Mahajan\Assignments\C++\NamedPipe\NamedPipe\Debug\mt.write.1.tlog
D:\Mahesh Mahajan\Assignments\C++\NamedPipe\NamedPipe\Debug\rc.command.1.tlog
D:\Mahesh Mahajan\Assignments\C++\NamedPipe\NamedPipe\Debug\rc.read.1.tlog
D:\Mahesh Mahajan\Assignments\C++\NamedPipe\NamedPipe\Debug\rc.write.1.tlog
D:\Mahesh Mahajan\Assignments\C++\NamedPipe\NamedPipe\Debug\NamedPipe.exe.embed.manifest
D:\Mahesh Mahajan\Assignments\C++\NamedPipe\NamedPipe\Debug\NamedPipe.exe.intermediate.manifest
D:\Mahesh Mahajan\Assignments\C++\NamedPipe\NamedPipe\Debug\NamedPipe.exe.embed.manifest.res
D:\Mahesh Mahajan\Assignments\C++\NamedPipe\NamedPipe\Debug\vc100.idb
D:\Mahesh Mahajan\Assignments\C++\NamedPipe\NamedPipe\Debug\vc100.pdb
D:\Mahesh Mahajan\Assignments\C++\NamedPipe\NamedPipe\Debug\NamedPipe_manifest.rc
D:\Mahesh Mahajan\Assignments\C++\NamedPipe\Debug\NamedPipe.pdb
D:\Mahesh Mahajan\Assignments\C++\NamedPipe\Debug\NamedPipe.exe
D:\Mahesh Mahajan\Assignments\C++\NamedPipe\Debug\NamedPipe.ilk
