Build started 04/15/2015 11:04:26.
     1>Project "c:\Users\mahesh.mahajan\documents\visual studio 2010\Projects\GitHubWin32\GitHubWin32\GitHubWin32.vcxproj" on node 2 (build target(s)).
     1>InitializeBuildStatus:
         Touching "Debug\GitHubWin32.unsuccessfulbuild".
       ClCompile:
         All outputs are up-to-date.
         c:\Program Files (x86)\Microsoft Visual Studio 10.0\VC\bin\CL.exe /c /ZI /nologo /W3 /WX- /Od /Oy- /D WIN32 /D _DEBUG /D _WINDOWS /D _UNICODE /D UNICODE /Gm /EHsc /RTC1 /MDd /GS /fp:precise /Zc:wchar_t /Zc:forScope /Yu"StdAfx.h" /Fp"Debug\GitHubWin32.pch" /Fo"Debug\\" /Fd"Debug\vc100.pdb" /Gd /TP /analyze- /errorReport:prompt GitHubWin32.cpp
         GitHubWin32.cpp
     1>c:\users\mahesh.mahajan\documents\visual studio 2010\projects\githubwin32\githubwin32\githubwin32.cpp(402): warning C4101: 'infoa' : unreferenced local variable
       ResourceCompile:
         C:\Program Files (x86)\Microsoft SDKs\Windows\v7.0A\bin\rc.exe /D _UNICODE /D UNICODE /l"0x0409" /nologo /fo"Debug\GitHubWin32.res" GitHubWin32.rc 
       ManifestResourceCompile:
         C:\Program Files (x86)\Microsoft SDKs\Windows\v7.0A\bin\rc.exe /nologo /fo"Debug\GitHubWin32.exe.embed.manifest.res" Debug\GitHubWin32_manifest.rc 
       Link:
         c:\Program Files (x86)\Microsoft Visual Studio 10.0\VC\bin\link.exe /ERRORREPORT:PROMPT /OUT:"c:\users\mahesh.mahajan\documents\visual studio 2010\Projects\GitHubWin32\Debug\GitHubWin32.exe" /INCREMENTAL /NOLOGO kernel32.lib user32.lib gdi32.lib winspool.lib comdlg32.lib advapi32.lib shell32.lib ole32.lib oleaut32.lib uuid.lib odbc32.lib odbccp32.lib /MANIFEST /ManifestFile:"Debug\GitHubWin32.exe.intermediate.manifest" /MANIFESTUAC:"level='asInvoker' uiAccess='false'" /DEBUG /PDB:"c:\users\mahesh.mahajan\documents\visual studio 2010\Projects\GitHubWin32\Debug\GitHubWin32.pdb" /SUBSYSTEM:WINDOWS /TLBID:1 /DYNAMICBASE /NXCOMPAT /IMPLIB:"c:\users\mahesh.mahajan\documents\visual studio 2010\Projects\GitHubWin32\Debug\GitHubWin32.lib" /MACHINE:X86 Debug\GitHubWin32.res
         Debug\GitHubWin32.exe.embed.manifest.res
         Debug\GitHubWin32.obj
         Debug\stdafx.obj
       Manifest:
         C:\Program Files (x86)\Microsoft SDKs\Windows\v7.0A\bin\mt.exe /nologo /verbose /out:"Debug\GitHubWin32.exe.embed.manifest" /manifest Debug\GitHubWin32.exe.intermediate.manifest
         C:\Program Files (x86)\Microsoft SDKs\Windows\v7.0A\bin\rc.exe /nologo /fo"Debug\GitHubWin32.exe.embed.manifest.res" Debug\GitHubWin32_manifest.rc 
       LinkEmbedManifest:
         c:\Program Files (x86)\Microsoft Visual Studio 10.0\VC\bin\link.exe /ERRORREPORT:PROMPT /OUT:"c:\users\mahesh.mahajan\documents\visual studio 2010\Projects\GitHubWin32\Debug\GitHubWin32.exe" /INCREMENTAL /NOLOGO kernel32.lib user32.lib gdi32.lib winspool.lib comdlg32.lib advapi32.lib shell32.lib ole32.lib oleaut32.lib uuid.lib odbc32.lib odbccp32.lib /MANIFEST /ManifestFile:"Debug\GitHubWin32.exe.intermediate.manifest" /MANIFESTUAC:"level='asInvoker' uiAccess='false'" /DEBUG /PDB:"c:\users\mahesh.mahajan\documents\visual studio 2010\Projects\GitHubWin32\Debug\GitHubWin32.pdb" /SUBSYSTEM:WINDOWS /TLBID:1 /DYNAMICBASE /NXCOMPAT /IMPLIB:"c:\users\mahesh.mahajan\documents\visual studio 2010\Projects\GitHubWin32\Debug\GitHubWin32.lib" /MACHINE:X86 Debug\GitHubWin32.res
         Debug\GitHubWin32.exe.embed.manifest.res
         Debug\GitHubWin32.obj
         Debug\stdafx.obj
         GitHubWin32.vcxproj -> c:\users\mahesh.mahajan\documents\visual studio 2010\Projects\GitHubWin32\Debug\GitHubWin32.exe
       FinalizeBuildStatus:
         Deleting file "Debug\GitHubWin32.unsuccessfulbuild".
         Touching "Debug\GitHubWin32.lastbuildstate".
     1>Done Building Project "c:\Users\mahesh.mahajan\documents\visual studio 2010\Projects\GitHubWin32\GitHubWin32\GitHubWin32.vcxproj" (build target(s)).

Build succeeded.

Time Elapsed 00:00:02.78
