Build started 07/21/2015 20:16:00.
     1>Project "D:\Mahesh Mahajan\Assignments\C++\GetOSVersion\GetOSVersion\GetOSVersion.vcxproj" on node 2 (Build target(s)).
     1>ClCompile:
         c:\Program Files (x86)\Microsoft Visual Studio 10.0\VC\bin\CL.exe /c /ZI /nologo /W3 /WX- /Od /Oy- /D WIN32 /D _DEBUG /D _CONSOLE /D _MBCS /Gm /EHsc /RTC1 /MDd /GS /fp:precise /Zc:wchar_t /Zc:forScope /Fo"Debug\\" /Fd"Debug\vc100.pdb" /Gd /TP /analyze- /errorReport:prompt GetOSVersion.cpp stdafx.cpp
         stdafx.cpp
         GetOSVersion.cpp
         Generating Code...
       ManifestResourceCompile:
         C:\Program Files (x86)\Microsoft SDKs\Windows\v7.0A\bin\rc.exe /nologo /fo"Debug\GetOSVersion.exe.embed.manifest.res" Debug\GetOSVersion_manifest.rc 
       Link:
         c:\Program Files (x86)\Microsoft Visual Studio 10.0\VC\bin\link.exe /ERRORREPORT:PROMPT /OUT:"D:\Mahesh Mahajan\Assignments\C++\GetOSVersion\Debug\GetOSVersion.exe" /INCREMENTAL /NOLOGO kernel32.lib user32.lib gdi32.lib winspool.lib comdlg32.lib advapi32.lib shell32.lib ole32.lib oleaut32.lib uuid.lib odbc32.lib odbccp32.lib /MANIFEST /ManifestFile:"Debug\GetOSVersion.exe.intermediate.manifest" /MANIFESTUAC:"level='asInvoker' uiAccess='false'" /DEBUG /PDB:"D:\Mahesh Mahajan\Assignments\C++\GetOSVersion\Debug\GetOSVersion.pdb" /SUBSYSTEM:CONSOLE /TLBID:1 /DYNAMICBASE /NXCOMPAT /IMPLIB:"D:\Mahesh Mahajan\Assignments\C++\GetOSVersion\Debug\GetOSVersion.lib" /MACHINE:X86 Debug\GetOSVersion.exe.embed.manifest.res
         Debug\GetOSVersion.obj
         Debug\stdafx.obj
       Manifest:
         C:\Program Files (x86)\Microsoft SDKs\Windows\v7.0A\bin\mt.exe /nologo /verbose /out:"Debug\GetOSVersion.exe.embed.manifest" /manifest Debug\GetOSVersion.exe.intermediate.manifest
         C:\Program Files (x86)\Microsoft SDKs\Windows\v7.0A\bin\rc.exe /nologo /fo"Debug\GetOSVersion.exe.embed.manifest.res" Debug\GetOSVersion_manifest.rc 
       LinkEmbedManifest:
         c:\Program Files (x86)\Microsoft Visual Studio 10.0\VC\bin\link.exe /ERRORREPORT:PROMPT /OUT:"D:\Mahesh Mahajan\Assignments\C++\GetOSVersion\Debug\GetOSVersion.exe" /INCREMENTAL /NOLOGO kernel32.lib user32.lib gdi32.lib winspool.lib comdlg32.lib advapi32.lib shell32.lib ole32.lib oleaut32.lib uuid.lib odbc32.lib odbccp32.lib /MANIFEST /ManifestFile:"Debug\GetOSVersion.exe.intermediate.manifest" /MANIFESTUAC:"level='asInvoker' uiAccess='false'" /DEBUG /PDB:"D:\Mahesh Mahajan\Assignments\C++\GetOSVersion\Debug\GetOSVersion.pdb" /SUBSYSTEM:CONSOLE /TLBID:1 /DYNAMICBASE /NXCOMPAT /IMPLIB:"D:\Mahesh Mahajan\Assignments\C++\GetOSVersion\Debug\GetOSVersion.lib" /MACHINE:X86 Debug\GetOSVersion.exe.embed.manifest.res
         Debug\GetOSVersion.obj
         Debug\stdafx.obj
         GetOSVersion.vcxproj -> D:\Mahesh Mahajan\Assignments\C++\GetOSVersion\Debug\GetOSVersion.exe
     1>Done Building Project "D:\Mahesh Mahajan\Assignments\C++\GetOSVersion\GetOSVersion\GetOSVersion.vcxproj" (Build target(s)).

Build succeeded.

Time Elapsed 00:00:05.28
