Build started 01/20/2016 16:03:16.
     1>Project "D:\Mahesh Mahajan\Assignments\C++\CreateProcess_sample\CreateProcess_sample\CreateProcess_sample.vcxproj" on node 2 (Build target(s)).
     1>ClCompile:
         c:\Program Files (x86)\Microsoft Visual Studio 10.0\VC\bin\CL.exe /c /ZI /nologo /W3 /WX- /Od /Oy- /D WIN32 /D _DEBUG /D _CONSOLE /D _MBCS /Gm /EHsc /RTC1 /MDd /GS /fp:precise /Zc:wchar_t /Zc:forScope /Fo"Debug\\" /Fd"Debug\vc100.pdb" /Gd /TP /analyze- /errorReport:prompt CreateProcess_sample.cpp
         CreateProcess_sample.cpp
     1>d:\mahesh mahajan\assignments\c++\createprocess_sample\createprocess_sample\createprocess_sample.cpp(28): warning C4996: 'strcpy': This function or variable may be unsafe. Consider using strcpy_s instead. To disable deprecation, use _CRT_SECURE_NO_WARNINGS. See online help for details.
                 c:\program files (x86)\microsoft visual studio 10.0\vc\include\string.h(105) : see declaration of 'strcpy'
     1>d:\mahesh mahajan\assignments\c++\createprocess_sample\createprocess_sample\createprocess_sample.cpp(29): warning C4996: 'strcat': This function or variable may be unsafe. Consider using strcat_s instead. To disable deprecation, use _CRT_SECURE_NO_WARNINGS. See online help for details.
                 c:\program files (x86)\microsoft visual studio 10.0\vc\include\string.h(110) : see declaration of 'strcat'
     1>d:\mahesh mahajan\assignments\c++\createprocess_sample\createprocess_sample\createprocess_sample.cpp(30): warning C4996: 'strcat': This function or variable may be unsafe. Consider using strcat_s instead. To disable deprecation, use _CRT_SECURE_NO_WARNINGS. See online help for details.
                 c:\program files (x86)\microsoft visual studio 10.0\vc\include\string.h(110) : see declaration of 'strcat'
     1>d:\mahesh mahajan\assignments\c++\createprocess_sample\createprocess_sample\createprocess_sample.cpp(55): warning C4996: 'sprintf': This function or variable may be unsafe. Consider using sprintf_s instead. To disable deprecation, use _CRT_SECURE_NO_WARNINGS. See online help for details.
                 c:\program files (x86)\microsoft visual studio 10.0\vc\include\stdio.h(371) : see declaration of 'sprintf'
       Link:
         c:\Program Files (x86)\Microsoft Visual Studio 10.0\VC\bin\link.exe /ERRORREPORT:PROMPT /OUT:"D:\Mahesh Mahajan\Assignments\C++\CreateProcess_sample\Debug\CreateProcess_sample.exe" /INCREMENTAL /NOLOGO kernel32.lib user32.lib gdi32.lib winspool.lib comdlg32.lib advapi32.lib shell32.lib ole32.lib oleaut32.lib uuid.lib odbc32.lib odbccp32.lib /MANIFEST /ManifestFile:"Debug\CreateProcess_sample.exe.intermediate.manifest" /MANIFESTUAC:"level='asInvoker' uiAccess='false'" /DEBUG /PDB:"D:\Mahesh Mahajan\Assignments\C++\CreateProcess_sample\Debug\CreateProcess_sample.pdb" /SUBSYSTEM:CONSOLE /TLBID:1 /DYNAMICBASE /NXCOMPAT /IMPLIB:"D:\Mahesh Mahajan\Assignments\C++\CreateProcess_sample\Debug\CreateProcess_sample.lib" /MACHINE:X86 Debug\CreateProcess_sample.exe.embed.manifest.res
         Debug\CreateProcess_sample.obj
         Debug\stdafx.obj
       Manifest:
         C:\Program Files (x86)\Microsoft SDKs\Windows\v7.0A\bin\mt.exe /nologo /verbose /out:"Debug\CreateProcess_sample.exe.embed.manifest" /manifest Debug\CreateProcess_sample.exe.intermediate.manifest
       LinkEmbedManifest:
         CreateProcess_sample.vcxproj -> D:\Mahesh Mahajan\Assignments\C++\CreateProcess_sample\Debug\CreateProcess_sample.exe
     1>Done Building Project "D:\Mahesh Mahajan\Assignments\C++\CreateProcess_sample\CreateProcess_sample\CreateProcess_sample.vcxproj" (Build target(s)).

Build succeeded.

Time Elapsed 00:00:00.83
