D:\MAHESH MAHAJAN\ASSIGNMENTS\C++\CREATEPROCESS_SAMPLE\CREATEPROCESS_SAMPLE\DEBUG\CREATEPROCESS_SAMPLE.OBJ
D:\MAHESH MAHAJAN\ASSIGNMENTS\C++\CREATEPROCESS_SAMPLE\CREATEPROCESS_SAMPLE\DEBUG\STDAFX.OBJ
D:\MAHESH MAHAJAN\ASSIGNMENTS\C++\CREATEPROCESS_SAMPLE\CREATEPROCESS_SAMPLE\DEBUG\VC100.PDB
D:\MAHESH MAHAJAN\ASSIGNMENTS\C++\CREATEPROCESS_SAMPLE\DEBUG\CREATEPROCESS_SAMPLE.ILK
D:\MAHESH MAHAJAN\ASSIGNMENTS\C++\CREATEPROCESS_SAMPLE\DEBUG\CREATEPROCESS_SAMPLE.EXE
D:\MAHESH MAHAJAN\ASSIGNMENTS\C++\CREATEPROCESS_SAMPLE\CREATEPROCESS_SAMPLE\DEBUG\CREATEPROCESS_SAMPLE.EXE.INTERMEDIATE.MANIFEST
D:\MAHESH MAHAJAN\ASSIGNMENTS\C++\CREATEPROCESS_SAMPLE\DEBUG\CREATEPROCESS_SAMPLE.PDB
D:\MAHESH MAHAJAN\ASSIGNMENTS\C++\CREATEPROCESS_SAMPLE\CREATEPROCESS_SAMPLE\DEBUG\CREATEPROCESS_SAMPLE.EXE.EMBED.MANIFEST
D:\MAHESH MAHAJAN\ASSIGNMENTS\C++\CREATEPROCESS_SAMPLE\CREATEPROCESS_SAMPLE\DEBUG\CREATEPROCESS_SAMPLE.EXE.EMBED.MANIFEST.RES
D:\Mahesh Mahajan\Assignments\C++\CreateProcess_sample\CreateProcess_sample\Debug\CreateProcess_sample.obj
D:\Mahesh Mahajan\Assignments\C++\CreateProcess_sample\CreateProcess_sample\Debug\stdafx.obj
D:\Mahesh Mahajan\Assignments\C++\CreateProcess_sample\CreateProcess_sample\Debug\cl.command.1.tlog
D:\Mahesh Mahajan\Assignments\C++\CreateProcess_sample\CreateProcess_sample\Debug\CL.read.1.tlog
D:\Mahesh Mahajan\Assignments\C++\CreateProcess_sample\CreateProcess_sample\Debug\CL.write.1.tlog
D:\Mahesh Mahajan\Assignments\C++\CreateProcess_sample\CreateProcess_sample\Debug\link-cvtres.read.1.tlog
D:\Mahesh Mahajan\Assignments\C++\CreateProcess_sample\CreateProcess_sample\Debug\link-cvtres.write.1.tlog
D:\Mahesh Mahajan\Assignments\C++\CreateProcess_sample\CreateProcess_sample\Debug\link.7016-cvtres.read.1.tlog
D:\Mahesh Mahajan\Assignments\C++\CreateProcess_sample\CreateProcess_sample\Debug\link.7016-cvtres.write.1.tlog
D:\Mahesh Mahajan\Assignments\C++\CreateProcess_sample\CreateProcess_sample\Debug\link.7016.read.1.tlog
D:\Mahesh Mahajan\Assignments\C++\CreateProcess_sample\CreateProcess_sample\Debug\link.7016.write.1.tlog
D:\Mahesh Mahajan\Assignments\C++\CreateProcess_sample\CreateProcess_sample\Debug\link.command.1.tlog
D:\Mahesh Mahajan\Assignments\C++\CreateProcess_sample\CreateProcess_sample\Debug\link.read.1.tlog
D:\Mahesh Mahajan\Assignments\C++\CreateProcess_sample\CreateProcess_sample\Debug\link.write.1.tlog
D:\Mahesh Mahajan\Assignments\C++\CreateProcess_sample\CreateProcess_sample\Debug\mt.command.1.tlog
D:\Mahesh Mahajan\Assignments\C++\CreateProcess_sample\CreateProcess_sample\Debug\mt.read.1.tlog
D:\Mahesh Mahajan\Assignments\C++\CreateProcess_sample\CreateProcess_sample\Debug\mt.write.1.tlog
D:\Mahesh Mahajan\Assignments\C++\CreateProcess_sample\CreateProcess_sample\Debug\rc.command.1.tlog
D:\Mahesh Mahajan\Assignments\C++\CreateProcess_sample\CreateProcess_sample\Debug\rc.read.1.tlog
D:\Mahesh Mahajan\Assignments\C++\CreateProcess_sample\CreateProcess_sample\Debug\rc.write.1.tlog
D:\Mahesh Mahajan\Assignments\C++\CreateProcess_sample\CreateProcess_sample\Debug\CreateProcess_sample.exe.embed.manifest
D:\Mahesh Mahajan\Assignments\C++\CreateProcess_sample\CreateProcess_sample\Debug\CreateProcess_sample.exe.intermediate.manifest
D:\Mahesh Mahajan\Assignments\C++\CreateProcess_sample\CreateProcess_sample\Debug\CreateProcess_sample.exe.embed.manifest.res
D:\Mahesh Mahajan\Assignments\C++\CreateProcess_sample\CreateProcess_sample\Debug\vc100.idb
D:\Mahesh Mahajan\Assignments\C++\CreateProcess_sample\CreateProcess_sample\Debug\vc100.pdb
D:\Mahesh Mahajan\Assignments\C++\CreateProcess_sample\CreateProcess_sample\Debug\CreateProcess_sample_manifest.rc
D:\Mahesh Mahajan\Assignments\C++\CreateProcess_sample\Debug\CreateProcess_sample.pdb
D:\Mahesh Mahajan\Assignments\C++\CreateProcess_sample\Debug\CreateProcess_sample.exe
D:\Mahesh Mahajan\Assignments\C++\CreateProcess_sample\Debug\CreateProcess_sample.ilk
