D:\MAHESH MAHAJAN\ASSIGNMENTS\C++\GETZONEMAPPING\DEBUG\GETZONEMAPPING.EXE
D:\MAHESH MAHAJAN\ASSIGNMENTS\C++\GETZONEMAPPING\DEBUG\GETZONEMAPPING.ILK
D:\MAHESH MAHAJAN\ASSIGNMENTS\C++\GETZONEMAPPING\DEBUG\GETZONEMAPPING.PDB
D:\Mahesh Mahajan\Assignments\C++\getZoneMapping\getZoneMapping\Debug\cl.command.1.tlog
D:\Mahesh Mahajan\Assignments\C++\getZoneMapping\getZoneMapping\Debug\CL.read.1.tlog
D:\Mahesh Mahajan\Assignments\C++\getZoneMapping\getZoneMapping\Debug\CL.write.1.tlog
D:\MAHESH MAHAJAN\ASSIGNMENTS\C++\GETZONEMAPPING\GETZONEMAPPING\DEBUG\GETZONEMAPPING.EXE.EMBED.MANIFEST
D:\MAHESH MAHAJAN\ASSIGNMENTS\C++\GETZONEMAPPING\GETZONEMAPPING\DEBUG\GETZONEMAPPING.EXE.EMBED.MANIFEST.RES
D:\MAHESH MAHAJAN\ASSIGNMENTS\C++\GETZONEMAPPING\GETZONEMAPPING\DEBUG\GETZONEMAPPING.EXE.INTERMEDIATE.MANIFEST
D:\MAHESH MAHAJAN\ASSIGNMENTS\C++\GETZONEMAPPING\GETZONEMAPPING\DEBUG\GETZONEMAPPING.OBJ
D:\MAHESH MAHAJAN\ASSIGNMENTS\C++\GETZONEMAPPING\GETZONEMAPPING\DEBUG\GETZONEMAPPING.PCH
D:\Mahesh Mahajan\Assignments\C++\getZoneMapping\getZoneMapping\Debug\getZoneMapping_manifest.rc
D:\Mahesh Mahajan\Assignments\C++\getZoneMapping\getZoneMapping\Debug\link.5624.read.1.tlog
D:\Mahesh Mahajan\Assignments\C++\getZoneMapping\getZoneMapping\Debug\link.5624.write.1.tlog
D:\Mahesh Mahajan\Assignments\C++\getZoneMapping\getZoneMapping\Debug\link.5624-cvtres.read.1.tlog
D:\Mahesh Mahajan\Assignments\C++\getZoneMapping\getZoneMapping\Debug\link.5624-cvtres.write.1.tlog
D:\Mahesh Mahajan\Assignments\C++\getZoneMapping\getZoneMapping\Debug\link.command.1.tlog
D:\Mahesh Mahajan\Assignments\C++\getZoneMapping\getZoneMapping\Debug\link.read.1.tlog
D:\Mahesh Mahajan\Assignments\C++\getZoneMapping\getZoneMapping\Debug\link.write.1.tlog
D:\Mahesh Mahajan\Assignments\C++\getZoneMapping\getZoneMapping\Debug\link-cvtres.read.1.tlog
D:\Mahesh Mahajan\Assignments\C++\getZoneMapping\getZoneMapping\Debug\link-cvtres.write.1.tlog
D:\Mahesh Mahajan\Assignments\C++\getZoneMapping\getZoneMapping\Debug\mt.command.1.tlog
D:\Mahesh Mahajan\Assignments\C++\getZoneMapping\getZoneMapping\Debug\mt.read.1.tlog
D:\Mahesh Mahajan\Assignments\C++\getZoneMapping\getZoneMapping\Debug\mt.write.1.tlog
D:\Mahesh Mahajan\Assignments\C++\getZoneMapping\getZoneMapping\Debug\rc.command.1.tlog
D:\Mahesh Mahajan\Assignments\C++\getZoneMapping\getZoneMapping\Debug\rc.read.1.tlog
D:\Mahesh Mahajan\Assignments\C++\getZoneMapping\getZoneMapping\Debug\rc.write.1.tlog
D:\MAHESH MAHAJAN\ASSIGNMENTS\C++\GETZONEMAPPING\GETZONEMAPPING\DEBUG\STDAFX.OBJ
D:\Mahesh Mahajan\Assignments\C++\getZoneMapping\getZoneMapping\Debug\vc100.idb
D:\MAHESH MAHAJAN\ASSIGNMENTS\C++\GETZONEMAPPING\GETZONEMAPPING\DEBUG\VC100.PDB
