Build started 02/05/2015 16:47:55.
     1>Project "D:\Mahesh Mahajan\Assignments\C++\getZoneMapping\getZoneMapping\getZoneMapping.vcxproj" on node 2 (build target(s)).
     1>InitializeBuildStatus:
         Creating "Debug\getZoneMapping.unsuccessfulbuild" because "AlwaysCreate" was specified.
       ClCompile:
         c:\Program Files (x86)\Microsoft Visual Studio 10.0\VC\bin\CL.exe /c /ZI /nologo /W3 /WX- /Od /Oy- /D WIN32 /D _DEBUG /D _CONSOLE /D _UNICODE /D UNICODE /Gm /EHsc /RTC1 /MDd /GS /fp:precise /Zc:wchar_t /Zc:forScope /Yc"StdAfx.h" /Fp"Debug\getZoneMapping.pch" /Fo"Debug\\" /Fd"Debug\vc100.pdb" /Gd /TP /analyze- /errorReport:prompt stdafx.cpp
         stdafx.cpp
         c:\Program Files (x86)\Microsoft Visual Studio 10.0\VC\bin\CL.exe /c /ZI /nologo /W3 /WX- /Od /Oy- /D WIN32 /D _DEBUG /D _CONSOLE /D _UNICODE /D UNICODE /Gm /EHsc /RTC1 /MDd /GS /fp:precise /Zc:wchar_t /Zc:forScope /Yu"StdAfx.h" /Fp"Debug\getZoneMapping.pch" /Fo"Debug\\" /Fd"Debug\vc100.pdb" /Gd /TP /analyze- /errorReport:prompt getZoneMapping.cpp
         getZoneMapping.cpp
     1>d:\mahesh mahajan\assignments\c++\getzonemapping\getzonemapping\getzonemapping.cpp(28): warning C4101: 'p' : unreferenced local variable
       ManifestResourceCompile:
         C:\Program Files (x86)\Microsoft SDKs\Windows\v7.0A\bin\rc.exe /nologo /fo"Debug\getZoneMapping.exe.embed.manifest.res" Debug\getZoneMapping_manifest.rc 
       Link:
         c:\Program Files (x86)\Microsoft Visual Studio 10.0\VC\bin\link.exe /ERRORREPORT:PROMPT /OUT:"D:\Mahesh Mahajan\Assignments\C++\getZoneMapping\Debug\getZoneMapping.exe" /INCREMENTAL /NOLOGO kernel32.lib user32.lib gdi32.lib winspool.lib comdlg32.lib advapi32.lib shell32.lib ole32.lib oleaut32.lib uuid.lib odbc32.lib odbccp32.lib /MANIFEST /ManifestFile:"Debug\getZoneMapping.exe.intermediate.manifest" /MANIFESTUAC:"level='asInvoker' uiAccess='false'" /DEBUG /PDB:"D:\Mahesh Mahajan\Assignments\C++\getZoneMapping\Debug\getZoneMapping.pdb" /SUBSYSTEM:CONSOLE /TLBID:1 /DYNAMICBASE /NXCOMPAT /IMPLIB:"D:\Mahesh Mahajan\Assignments\C++\getZoneMapping\Debug\getZoneMapping.lib" /MACHINE:X86 Debug\getZoneMapping.exe.embed.manifest.res
         Debug\getZoneMapping.obj
         Debug\stdafx.obj
       Manifest:
         C:\Program Files (x86)\Microsoft SDKs\Windows\v7.0A\bin\mt.exe /nologo /verbose /out:"Debug\getZoneMapping.exe.embed.manifest" /manifest Debug\getZoneMapping.exe.intermediate.manifest
         C:\Program Files (x86)\Microsoft SDKs\Windows\v7.0A\bin\rc.exe /nologo /fo"Debug\getZoneMapping.exe.embed.manifest.res" Debug\getZoneMapping_manifest.rc 
       LinkEmbedManifest:
         c:\Program Files (x86)\Microsoft Visual Studio 10.0\VC\bin\link.exe /ERRORREPORT:PROMPT /OUT:"D:\Mahesh Mahajan\Assignments\C++\getZoneMapping\Debug\getZoneMapping.exe" /INCREMENTAL /NOLOGO kernel32.lib user32.lib gdi32.lib winspool.lib comdlg32.lib advapi32.lib shell32.lib ole32.lib oleaut32.lib uuid.lib odbc32.lib odbccp32.lib /MANIFEST /ManifestFile:"Debug\getZoneMapping.exe.intermediate.manifest" /MANIFESTUAC:"level='asInvoker' uiAccess='false'" /DEBUG /PDB:"D:\Mahesh Mahajan\Assignments\C++\getZoneMapping\Debug\getZoneMapping.pdb" /SUBSYSTEM:CONSOLE /TLBID:1 /DYNAMICBASE /NXCOMPAT /IMPLIB:"D:\Mahesh Mahajan\Assignments\C++\getZoneMapping\Debug\getZoneMapping.lib" /MACHINE:X86 Debug\getZoneMapping.exe.embed.manifest.res
         Debug\getZoneMapping.obj
         Debug\stdafx.obj
         getZoneMapping.vcxproj -> D:\Mahesh Mahajan\Assignments\C++\getZoneMapping\Debug\getZoneMapping.exe
       FinalizeBuildStatus:
         Deleting file "Debug\getZoneMapping.unsuccessfulbuild".
         Touching "Debug\getZoneMapping.lastbuildstate".
     1>Done Building Project "D:\Mahesh Mahajan\Assignments\C++\getZoneMapping\getZoneMapping\getZoneMapping.vcxproj" (build target(s)).

Build succeeded.

Time Elapsed 00:00:02.60
