Build started 05/13/2015 15:35:21.
     1>Project "D:\Mahesh Mahajan\Assignments\C++\ProcessInstanceCount1\ProcessInstanceCount1\ProcessInstanceCount1.vcxproj" on node 2 (Build target(s)).
     1>ClCompile:
         c:\Program Files (x86)\Microsoft Visual Studio 10.0\VC\bin\CL.exe /c /ZI /nologo /W3 /WX- /Od /Oy- /D WIN32 /D _DEBUG /D _CONSOLE /D _UNICODE /D UNICODE /Gm /EHsc /RTC1 /MDd /GS /fp:precise /Zc:wchar_t /Zc:forScope /Fo"Debug\\" /Fd"Debug\vc100.pdb" /Gd /TP /analyze- /errorReport:prompt ProcessInstanceCount1.cpp stdafx.cpp
         stdafx.cpp
         ProcessInstanceCount1.cpp
         Generating Code...
       ManifestResourceCompile:
         C:\Program Files (x86)\Microsoft SDKs\Windows\v7.0A\bin\rc.exe /nologo /fo"Debug\ProcessInstanceCount1.exe.embed.manifest.res" Debug\ProcessInstanceCount1_manifest.rc 
       Link:
         c:\Program Files (x86)\Microsoft Visual Studio 10.0\VC\bin\link.exe /ERRORREPORT:PROMPT /OUT:"D:\Mahesh Mahajan\Assignments\C++\ProcessInstanceCount1\Debug\ProcessInstanceCount1.exe" /INCREMENTAL /NOLOGO kernel32.lib user32.lib gdi32.lib winspool.lib comdlg32.lib advapi32.lib shell32.lib ole32.lib oleaut32.lib uuid.lib odbc32.lib odbccp32.lib /MANIFEST /ManifestFile:"Debug\ProcessInstanceCount1.exe.intermediate.manifest" /MANIFESTUAC:"level='asInvoker' uiAccess='false'" /DEBUG /PDB:"D:\Mahesh Mahajan\Assignments\C++\ProcessInstanceCount1\Debug\ProcessInstanceCount1.pdb" /SUBSYSTEM:CONSOLE /TLBID:1 /DYNAMICBASE /NXCOMPAT /IMPLIB:"D:\Mahesh Mahajan\Assignments\C++\ProcessInstanceCount1\Debug\ProcessInstanceCount1.lib" /MACHINE:X86 Debug\ProcessInstanceCount1.exe.embed.manifest.res
         Debug\ProcessInstanceCount1.obj
         Debug\stdafx.obj
       Manifest:
         C:\Program Files (x86)\Microsoft SDKs\Windows\v7.0A\bin\mt.exe /nologo /verbose /out:"Debug\ProcessInstanceCount1.exe.embed.manifest" /manifest Debug\ProcessInstanceCount1.exe.intermediate.manifest
         C:\Program Files (x86)\Microsoft SDKs\Windows\v7.0A\bin\rc.exe /nologo /fo"Debug\ProcessInstanceCount1.exe.embed.manifest.res" Debug\ProcessInstanceCount1_manifest.rc 
       LinkEmbedManifest:
         c:\Program Files (x86)\Microsoft Visual Studio 10.0\VC\bin\link.exe /ERRORREPORT:PROMPT /OUT:"D:\Mahesh Mahajan\Assignments\C++\ProcessInstanceCount1\Debug\ProcessInstanceCount1.exe" /INCREMENTAL /NOLOGO kernel32.lib user32.lib gdi32.lib winspool.lib comdlg32.lib advapi32.lib shell32.lib ole32.lib oleaut32.lib uuid.lib odbc32.lib odbccp32.lib /MANIFEST /ManifestFile:"Debug\ProcessInstanceCount1.exe.intermediate.manifest" /MANIFESTUAC:"level='asInvoker' uiAccess='false'" /DEBUG /PDB:"D:\Mahesh Mahajan\Assignments\C++\ProcessInstanceCount1\Debug\ProcessInstanceCount1.pdb" /SUBSYSTEM:CONSOLE /TLBID:1 /DYNAMICBASE /NXCOMPAT /IMPLIB:"D:\Mahesh Mahajan\Assignments\C++\ProcessInstanceCount1\Debug\ProcessInstanceCount1.lib" /MACHINE:X86 Debug\ProcessInstanceCount1.exe.embed.manifest.res
         Debug\ProcessInstanceCount1.obj
         Debug\stdafx.obj
         ProcessInstanceCount1.vcxproj -> D:\Mahesh Mahajan\Assignments\C++\ProcessInstanceCount1\Debug\ProcessInstanceCount1.exe
     1>Done Building Project "D:\Mahesh Mahajan\Assignments\C++\ProcessInstanceCount1\ProcessInstanceCount1\ProcessInstanceCount1.vcxproj" (Build target(s)).

Build succeeded.

Time Elapsed 00:00:12.05
