Build started 02/05/2015 13:23:00.
     1>Project "D:\Mahesh Mahajan\Assignments\C++\getTrustedSiteReg\getTrustedSiteReg\getTrustedSiteReg.vcxproj" on node 2 (build target(s)).
     1>InitializeBuildStatus:
         Creating "Debug\getTrustedSiteReg.unsuccessfulbuild" because "AlwaysCreate" was specified.
       ClCompile:
         c:\Program Files (x86)\Microsoft Visual Studio 10.0\VC\bin\CL.exe /c /ZI /nologo /W3 /WX- /Od /Oy- /D WIN32 /D _DEBUG /D _CONSOLE /D _UNICODE /D UNICODE /Gm /EHsc /RTC1 /MDd /GS /fp:precise /Zc:wchar_t /Zc:forScope /Yc"StdAfx.h" /Fp"Debug\getTrustedSiteReg.pch" /Fo"Debug\\" /Fd"Debug\vc100.pdb" /Gd /TP /analyze- /errorReport:prompt stdafx.cpp
         stdafx.cpp
         c:\Program Files (x86)\Microsoft Visual Studio 10.0\VC\bin\CL.exe /c /ZI /nologo /W3 /WX- /Od /Oy- /D WIN32 /D _DEBUG /D _CONSOLE /D _UNICODE /D UNICODE /Gm /EHsc /RTC1 /MDd /GS /fp:precise /Zc:wchar_t /Zc:forScope /Yu"StdAfx.h" /Fp"Debug\getTrustedSiteReg.pch" /Fo"Debug\\" /Fd"Debug\vc100.pdb" /Gd /TP /analyze- /errorReport:prompt getTrustedSiteReg.cpp
         getTrustedSiteReg.cpp
     1>d:\mahesh mahajan\assignments\c++\gettrustedsitereg\gettrustedsitereg\gettrustedsitereg.cpp(44): warning C4996: 'wcscpy': This function or variable may be unsafe. Consider using wcscpy_s instead. To disable deprecation, use _CRT_SECURE_NO_WARNINGS. See online help for details.
                 c:\program files (x86)\microsoft visual studio 10.0\vc\include\wchar.h(988) : see declaration of 'wcscpy'
     1>d:\mahesh mahajan\assignments\c++\gettrustedsitereg\gettrustedsitereg\gettrustedsitereg.cpp(61): warning C4996: 'wcscpy': This function or variable may be unsafe. Consider using wcscpy_s instead. To disable deprecation, use _CRT_SECURE_NO_WARNINGS. See online help for details.
                 c:\program files (x86)\microsoft visual studio 10.0\vc\include\wchar.h(988) : see declaration of 'wcscpy'
     1>d:\mahesh mahajan\assignments\c++\gettrustedsitereg\gettrustedsitereg\gettrustedsitereg.cpp(62): warning C4996: 'wcscat': This function or variable may be unsafe. Consider using wcscat_s instead. To disable deprecation, use _CRT_SECURE_NO_WARNINGS. See online help for details.
                 c:\program files (x86)\microsoft visual studio 10.0\vc\include\wchar.h(981) : see declaration of 'wcscat'
     1>d:\mahesh mahajan\assignments\c++\gettrustedsitereg\gettrustedsitereg\gettrustedsitereg.cpp(63): warning C4996: 'wcscat': This function or variable may be unsafe. Consider using wcscat_s instead. To disable deprecation, use _CRT_SECURE_NO_WARNINGS. See online help for details.
                 c:\program files (x86)\microsoft visual studio 10.0\vc\include\wchar.h(981) : see declaration of 'wcscat'
     1>d:\mahesh mahajan\assignments\c++\gettrustedsitereg\gettrustedsitereg\gettrustedsitereg.cpp(24): warning C4101: 'reg2' : unreferenced local variable
     1>d:\mahesh mahajan\assignments\c++\gettrustedsitereg\gettrustedsitereg\gettrustedsitereg.cpp(143): warning C4996: 'wcscpy': This function or variable may be unsafe. Consider using wcscpy_s instead. To disable deprecation, use _CRT_SECURE_NO_WARNINGS. See online help for details.
                 c:\program files (x86)\microsoft visual studio 10.0\vc\include\wchar.h(988) : see declaration of 'wcscpy'
       ManifestResourceCompile:
         C:\Program Files (x86)\Microsoft SDKs\Windows\v7.0A\bin\rc.exe /nologo /fo"Debug\getTrustedSiteReg.exe.embed.manifest.res" Debug\getTrustedSiteReg_manifest.rc 
       Link:
         c:\Program Files (x86)\Microsoft Visual Studio 10.0\VC\bin\link.exe /ERRORREPORT:PROMPT /OUT:"D:\Mahesh Mahajan\Assignments\C++\getTrustedSiteReg\Debug\getTrustedSiteReg.exe" /INCREMENTAL /NOLOGO kernel32.lib user32.lib gdi32.lib winspool.lib comdlg32.lib advapi32.lib shell32.lib ole32.lib oleaut32.lib uuid.lib odbc32.lib odbccp32.lib /MANIFEST /ManifestFile:"Debug\getTrustedSiteReg.exe.intermediate.manifest" /MANIFESTUAC:"level='asInvoker' uiAccess='false'" /DEBUG /PDB:"D:\Mahesh Mahajan\Assignments\C++\getTrustedSiteReg\Debug\getTrustedSiteReg.pdb" /SUBSYSTEM:CONSOLE /TLBID:1 /DYNAMICBASE /NXCOMPAT /IMPLIB:"D:\Mahesh Mahajan\Assignments\C++\getTrustedSiteReg\Debug\getTrustedSiteReg.lib" /MACHINE:X86 Debug\getTrustedSiteReg.exe.embed.manifest.res
         Debug\getTrustedSiteReg.obj
         Debug\stdafx.obj
       Manifest:
         C:\Program Files (x86)\Microsoft SDKs\Windows\v7.0A\bin\mt.exe /nologo /verbose /out:"Debug\getTrustedSiteReg.exe.embed.manifest" /manifest Debug\getTrustedSiteReg.exe.intermediate.manifest
         C:\Program Files (x86)\Microsoft SDKs\Windows\v7.0A\bin\rc.exe /nologo /fo"Debug\getTrustedSiteReg.exe.embed.manifest.res" Debug\getTrustedSiteReg_manifest.rc 
       LinkEmbedManifest:
         c:\Program Files (x86)\Microsoft Visual Studio 10.0\VC\bin\link.exe /ERRORREPORT:PROMPT /OUT:"D:\Mahesh Mahajan\Assignments\C++\getTrustedSiteReg\Debug\getTrustedSiteReg.exe" /INCREMENTAL /NOLOGO kernel32.lib user32.lib gdi32.lib winspool.lib comdlg32.lib advapi32.lib shell32.lib ole32.lib oleaut32.lib uuid.lib odbc32.lib odbccp32.lib /MANIFEST /ManifestFile:"Debug\getTrustedSiteReg.exe.intermediate.manifest" /MANIFESTUAC:"level='asInvoker' uiAccess='false'" /DEBUG /PDB:"D:\Mahesh Mahajan\Assignments\C++\getTrustedSiteReg\Debug\getTrustedSiteReg.pdb" /SUBSYSTEM:CONSOLE /TLBID:1 /DYNAMICBASE /NXCOMPAT /IMPLIB:"D:\Mahesh Mahajan\Assignments\C++\getTrustedSiteReg\Debug\getTrustedSiteReg.lib" /MACHINE:X86 Debug\getTrustedSiteReg.exe.embed.manifest.res
         Debug\getTrustedSiteReg.obj
         Debug\stdafx.obj
         getTrustedSiteReg.vcxproj -> D:\Mahesh Mahajan\Assignments\C++\getTrustedSiteReg\Debug\getTrustedSiteReg.exe
       FinalizeBuildStatus:
         Deleting file "Debug\getTrustedSiteReg.unsuccessfulbuild".
         Touching "Debug\getTrustedSiteReg.lastbuildstate".
     1>Done Building Project "D:\Mahesh Mahajan\Assignments\C++\getTrustedSiteReg\getTrustedSiteReg\getTrustedSiteReg.vcxproj" (build target(s)).

Build succeeded.

Time Elapsed 00:00:01.56
