D:\MAHESH MAHAJAN\ASSIGNMENTS\C++\GETTRUSTEDSITEREG\DEBUG\GETTRUSTEDSITEREG.EXE
D:\MAHESH MAHAJAN\ASSIGNMENTS\C++\GETTRUSTEDSITEREG\DEBUG\GETTRUSTEDSITEREG.ILK
D:\MAHESH MAHAJAN\ASSIGNMENTS\C++\GETTRUSTEDSITEREG\DEBUG\GETTRUSTEDSITEREG.PDB
D:\Mahesh Mahajan\Assignments\C++\getTrustedSiteReg\getTrustedSiteReg\Debug\cl.command.1.tlog
D:\Mahesh Mahajan\Assignments\C++\getTrustedSiteReg\getTrustedSiteReg\Debug\CL.read.1.tlog
D:\Mahesh Mahajan\Assignments\C++\getTrustedSiteReg\getTrustedSiteReg\Debug\CL.write.1.tlog
D:\MAHESH MAHAJAN\ASSIGNMENTS\C++\GETTRUSTEDSITEREG\GETTRUSTEDSITEREG\DEBUG\GETTRUSTEDSITEREG.EXE.EMBED.MANIFEST
D:\MAHESH MAHAJAN\ASSIGNMENTS\C++\GETTRUSTEDSITEREG\GETTRUSTEDSITEREG\DEBUG\GETTRUSTEDSITEREG.EXE.EMBED.MANIFEST.RES
D:\MAHESH MAHAJAN\ASSIGNMENTS\C++\GETTRUSTEDSITEREG\GETTRUSTEDSITEREG\DEBUG\GETTRUSTEDSITEREG.EXE.INTERMEDIATE.MANIFEST
D:\MAHESH MAHAJAN\ASSIGNMENTS\C++\GETTRUSTEDSITEREG\GETTRUSTEDSITEREG\DEBUG\GETTRUSTEDSITEREG.OBJ
D:\MAHESH MAHAJAN\ASSIGNMENTS\C++\GETTRUSTEDSITEREG\GETTRUSTEDSITEREG\DEBUG\GETTRUSTEDSITEREG.PCH
D:\Mahesh Mahajan\Assignments\C++\getTrustedSiteReg\getTrustedSiteReg\Debug\getTrustedSiteReg_manifest.rc
D:\Mahesh Mahajan\Assignments\C++\getTrustedSiteReg\getTrustedSiteReg\Debug\link.6044.read.1.tlog
D:\Mahesh Mahajan\Assignments\C++\getTrustedSiteReg\getTrustedSiteReg\Debug\link.6044.write.1.tlog
D:\Mahesh Mahajan\Assignments\C++\getTrustedSiteReg\getTrustedSiteReg\Debug\link.6044-cvtres.read.1.tlog
D:\Mahesh Mahajan\Assignments\C++\getTrustedSiteReg\getTrustedSiteReg\Debug\link.6044-cvtres.write.1.tlog
D:\Mahesh Mahajan\Assignments\C++\getTrustedSiteReg\getTrustedSiteReg\Debug\link.command.1.tlog
D:\Mahesh Mahajan\Assignments\C++\getTrustedSiteReg\getTrustedSiteReg\Debug\link.read.1.tlog
D:\Mahesh Mahajan\Assignments\C++\getTrustedSiteReg\getTrustedSiteReg\Debug\link.write.1.tlog
D:\Mahesh Mahajan\Assignments\C++\getTrustedSiteReg\getTrustedSiteReg\Debug\link-cvtres.read.1.tlog
D:\Mahesh Mahajan\Assignments\C++\getTrustedSiteReg\getTrustedSiteReg\Debug\link-cvtres.write.1.tlog
D:\Mahesh Mahajan\Assignments\C++\getTrustedSiteReg\getTrustedSiteReg\Debug\mt.command.1.tlog
D:\Mahesh Mahajan\Assignments\C++\getTrustedSiteReg\getTrustedSiteReg\Debug\mt.read.1.tlog
D:\Mahesh Mahajan\Assignments\C++\getTrustedSiteReg\getTrustedSiteReg\Debug\mt.write.1.tlog
D:\Mahesh Mahajan\Assignments\C++\getTrustedSiteReg\getTrustedSiteReg\Debug\rc.command.1.tlog
D:\Mahesh Mahajan\Assignments\C++\getTrustedSiteReg\getTrustedSiteReg\Debug\rc.read.1.tlog
D:\Mahesh Mahajan\Assignments\C++\getTrustedSiteReg\getTrustedSiteReg\Debug\rc.write.1.tlog
D:\MAHESH MAHAJAN\ASSIGNMENTS\C++\GETTRUSTEDSITEREG\GETTRUSTEDSITEREG\DEBUG\STDAFX.OBJ
D:\Mahesh Mahajan\Assignments\C++\getTrustedSiteReg\getTrustedSiteReg\Debug\vc100.idb
D:\MAHESH MAHAJAN\ASSIGNMENTS\C++\GETTRUSTEDSITEREG\GETTRUSTEDSITEREG\DEBUG\VC100.PDB
