Build started 04/07/2016 13:18:39.
     1>Project "C:\Users\mahesh.mahajan\Documents\Visual Studio 2010\Projects\COledateTimeFormat\COledateTimeFormat\COledateTimeFormat.vcxproj" on node 2 (build target(s)).
     1>InitializeBuildStatus:
         Creating "Release\COledateTimeFormat.unsuccessfulbuild" because "AlwaysCreate" was specified.
       ClCompile:
         All outputs are up-to-date.
         c:\Program Files (x86)\Microsoft Visual Studio 10.0\VC\bin\CL.exe /c /Zi /nologo /W3 /WX- /O2 /Oi /Oy- /GL /D WIN32 /D NDEBUG /D _CONSOLE /D _UNICODE /D UNICODE /Gm- /EHsc /MD /GS /Gy /fp:precise /Zc:wchar_t /Zc:forScope /Yu"StdAfx.h" /Fp"Release\COledateTimeFormat.pch" /Fo"Release\\" /Fd"Release\vc100.pdb" /Gd /TP /analyze- /errorReport:prompt COledateTimeFormat.cpp
         COledateTimeFormat.cpp
     1>COledateTimeFormat.cpp(27): warning C4996: 'getch': The POSIX name for this item is deprecated. Instead, use the ISO C++ conformant name: _getch. See online help for details.
                 c:\Program Files (x86)\Microsoft Visual Studio 10.0\VC\include\conio.h(128) : see declaration of 'getch'
       Link:
         c:\Program Files (x86)\Microsoft Visual Studio 10.0\VC\bin\link.exe /ERRORREPORT:PROMPT /OUT:"C:\Users\mahesh.mahajan\Documents\Visual Studio 2010\Projects\COledateTimeFormat\Release\COledateTimeFormat.exe" /INCREMENTAL:NO /NOLOGO kernel32.lib user32.lib gdi32.lib winspool.lib comdlg32.lib advapi32.lib shell32.lib ole32.lib oleaut32.lib uuid.lib odbc32.lib odbccp32.lib /MANIFEST /ManifestFile:"Release\COledateTimeFormat.exe.intermediate.manifest" /MANIFESTUAC:"level='asInvoker' uiAccess='false'" /DEBUG /PDB:"C:\Users\mahesh.mahajan\Documents\Visual Studio 2010\Projects\COledateTimeFormat\Release\COledateTimeFormat.pdb" /SUBSYSTEM:CONSOLE /OPT:REF /OPT:ICF /LTCG /TLBID:1 /DYNAMICBASE /NXCOMPAT /IMPLIB:"C:\Users\mahesh.mahajan\Documents\Visual Studio 2010\Projects\COledateTimeFormat\Release\COledateTimeFormat.lib" /MACHINE:X86 Release\COledateTimeFormat.obj
         Release\stdafx.obj
         Generating code
         Finished generating code
         COledateTimeFormat.vcxproj -> C:\Users\mahesh.mahajan\Documents\Visual Studio 2010\Projects\COledateTimeFormat\Release\COledateTimeFormat.exe
       Manifest:
         C:\Program Files (x86)\Microsoft SDKs\Windows\v7.0A\bin\mt.exe /nologo /verbose /outputresource:"C:\Users\mahesh.mahajan\Documents\Visual Studio 2010\Projects\COledateTimeFormat\Release\COledateTimeFormat.exe;#1" /manifest Release\COledateTimeFormat.exe.intermediate.manifest
       FinalizeBuildStatus:
         Deleting file "Release\COledateTimeFormat.unsuccessfulbuild".
         Touching "Release\COledateTimeFormat.lastbuildstate".
     1>Done Building Project "C:\Users\mahesh.mahajan\Documents\Visual Studio 2010\Projects\COledateTimeFormat\COledateTimeFormat\COledateTimeFormat.vcxproj" (build target(s)).

Build succeeded.

Time Elapsed 00:00:04.76
