D:\MAHESH MAHAJAN\ASSIGNMENTS\C++\GETOSVERSIONINFO\GETOSVERSIONINFO\DEBUG\GETOSVERSIONINFO.OBJ
D:\MAHESH MAHAJAN\ASSIGNMENTS\C++\GETOSVERSIONINFO\GETOSVERSIONINFO\DEBUG\STDAFX.OBJ
D:\MAHESH MAHAJAN\ASSIGNMENTS\C++\GETOSVERSIONINFO\GETOSVERSIONINFO\DEBUG\VC100.PDB
D:\MAHESH MAHAJAN\ASSIGNMENTS\C++\GETOSVERSIONINFO\DEBUG\GETOSVERSIONINFO.ILK
D:\MAHESH MAHAJAN\ASSIGNMENTS\C++\GETOSVERSIONINFO\DEBUG\GETOSVERSIONINFO.EXE
D:\MAHESH MAHAJAN\ASSIGNMENTS\C++\GETOSVERSIONINFO\GETOSVERSIONINFO\DEBUG\GETOSVERSIONINFO.EXE.INTERMEDIATE.MANIFEST
D:\MAHESH MAHAJAN\ASSIGNMENTS\C++\GETOSVERSIONINFO\DEBUG\GETOSVERSIONINFO.PDB
D:\MAHESH MAHAJAN\ASSIGNMENTS\C++\GETOSVERSIONINFO\GETOSVERSIONINFO\DEBUG\GETOSVERSIONINFO.EXE.EMBED.MANIFEST
D:\MAHESH MAHAJAN\ASSIGNMENTS\C++\GETOSVERSIONINFO\GETOSVERSIONINFO\DEBUG\GETOSVERSIONINFO.EXE.EMBED.MANIFEST.RES
D:\Mahesh Mahajan\Assignments\C++\GetOSVersionInfo\GetOSVersionInfo\Debug\GetOSVersionInfo.obj
D:\Mahesh Mahajan\Assignments\C++\GetOSVersionInfo\GetOSVersionInfo\Debug\stdafx.obj
D:\Mahesh Mahajan\Assignments\C++\GetOSVersionInfo\GetOSVersionInfo\Debug\cl.command.1.tlog
D:\Mahesh Mahajan\Assignments\C++\GetOSVersionInfo\GetOSVersionInfo\Debug\CL.read.1.tlog
D:\Mahesh Mahajan\Assignments\C++\GetOSVersionInfo\GetOSVersionInfo\Debug\CL.write.1.tlog
D:\Mahesh Mahajan\Assignments\C++\GetOSVersionInfo\GetOSVersionInfo\Debug\link-cvtres.read.1.tlog
D:\Mahesh Mahajan\Assignments\C++\GetOSVersionInfo\GetOSVersionInfo\Debug\link-cvtres.write.1.tlog
D:\Mahesh Mahajan\Assignments\C++\GetOSVersionInfo\GetOSVersionInfo\Debug\link.4752-cvtres.read.1.tlog
D:\Mahesh Mahajan\Assignments\C++\GetOSVersionInfo\GetOSVersionInfo\Debug\link.4752-cvtres.write.1.tlog
D:\Mahesh Mahajan\Assignments\C++\GetOSVersionInfo\GetOSVersionInfo\Debug\link.4752.read.1.tlog
D:\Mahesh Mahajan\Assignments\C++\GetOSVersionInfo\GetOSVersionInfo\Debug\link.4752.write.1.tlog
D:\Mahesh Mahajan\Assignments\C++\GetOSVersionInfo\GetOSVersionInfo\Debug\link.command.1.tlog
D:\Mahesh Mahajan\Assignments\C++\GetOSVersionInfo\GetOSVersionInfo\Debug\link.read.1.tlog
D:\Mahesh Mahajan\Assignments\C++\GetOSVersionInfo\GetOSVersionInfo\Debug\link.write.1.tlog
D:\Mahesh Mahajan\Assignments\C++\GetOSVersionInfo\GetOSVersionInfo\Debug\mt.command.1.tlog
D:\Mahesh Mahajan\Assignments\C++\GetOSVersionInfo\GetOSVersionInfo\Debug\mt.read.1.tlog
D:\Mahesh Mahajan\Assignments\C++\GetOSVersionInfo\GetOSVersionInfo\Debug\mt.write.1.tlog
D:\Mahesh Mahajan\Assignments\C++\GetOSVersionInfo\GetOSVersionInfo\Debug\rc.command.1.tlog
D:\Mahesh Mahajan\Assignments\C++\GetOSVersionInfo\GetOSVersionInfo\Debug\rc.read.1.tlog
D:\Mahesh Mahajan\Assignments\C++\GetOSVersionInfo\GetOSVersionInfo\Debug\rc.write.1.tlog
D:\Mahesh Mahajan\Assignments\C++\GetOSVersionInfo\GetOSVersionInfo\Debug\GetOSVersionInfo.exe.embed.manifest
D:\Mahesh Mahajan\Assignments\C++\GetOSVersionInfo\GetOSVersionInfo\Debug\GetOSVersionInfo.exe.intermediate.manifest
D:\Mahesh Mahajan\Assignments\C++\GetOSVersionInfo\GetOSVersionInfo\Debug\GetOSVersionInfo.exe.embed.manifest.res
D:\Mahesh Mahajan\Assignments\C++\GetOSVersionInfo\GetOSVersionInfo\Debug\vc100.idb
D:\Mahesh Mahajan\Assignments\C++\GetOSVersionInfo\GetOSVersionInfo\Debug\vc100.pdb
D:\Mahesh Mahajan\Assignments\C++\GetOSVersionInfo\GetOSVersionInfo\Debug\GetOSVersionInfo_manifest.rc
D:\Mahesh Mahajan\Assignments\C++\GetOSVersionInfo\Debug\GetOSVersionInfo.pdb
D:\Mahesh Mahajan\Assignments\C++\GetOSVersionInfo\Debug\GetOSVersionInfo.exe
D:\Mahesh Mahajan\Assignments\C++\GetOSVersionInfo\Debug\GetOSVersionInfo.ilk
