D:\MAHESH MAHAJAN\ASSIGNMENTS\C++\XMLPARSING\XMLPARSING\DEBUG\XMLPARSING.PCH
D:\MAHESH MAHAJAN\ASSIGNMENTS\C++\XMLPARSING\XMLPARSING\DEBUG\STDAFX.OBJ
D:\MAHESH MAHAJAN\ASSIGNMENTS\C++\XMLPARSING\XMLPARSING\DEBUG\VC100.PDB
D:\MAHESH MAHAJAN\ASSIGNMENTS\C++\XMLPARSING\XMLPARSING\DEBUG\XMLPARSING.OBJ
D:\MAHESH MAHAJAN\ASSIGNMENTS\C++\XMLPARSING\DEBUG\XMLPARSING.ILK
D:\MAHESH MAHAJAN\ASSIGNMENTS\C++\XMLPARSING\DEBUG\XMLPARSING.EXE
D:\MAHESH MAHAJAN\ASSIGNMENTS\C++\XMLPARSING\XMLPARSING\DEBUG\XMLPARSING.EXE.INTERMEDIATE.MANIFEST
D:\MAHESH MAHAJAN\ASSIGNMENTS\C++\XMLPARSING\DEBUG\XMLPARSING.PDB
D:\MAHESH MAHAJAN\ASSIGNMENTS\C++\XMLPARSING\XMLPARSING\DEBUG\XMLPARSING.EXE.EMBED.MANIFEST
D:\MAHESH MAHAJAN\ASSIGNMENTS\C++\XMLPARSING\XMLPARSING\DEBUG\XMLPARSING.EXE.EMBED.MANIFEST.RES
D:\Mahesh Mahajan\Assignments\C++\XMLParsing\XMLParsing\Debug\stdafx.obj
D:\Mahesh Mahajan\Assignments\C++\XMLParsing\XMLParsing\Debug\XMLParsing.obj
D:\Mahesh Mahajan\Assignments\C++\XMLParsing\XMLParsing\Debug\cl.command.1.tlog
D:\Mahesh Mahajan\Assignments\C++\XMLParsing\XMLParsing\Debug\CL.read.1.tlog
D:\Mahesh Mahajan\Assignments\C++\XMLParsing\XMLParsing\Debug\CL.write.1.tlog
D:\Mahesh Mahajan\Assignments\C++\XMLParsing\XMLParsing\Debug\link-cvtres.read.1.tlog
D:\Mahesh Mahajan\Assignments\C++\XMLParsing\XMLParsing\Debug\link-cvtres.write.1.tlog
D:\Mahesh Mahajan\Assignments\C++\XMLParsing\XMLParsing\Debug\link.8312-cvtres.read.1.tlog
D:\Mahesh Mahajan\Assignments\C++\XMLParsing\XMLParsing\Debug\link.8312-cvtres.write.1.tlog
D:\Mahesh Mahajan\Assignments\C++\XMLParsing\XMLParsing\Debug\link.8312.read.1.tlog
D:\Mahesh Mahajan\Assignments\C++\XMLParsing\XMLParsing\Debug\link.8312.write.1.tlog
D:\Mahesh Mahajan\Assignments\C++\XMLParsing\XMLParsing\Debug\link.command.1.tlog
D:\Mahesh Mahajan\Assignments\C++\XMLParsing\XMLParsing\Debug\link.read.1.tlog
D:\Mahesh Mahajan\Assignments\C++\XMLParsing\XMLParsing\Debug\link.write.1.tlog
D:\Mahesh Mahajan\Assignments\C++\XMLParsing\XMLParsing\Debug\mt.command.1.tlog
D:\Mahesh Mahajan\Assignments\C++\XMLParsing\XMLParsing\Debug\mt.read.1.tlog
D:\Mahesh Mahajan\Assignments\C++\XMLParsing\XMLParsing\Debug\mt.write.1.tlog
D:\Mahesh Mahajan\Assignments\C++\XMLParsing\XMLParsing\Debug\rc.command.1.tlog
D:\Mahesh Mahajan\Assignments\C++\XMLParsing\XMLParsing\Debug\rc.read.1.tlog
D:\Mahesh Mahajan\Assignments\C++\XMLParsing\XMLParsing\Debug\rc.write.1.tlog
D:\Mahesh Mahajan\Assignments\C++\XMLParsing\XMLParsing\Debug\XMLParsing.exe.embed.manifest
D:\Mahesh Mahajan\Assignments\C++\XMLParsing\XMLParsing\Debug\XMLParsing.exe.intermediate.manifest
D:\Mahesh Mahajan\Assignments\C++\XMLParsing\XMLParsing\Debug\XMLParsing.exe.embed.manifest.res
D:\Mahesh Mahajan\Assignments\C++\XMLParsing\XMLParsing\Debug\XMLParsing.pch
D:\Mahesh Mahajan\Assignments\C++\XMLParsing\XMLParsing\Debug\vc100.idb
D:\Mahesh Mahajan\Assignments\C++\XMLParsing\XMLParsing\Debug\vc100.pdb
D:\Mahesh Mahajan\Assignments\C++\XMLParsing\XMLParsing\Debug\XMLParsing_manifest.rc
D:\Mahesh Mahajan\Assignments\C++\XMLParsing\Debug\XMLParsing.pdb
D:\Mahesh Mahajan\Assignments\C++\XMLParsing\Debug\XMLParsing.exe
D:\Mahesh Mahajan\Assignments\C++\XMLParsing\Debug\XMLParsing.ilk
